

<!DOCTYPE html>
<html>
<head>
<meta charset="UTF-8">
<meta name="viewport" content="width=device-width, initial-scale=1, shrink-to-fit=no">
<title></title>
<link rel="apple-touch-icon" href="https://cdn.jsdelivr.net/gh/extent-framework/extent-github-cdn@b00a2d0486596e73dd7326beacf352c639623a0e/commons/img/logo.png">
<link rel="shortcut icon" href="https://cdn.jsdelivr.net/gh/extent-framework/extent-github-cdn@b00a2d0486596e73dd7326beacf352c639623a0e/commons/img/logo.png">
<link href="https://cdn.jsdelivr.net/gh/extent-framework/extent-github-cdn@d6562a79075e061305ccfdb82f01e5e195e2d307/spark/css/spark-style.css" rel="stylesheet" />
<link href="https://stackpath.bootstrapcdn.com/font-awesome/4.7.0/css/font-awesome.min.css" rel="stylesheet">
<script src="https://cdn.jsdelivr.net/gh/extent-framework/extent-github-cdn@7cc78ce/spark/js/jsontree.js"></script>
<style type="text/css"></style></head><body class="spa bdd-report standard">
  <div class="app">
    <div class="layout">
<div class="header navbar">
<div class="vheader">
<div class="nav-logo">
<a href="#">
<div class="logo" style="background-image: url('https://cdn.jsdelivr.net/gh/extent-framework/extent-github-cdn@b00a2d0486596e73dd7326beacf352c639623a0e/commons/img/logo.png')"></div>
</a>
</div>
<ul class="nav-left">
<li class="search-box">
<a class="search-toggle" href="#">
<i class="search-icon fa fa-search"></i>
<i class="search-icon-close fa fa-close"></i>
</a>
</li>
<li class="search-input"><input id="search-tests" class="form-control" type="text" placeholder="Search..."></li>
</ul>
<ul class="nav-right">
<li class="m-r-10">
<a href="#"><span class="badge badge-primary"></span></a>
</li>
<li class="m-r-10">
<a href="#"><span class="badge badge-primary">Aug 24, 2023 02:05:59 PM</span></a>
</li>
</ul>
</div>
</div><div class="side-nav">
<div class="side-nav-inner">
<ul class="side-nav-menu">
<li class="nav-item dropdown" onclick="toggleView('dashboard-view')">
<a id="nav-dashboard" class="dropdown-toggle" href="#">
<span class="ico"><i class="fa fa-bar-chart"></i></span>
</a>
</li>
<li class="nav-item dropdown" onclick="toggleView('test-view')">
<a id="nav-test" class="dropdown-toggle" href="#">
<span class="ico"><i class="fa fa-list"></i></span>
</a>
</li>
<li class="nav-item dropdown" onclick="toggleView('exception-view')">
<a id="nav-exception" class="dropdown-toggle" href="#">
<span class="ico"><i class="fa fa-bug"></i></span>
</a>
</li>
</ul>
</div>
</div>      <div class="vcontainer">
        <div class="main-content">
<div class="container-fluid p-4 view dashboard-view">
<div class="row">
<div class="col-md-3">
<div class="card"><div class="card-body">
<p class="m-b-0">Started</p>
<h3>Aug 24, 2023 02:05:59 PM</h3>
</div></div>
</div>
<div class="col-md-3">
<div class="card"><div class="card-body">
<p class="m-b-0">Ended</p>
<h3>Aug 24, 2023 02:13:19 PM</h3>
</div></div>
</div>
<div class="col-md-3">
<div class="card"><div class="card-body">
<p class="m-b-0 text-pass">Features Passed</p>
<h3>4</h3>
</div></div>
</div>
<div class="col-md-3">
<div class="card"><div class="card-body">
<p class="m-b-0 text-fail">Features Failed</p>
<h3>3</h3>
</div></div>
</div>
</div>
<div class="row">
<div class="col-md-4">
<div class="card">
<div class="card-header">
<h6 class="card-title">Features</h6>
</div>
<div class="card-body">
<div class="">
<canvas id='parent-analysis' width='115' height='90'></canvas>
</div>
</div>
<div class="card-footer">
<div><small data-tooltip='57%'>
<b>4</b> features passed
</small>
</div>
<div>
<small data-tooltip='42%'><b>3</b> features failed,
<b>0</b> skipped, <b data-tooltip='0%'>0</b> others
</small>
</div>
</div>
</div>
</div>
<div class="col-md-4">
<div class="card">
<div class="card-header">
<h6 class="card-title">Scenarios</h6>
</div>
<div class="card-body">
<div class="">
<canvas id='child-analysis' width='115' height='90'></canvas>
</div>
</div>
<div class="card-footer">
<div><small data-tooltip='75%'><b>30</b> scenarios passed</small></div>
<div>
<small data-tooltip='25%'><b>10</b> scenarios failed,
<b>0</b> skipped, <b data-tooltip='%'>0</b> others
</small>
</div>
</div>
</div>
</div>
<div class="col-md-4">
<div class="card">
<div class="card-header">
<h6 class="card-title">Steps</h6>
</div>
<div class="card-body">
<div class="">
<canvas id='grandchild-analysis' width='115' height='90'></canvas>
</div>
</div>
<div class="card-footer">
<div><small data-tooltip='89%'><b>336</b> steps passed</small></div>
<div>
<small data-tooltip='3%'><b>12</b> steps failed,
<b>27</b> skipped, <b data-tooltip='%'>0</b> others
</small>
</div>
</div>
</div>
</div>
</div>
<div class="row"><div class="col-md-12">
<div class="card"><div class="card-header"><p>Timeline</p></div>
<div class="card-body pt-0"><div>
<canvas id="timeline" height="120"></canvas>
</div></div>
</div>
</div></div>
<script>
var timeline = {
"Home":54.609,"Testing Data Structure page of the DS algo application":35.018,"Testing Data Structure data driven page of the DS algo application":34.588,"Testing Signin page of the DS algo application":37.023,"Testing the Linked list page of the Ds algo application":265.434,"Register":384.243,"Testing the stack page of the Ds algo application":200.913
};
</script>
<div class="row">
<div class="col-lg-6 col-md-12 category-container">
<div class="card">
<div class="card-header"><p>Tags</p></div>
<div class="card-body pb-0 pt-0"><table class="table table-sm table-bordered">
<thead><tr class="bg-gray"><th>Name</th><th>Passed</th><th>Failed</th><th>Skipped</th><th>Others</th><th>Passed %</th></tr></thead><tbody>
<tr>
<td>@Invalid</td>
<td>7</td>
<td>0</td>
<td>0</td>
<td>0</td>
<td>100%</td>
</tr>
<tr>
<td>@pageLaunch</td>
<td>1</td>
<td>5</td>
<td>0</td>
<td>0</td>
<td>16.667%</td>
</tr>
<tr>
<td>@Sanity</td>
<td>3</td>
<td>1</td>
<td>0</td>
<td>0</td>
<td>75%</td>
</tr>
<tr>
<td>@priority01</td>
<td>1</td>
<td>0</td>
<td>0</td>
<td>0</td>
<td>100%</td>
</tr>
<tr>
<td>@Regression</td>
<td>16</td>
<td>0</td>
<td>0</td>
<td>0</td>
<td>100%</td>
</tr>
<tr>
<td>@priority02</td>
<td>1</td>
<td>0</td>
<td>0</td>
<td>0</td>
<td>100%</td>
</tr>
</tbody>
</table></div>
</div>
</div>
<div class="col-lg-6 col-md-12 sysenv-container">
<div class="card">
<div class="card-header"><p>System/Environment</p></div>
<div class="card-body pb-0 pt-0"><table class="table table-sm table-bordered">
<thead><tr class="bg-gray"><th>Name</th><th>Value</th></tr></thead>
<tbody>
<tr>
<td>AppName</td>
<td>{App name}</td>
</tr>
<tr>
<td>user</td>
<td>{User name}</td>
</tr>
<tr>
<td>build</td>
<td>{Build version}</td>
</tr>
</tbody>
</table></div>
</div>
</div>
</div>
</div>
<script>
var statusGroup = {
parentCount: 5,
passParent: 4,
failParent: 3,
warningParent: 0,
skipParent: 0,
childCount: 5,
passChild: 30,
failChild: 10,
warningChild: 0,
skipChild: 0,
infoChild: 0,
grandChildCount: 5,
passGrandChild: 336,
failGrandChild: 12,
warningGrandChild: 0,
skipGrandChild: 27,
infoGrandChild: 0,
eventsCount: 5,
};
</script><div class="test-wrapper row view test-view">
  <div class="test-list">
    <div class="test-list-tools">
<ul class="tools pull-left">
<li><a href="#"><span class="font-size-14">Tests</span></a></li>
</ul>
<ul class="tools text-right">
<li class="dropdown">
<a href="#" class="dropdown-toggle" data-toggle="dropdown"><i class="fa fa-exclamation-circle"></i></a>
<ul id="status-toggle" class="dropdown-menu dropdown-md p-v-0">
<a class="dropdown-item" status="pass" href="#"><span>Pass</span><span class="status success"></span></a>
<a class="dropdown-item" status="fail" href="#"><span>Fail</span><span class="status danger"></span></a>
<div class="dropdown-divider"></div>
<a status="clear" class="dropdown-item" href="#"><span>Clear</span><span class="pull-right"><i class="fa fa-close"></i></span></a>
</ul>
</li>
<li class="dropdown">
<a href="#" class="dropdown-toggle" data-toggle="dropdown"><i class="fa fa-tag"></i></a>
<ul id="tag-toggle" class="dropdown-menu dropdown-md p-v-0">
<a class="dropdown-item" href="#">@Invalid</a><a class="dropdown-item" href="#">@pageLaunch</a><a class="dropdown-item" href="#">@Sanity</a><a class="dropdown-item" href="#">@priority01</a><a class="dropdown-item" href="#">@Regression</a><a class="dropdown-item" href="#">@priority02</a>
</ul>
</li>
</ul>
</div>    <div class="test-list-wrapper scrollable">
      <ul class="test-list-item">
        <li class="test-item"  status="pass" test-id="1"
          author=""
          tag=""
          device="">
          <div class="test-detail">
            <p class="name">Home</p>
            <p class="text-sm">
              <span>2:06:00 PM</span> / <span>00:00:54:609</span>
              <span class="badge pass-bg log float-right">Pass</span>
            </p>
          </div>
          <div class="test-contents d-none">
<div class="detail-head">
<div class="p-v-10">
<div class="info">
<h5 class="test-status text-pass">Home</h5>
<span class='badge badge-success'>08.24.2023 2:06:00 PM</span>
<span class='badge badge-danger'>08.24.2023 2:06:55 PM</span>
<span class='badge badge-default'>00:00:54:609</span>
&middot; <span class='uri-anchor badge badge-default'>#test-id=1</span>
<span class='badge badge-default pointer float-right ml-1 et'><i class="fa fa-chevron-down"></i></span>
<span class='badge badge-default pointer float-right ct'><i class="fa fa-chevron-up"></i></span>
</div>
<div class="m-t-10 m-l-5"></div>
</div>
</div>
<div class="accordion mt-4">
  <div class="card">
    <div class="card-header" role="tab">
      <div class="card-title">
        <div class="node" id="2"><span class="badge log pass-bg mr-2">Pass</span>Click on DataStructure DropDown without login</div>
      </div>
    </div>
        <div class="scenario_outline collapse">
            <div class="card-body l1">
              <div class="card-header">
                <div class="card-title outline-child">
                  <div class="node" id="3"><span class="badge log pass-bg mr-2">Pass</span>Click on DataStructure DropDown without login</div>
                </div>
              </div>
              <div class="card-body mt-3 collapse">
                  <div class="step pass-bg">
                    <span>Given User Launch Chrome browser</span>
      <div>
      </div>
                  </div>
                  <div class="step pass-bg">
                    <span>When User opens URL "https://dsportalapp.herokuapp.com/"</span>
      <div>
      </div>
                  </div>
                  <div class="step pass-bg">
                    <span>And Click on Get Started</span>
      <div>
      </div>
                  </div>
                  <div class="step pass-bg">
                    <span>Then Page Title should be "NumpyNinja"</span>
      <div>
      </div>
                  </div>
                  <div class="step pass-bg">
                    <span>When User click on Data Structure DropDown</span>
      <div>
      </div>
                  </div>
                  <div class="step pass-bg">
                    <span>And User click on "Linked List"</span>
      <div>
      </div>
                  </div>
                  <div class="step pass-bg">
                    <span>Then The user get warning message "You are not logged in"</span>
      <div>
      </div>
                  </div>
              </div>
            </div>
            <div class="card-body l1">
              <div class="card-header">
                <div class="card-title outline-child">
                  <div class="node" id="4"><span class="badge log pass-bg mr-2">Pass</span>Click on DataStructure DropDown without login</div>
                </div>
              </div>
              <div class="card-body mt-3 collapse">
                  <div class="step pass-bg">
                    <span>Given User Launch Chrome browser</span>
      <div>
      </div>
                  </div>
                  <div class="step pass-bg">
                    <span>When User opens URL "https://dsportalapp.herokuapp.com/"</span>
      <div>
      </div>
                  </div>
                  <div class="step pass-bg">
                    <span>And Click on Get Started</span>
      <div>
      </div>
                  </div>
                  <div class="step pass-bg">
                    <span>Then Page Title should be "NumpyNinja"</span>
      <div>
      </div>
                  </div>
                  <div class="step pass-bg">
                    <span>When User click on Data Structure DropDown</span>
      <div>
      </div>
                  </div>
                  <div class="step pass-bg">
                    <span>And User click on "Arrays"</span>
      <div>
      </div>
                  </div>
                  <div class="step pass-bg">
                    <span>Then The user get warning message "You are not logged in"</span>
      <div>
      </div>
                  </div>
              </div>
            </div>
            <div class="card-body l1">
              <div class="card-header">
                <div class="card-title outline-child">
                  <div class="node" id="5"><span class="badge log pass-bg mr-2">Pass</span>Click on DataStructure DropDown without login</div>
                </div>
              </div>
              <div class="card-body mt-3 collapse">
                  <div class="step pass-bg">
                    <span>Given User Launch Chrome browser</span>
      <div>
      </div>
                  </div>
                  <div class="step pass-bg">
                    <span>When User opens URL "https://dsportalapp.herokuapp.com/"</span>
      <div>
      </div>
                  </div>
                  <div class="step pass-bg">
                    <span>And Click on Get Started</span>
      <div>
      </div>
                  </div>
                  <div class="step pass-bg">
                    <span>Then Page Title should be "NumpyNinja"</span>
      <div>
      </div>
                  </div>
                  <div class="step pass-bg">
                    <span>When User click on Data Structure DropDown</span>
      <div>
      </div>
                  </div>
                  <div class="step pass-bg">
                    <span>And User click on "Queue"</span>
      <div>
      </div>
                  </div>
                  <div class="step pass-bg">
                    <span>Then The user get warning message "You are not logged in"</span>
      <div>
      </div>
                  </div>
              </div>
            </div>
            <div class="card-body l1">
              <div class="card-header">
                <div class="card-title outline-child">
                  <div class="node" id="14"><span class="badge log pass-bg mr-2">Pass</span>Click on DataStructure DropDown without login</div>
                </div>
              </div>
              <div class="card-body mt-3 collapse">
                  <div class="step pass-bg">
                    <span>Given User Launch Chrome browser</span>
      <div>
      </div>
                  </div>
                  <div class="step pass-bg">
                    <span>When User opens URL "https://dsportalapp.herokuapp.com/"</span>
      <div>
      </div>
                  </div>
                  <div class="step pass-bg">
                    <span>And Click on Get Started</span>
      <div>
      </div>
                  </div>
                  <div class="step pass-bg">
                    <span>Then Page Title should be "NumpyNinja"</span>
      <div>
      </div>
                  </div>
                  <div class="step pass-bg">
                    <span>When User click on Data Structure DropDown</span>
      <div>
      </div>
                  </div>
                  <div class="step pass-bg">
                    <span>And User click on "Stack"</span>
      <div>
      </div>
                  </div>
                  <div class="step pass-bg">
                    <span>Then The user get warning message "You are not logged in"</span>
      <div>
      </div>
                  </div>
              </div>
            </div>
            <div class="card-body l1">
              <div class="card-header">
                <div class="card-title outline-child">
                  <div class="node" id="123"><span class="badge log pass-bg mr-2">Pass</span>Click on DataStructure DropDown without login</div>
                </div>
              </div>
              <div class="card-body mt-3 collapse">
                  <div class="step pass-bg">
                    <span>Given User Launch Chrome browser</span>
      <div>
      </div>
                  </div>
                  <div class="step pass-bg">
                    <span>When User opens URL "https://dsportalapp.herokuapp.com/"</span>
      <div>
      </div>
                  </div>
                  <div class="step pass-bg">
                    <span>And Click on Get Started</span>
      <div>
      </div>
                  </div>
                  <div class="step pass-bg">
                    <span>Then Page Title should be "NumpyNinja"</span>
      <div>
      </div>
                  </div>
                  <div class="step pass-bg">
                    <span>When User click on Data Structure DropDown</span>
      <div>
      </div>
                  </div>
                  <div class="step pass-bg">
                    <span>And User click on "Tree"</span>
      <div>
      </div>
                  </div>
                  <div class="step pass-bg">
                    <span>Then The user get warning message "You are not logged in"</span>
      <div>
      </div>
                  </div>
              </div>
            </div>
            <div class="card-body l1">
              <div class="card-header">
                <div class="card-title outline-child">
                  <div class="node" id="128"><span class="badge log pass-bg mr-2">Pass</span>Click on DataStructure DropDown without login</div>
                </div>
              </div>
              <div class="card-body mt-3 collapse">
                  <div class="step pass-bg">
                    <span>Given User Launch Chrome browser</span>
      <div>
      </div>
                  </div>
                  <div class="step pass-bg">
                    <span>When User opens URL "https://dsportalapp.herokuapp.com/"</span>
      <div>
      </div>
                  </div>
                  <div class="step pass-bg">
                    <span>And Click on Get Started</span>
      <div>
      </div>
                  </div>
                  <div class="step pass-bg">
                    <span>Then Page Title should be "NumpyNinja"</span>
      <div>
      </div>
                  </div>
                  <div class="step pass-bg">
                    <span>When User click on Data Structure DropDown</span>
      <div>
      </div>
                  </div>
                  <div class="step pass-bg">
                    <span>And User click on "Graph"</span>
      <div>
      </div>
                  </div>
                  <div class="step pass-bg">
                    <span>Then The user get warning message "You are not logged in"</span>
      <div>
      </div>
                  </div>
              </div>
            </div>
        </div>
  </div>
  <div class="card">
    <div class="card-header" role="tab">
      <div class="card-title">
        <div class="node" id="19"><span class="badge log pass-bg mr-2">Pass</span>Click Register</div>
      </div>
    </div>
        <div class="collapse">
          <div class="card-body">
              <div class="step pass-bg" title="com.numpyninja.cluelesscoders.stepdefinitions.Steps.user_launch_chrome_browser()">
                <span>Given User Launch Chrome browser</span>
      <div>
      </div>
              </div>
              <div class="step pass-bg" title="com.numpyninja.cluelesscoders.stepdefinitions.Steps.user_opens_url(java.lang.String)">
                <span>When User opens URL "https://dsportalapp.herokuapp.com/"</span>
      <div>
      </div>
              </div>
              <div class="step pass-bg" title="com.numpyninja.cluelesscoders.stepdefinitions.Steps.click_on_get_started()">
                <span>And Click on Get Started</span>
      <div>
      </div>
              </div>
              <div class="step pass-bg" title="com.numpyninja.cluelesscoders.stepdefinitions.Steps.page_title_should_be(java.lang.String)">
                <span>Then Page Title should be "NumpyNinja"</span>
      <div>
      </div>
              </div>
              <div class="step pass-bg" title="com.numpyninja.cluelesscoders.stepdefinitions.Steps.user_click_on_register_link()">
                <span>When User click on Register link</span>
      <div>
      </div>
              </div>
              <div class="step pass-bg" title="com.numpyninja.cluelesscoders.stepdefinitions.Steps.page_title_should_be(java.lang.String)">
                <span>Then Page Title should be "Registration"</span>
      <div>
      </div>
              </div>
          </div>
        </div>
  </div>
  <div class="card">
    <div class="card-header" role="tab">
      <div class="card-title">
        <div class="node" id="23"><span class="badge log pass-bg mr-2">Pass</span>Click Sign In</div>
      </div>
    </div>
        <div class="collapse">
          <div class="card-body">
              <div class="step pass-bg" title="com.numpyninja.cluelesscoders.stepdefinitions.Steps.user_launch_chrome_browser()">
                <span>Given User Launch Chrome browser</span>
      <div>
      </div>
              </div>
              <div class="step pass-bg" title="com.numpyninja.cluelesscoders.stepdefinitions.Steps.user_opens_url(java.lang.String)">
                <span>When User opens URL "https://dsportalapp.herokuapp.com/"</span>
      <div>
      </div>
              </div>
              <div class="step pass-bg" title="com.numpyninja.cluelesscoders.stepdefinitions.Steps.click_on_get_started()">
                <span>And Click on Get Started</span>
      <div>
      </div>
              </div>
              <div class="step pass-bg" title="com.numpyninja.cluelesscoders.stepdefinitions.Steps.page_title_should_be(java.lang.String)">
                <span>Then Page Title should be "NumpyNinja"</span>
      <div>
      </div>
              </div>
              <div class="step pass-bg" title="com.numpyninja.cluelesscoders.stepdefinitions.Steps.user_click_on_sign_in_link()">
                <span>When User click on Sign in link</span>
      <div>
      </div>
              </div>
              <div class="step pass-bg" title="com.numpyninja.cluelesscoders.stepdefinitions.Steps.page_title_should_be(java.lang.String)">
                <span>Then Page Title should be "Login"</span>
      <div>
      </div>
              </div>
          </div>
        </div>
  </div>
  <div class="card">
    <div class="card-header" role="tab">
      <div class="card-title">
        <div class="node" id="125"><span class="badge log pass-bg mr-2">Pass</span>Click on Get Started of Each DataStructure Section without login</div>
      </div>
    </div>
        <div class="scenario_outline collapse">
            <div class="card-body l1">
              <div class="card-header">
                <div class="card-title outline-child">
                  <div class="node" id="126"><span class="badge log pass-bg mr-2">Pass</span>Click on Get Started of Each DataStructure Section without login</div>
                </div>
              </div>
              <div class="card-body mt-3 collapse">
                  <div class="step pass-bg">
                    <span>Given User Launch Chrome browser</span>
      <div>
      </div>
                  </div>
                  <div class="step pass-bg">
                    <span>When User opens URL "https://dsportalapp.herokuapp.com/"</span>
      <div>
      </div>
                  </div>
                  <div class="step pass-bg">
                    <span>And Click on Get Started</span>
      <div>
      </div>
                  </div>
                  <div class="step pass-bg">
                    <span>Then Page Title should be "NumpyNinja"</span>
      <div>
      </div>
                  </div>
                  <div class="step pass-bg">
                    <span>When User click on Get Started of "data-structures-introduction"</span>
      <div>
      </div>
                  </div>
                  <div class="step pass-bg">
                    <span>Then The user get warning message "You are not logged in"</span>
      <div>
      </div>
                  </div>
              </div>
            </div>
            <div class="card-body l1">
              <div class="card-header">
                <div class="card-title outline-child">
                  <div class="node" id="132"><span class="badge log pass-bg mr-2">Pass</span>Click on Get Started of Each DataStructure Section without login</div>
                </div>
              </div>
              <div class="card-body mt-3 collapse">
                  <div class="step pass-bg">
                    <span>Given User Launch Chrome browser</span>
      <div>
      </div>
                  </div>
                  <div class="step pass-bg">
                    <span>When User opens URL "https://dsportalapp.herokuapp.com/"</span>
      <div>
      </div>
                  </div>
                  <div class="step pass-bg">
                    <span>And Click on Get Started</span>
      <div>
      </div>
                  </div>
                  <div class="step pass-bg">
                    <span>Then Page Title should be "NumpyNinja"</span>
      <div>
      </div>
                  </div>
                  <div class="step pass-bg">
                    <span>When User click on Get Started of "array"</span>
      <div>
      </div>
                  </div>
                  <div class="step pass-bg">
                    <span>Then The user get warning message "You are not logged in"</span>
      <div>
      </div>
                  </div>
              </div>
            </div>
            <div class="card-body l1">
              <div class="card-header">
                <div class="card-title outline-child">
                  <div class="node" id="134"><span class="badge log pass-bg mr-2">Pass</span>Click on Get Started of Each DataStructure Section without login</div>
                </div>
              </div>
              <div class="card-body mt-3 collapse">
                  <div class="step pass-bg">
                    <span>Given User Launch Chrome browser</span>
      <div>
      </div>
                  </div>
                  <div class="step pass-bg">
                    <span>When User opens URL "https://dsportalapp.herokuapp.com/"</span>
      <div>
      </div>
                  </div>
                  <div class="step pass-bg">
                    <span>And Click on Get Started</span>
      <div>
      </div>
                  </div>
                  <div class="step pass-bg">
                    <span>Then Page Title should be "NumpyNinja"</span>
      <div>
      </div>
                  </div>
                  <div class="step pass-bg">
                    <span>When User click on Get Started of "linked-list"</span>
      <div>
      </div>
                  </div>
                  <div class="step pass-bg">
                    <span>Then The user get warning message "You are not logged in"</span>
      <div>
      </div>
                  </div>
              </div>
            </div>
            <div class="card-body l1">
              <div class="card-header">
                <div class="card-title outline-child">
                  <div class="node" id="136"><span class="badge log pass-bg mr-2">Pass</span>Click on Get Started of Each DataStructure Section without login</div>
                </div>
              </div>
              <div class="card-body mt-3 collapse">
                  <div class="step pass-bg">
                    <span>Given User Launch Chrome browser</span>
      <div>
      </div>
                  </div>
                  <div class="step pass-bg">
                    <span>When User opens URL "https://dsportalapp.herokuapp.com/"</span>
      <div>
      </div>
                  </div>
                  <div class="step pass-bg">
                    <span>And Click on Get Started</span>
      <div>
      </div>
                  </div>
                  <div class="step pass-bg">
                    <span>Then Page Title should be "NumpyNinja"</span>
      <div>
      </div>
                  </div>
                  <div class="step pass-bg">
                    <span>When User click on Get Started of "stack"</span>
      <div>
      </div>
                  </div>
                  <div class="step pass-bg">
                    <span>Then The user get warning message "You are not logged in"</span>
      <div>
      </div>
                  </div>
              </div>
            </div>
            <div class="card-body l1">
              <div class="card-header">
                <div class="card-title outline-child">
                  <div class="node" id="140"><span class="badge log pass-bg mr-2">Pass</span>Click on Get Started of Each DataStructure Section without login</div>
                </div>
              </div>
              <div class="card-body mt-3 collapse">
                  <div class="step pass-bg">
                    <span>Given User Launch Chrome browser</span>
      <div>
      </div>
                  </div>
                  <div class="step pass-bg">
                    <span>When User opens URL "https://dsportalapp.herokuapp.com/"</span>
      <div>
      </div>
                  </div>
                  <div class="step pass-bg">
                    <span>And Click on Get Started</span>
      <div>
      </div>
                  </div>
                  <div class="step pass-bg">
                    <span>Then Page Title should be "NumpyNinja"</span>
      <div>
      </div>
                  </div>
                  <div class="step pass-bg">
                    <span>When User click on Get Started of "queue"</span>
      <div>
      </div>
                  </div>
                  <div class="step pass-bg">
                    <span>Then The user get warning message "You are not logged in"</span>
      <div>
      </div>
                  </div>
              </div>
            </div>
            <div class="card-body l1">
              <div class="card-header">
                <div class="card-title outline-child">
                  <div class="node" id="149"><span class="badge log pass-bg mr-2">Pass</span>Click on Get Started of Each DataStructure Section without login</div>
                </div>
              </div>
              <div class="card-body mt-3 collapse">
                  <div class="step pass-bg">
                    <span>Given User Launch Chrome browser</span>
      <div>
      </div>
                  </div>
                  <div class="step pass-bg">
                    <span>When User opens URL "https://dsportalapp.herokuapp.com/"</span>
      <div>
      </div>
                  </div>
                  <div class="step pass-bg">
                    <span>And Click on Get Started</span>
      <div>
      </div>
                  </div>
                  <div class="step pass-bg">
                    <span>Then Page Title should be "NumpyNinja"</span>
      <div>
      </div>
                  </div>
                  <div class="step pass-bg">
                    <span>When User click on Get Started of "tree"</span>
      <div>
      </div>
                  </div>
                  <div class="step pass-bg">
                    <span>Then The user get warning message "You are not logged in"</span>
      <div>
      </div>
                  </div>
              </div>
            </div>
            <div class="card-body l1">
              <div class="card-header">
                <div class="card-title outline-child">
                  <div class="node" id="164"><span class="badge log pass-bg mr-2">Pass</span>Click on Get Started of Each DataStructure Section without login</div>
                </div>
              </div>
              <div class="card-body mt-3 collapse">
                  <div class="step pass-bg">
                    <span>Given User Launch Chrome browser</span>
      <div>
      </div>
                  </div>
                  <div class="step pass-bg">
                    <span>When User opens URL "https://dsportalapp.herokuapp.com/"</span>
      <div>
      </div>
                  </div>
                  <div class="step pass-bg">
                    <span>And Click on Get Started</span>
      <div>
      </div>
                  </div>
                  <div class="step pass-bg">
                    <span>Then Page Title should be "NumpyNinja"</span>
      <div>
      </div>
                  </div>
                  <div class="step pass-bg">
                    <span>When User click on Get Started of "graph"</span>
      <div>
      </div>
                  </div>
                  <div class="step pass-bg">
                    <span>Then The user get warning message "You are not logged in"</span>
      <div>
      </div>
                  </div>
              </div>
            </div>
        </div>
  </div>
</div>
          </div>
        </li>
        <li class="test-item"  status="pass" test-id="6"
          author=""
          tag=""
          device="">
          <div class="test-detail">
            <p class="name">Testing Data Structure page of the DS algo application</p>
            <p class="text-sm">
              <span>2:06:01 PM</span> / <span>00:00:35:018</span>
              <span class="badge pass-bg log float-right">Pass</span>
            </p>
          </div>
          <div class="test-contents d-none">
<div class="detail-head">
<div class="p-v-10">
<div class="info">
<h5 class="test-status text-pass">Testing Data Structure page of the DS algo application</h5>
<span class='badge badge-success'>08.24.2023 2:06:01 PM</span>
<span class='badge badge-danger'>08.24.2023 2:06:36 PM</span>
<span class='badge badge-default'>00:00:35:018</span>
&middot; <span class='uri-anchor badge badge-default'>#test-id=6</span>
<span class='badge badge-default pointer float-right ml-1 et'><i class="fa fa-chevron-down"></i></span>
<span class='badge badge-default pointer float-right ct'><i class="fa fa-chevron-up"></i></span>
</div>
<div class="m-t-10 m-l-5"></div>
</div>
</div>
<div class="accordion mt-4">
  <div class="card">
    <div class="card-header" role="tab">
      <div class="card-title">
        <div class="node" id="7"><span class="badge log pass-bg mr-2">Pass</span>The user is able to navigate to Data Structure introduction page</div>
      </div>
    </div>
        <div class="scenario_outline collapse">
            <div class="card-body l1">
              <div class="card-header">
                <div class="card-title outline-child">
                  <div class="node" id="8"><span class="badge log pass-bg mr-2">Pass</span>The user is able to navigate to Data Structure introduction page</div>
                </div>
              </div>
              <div class="card-body mt-3 collapse">
                  <div class="step pass-bg">
                    <span>Given User Launch Chrome browser</span>
      <div>
      </div>
                  </div>
                  <div class="step pass-bg">
                    <span>When User opens URL "https://dsportalapp.herokuapp.com/"</span>
      <div>
      </div>
                  </div>
                  <div class="step pass-bg">
                    <span>And Click on Get Started</span>
      <div>
      </div>
                  </div>
                  <div class="step pass-bg">
                    <span>Then Page Title should be "NumpyNinja"</span>
      <div>
      </div>
                  </div>
                  <div class="step pass-bg">
                    <span>When User click on Sign in link</span>
      <div>
      </div>
                  </div>
                  <div class="step pass-bg">
                    <span>Then Page Title should be "Login"</span>
      <div>
      </div>
                  </div>
                  <div class="step pass-bg">
                    <span>When The user enter valid "Numpysdet84" and "sdet84batch"</span>
      <div>
      </div>
                  </div>
                  <div class="step pass-bg">
                    <span>Then The user click on login button</span>
      <div>
      </div>
                  </div>
                  <div class="step pass-bg">
                    <span>Given The user should get a message "You are logged in"</span>
      <div>
      </div>
                  </div>
                  <div class="step pass-bg">
                    <span>When User click on Get Started of "data-structures-introduction"</span>
      <div>
      </div>
                  </div>
                  <div class="step pass-bg">
                    <span>Then Page Title should be "Data Structures-Introduction"</span>
      <div>
      </div>
                  </div>
              </div>
            </div>
        </div>
  </div>
  <div class="card">
    <div class="card-header" role="tab">
      <div class="card-title">
        <div class="node" id="9"><span class="badge log pass-bg mr-2">Pass</span>The user is able to navigate to Try Here page</div>
      </div>
    </div>
        <div class="scenario_outline collapse">
            <div class="card-body l1">
              <div class="card-header">
                <div class="card-title outline-child">
                  <div class="node" id="10"><span class="badge log pass-bg mr-2">Pass</span>The user is able to navigate to Try Here page</div>
                </div>
              </div>
              <div class="card-body mt-3 collapse">
                  <div class="step pass-bg">
                    <span>Given User Launch Chrome browser</span>
      <div>
      </div>
                  </div>
                  <div class="step pass-bg">
                    <span>When User opens URL "https://dsportalapp.herokuapp.com/"</span>
      <div>
      </div>
                  </div>
                  <div class="step pass-bg">
                    <span>And Click on Get Started</span>
      <div>
      </div>
                  </div>
                  <div class="step pass-bg">
                    <span>Then Page Title should be "NumpyNinja"</span>
      <div>
      </div>
                  </div>
                  <div class="step pass-bg">
                    <span>When User click on Sign in link</span>
      <div>
      </div>
                  </div>
                  <div class="step pass-bg">
                    <span>Then Page Title should be "Login"</span>
      <div>
      </div>
                  </div>
                  <div class="step pass-bg">
                    <span>When The user enter valid "Numpysdet84" and "sdet84batch"</span>
      <div>
      </div>
                  </div>
                  <div class="step pass-bg">
                    <span>Then The user click on login button</span>
      <div>
      </div>
                  </div>
                  <div class="step pass-bg">
                    <span>Given The user should get a message "You are logged in"</span>
      <div>
      </div>
                  </div>
                  <div class="step pass-bg">
                    <span>When User click on Get Started of "data-structures-introduction"</span>
      <div>
      </div>
                  </div>
                  <div class="step pass-bg">
                    <span>Then Page Title should be "Data Structures-Introduction"</span>
      <div>
      </div>
                  </div>
                  <div class="step pass-bg">
                    <span>When The user clicks Time Complexity link</span>
      <div>
      </div>
                  </div>
                  <div class="step pass-bg">
                    <span>Then Page Title should be "Time Complexity"</span>
      <div>
      </div>
                  </div>
                  <div class="step pass-bg">
                    <span>When The user clicks Try Here button on Time Complexity page</span>
      <div>
      </div>
                  </div>
                  <div class="step pass-bg">
                    <span>Then Page Title should be "Assessment"</span>
      <div>
      </div>
                  </div>
              </div>
            </div>
        </div>
  </div>
  <div class="card">
    <div class="card-header" role="tab">
      <div class="card-title">
        <div class="node" id="12"><span class="badge log pass-bg mr-2">Pass</span>The user is able to navigate to Time Complexity page</div>
      </div>
    </div>
        <div class="scenario_outline collapse">
            <div class="card-body l1">
              <div class="card-header">
                <div class="card-title outline-child">
                  <div class="node" id="13"><span class="badge log pass-bg mr-2">Pass</span>The user is able to navigate to Time Complexity page</div>
                </div>
              </div>
              <div class="card-body mt-3 collapse">
                  <div class="step pass-bg">
                    <span>Given User Launch Chrome browser</span>
      <div>
      </div>
                  </div>
                  <div class="step pass-bg">
                    <span>When User opens URL "https://dsportalapp.herokuapp.com/"</span>
      <div>
      </div>
                  </div>
                  <div class="step pass-bg">
                    <span>And Click on Get Started</span>
      <div>
      </div>
                  </div>
                  <div class="step pass-bg">
                    <span>Then Page Title should be "NumpyNinja"</span>
      <div>
      </div>
                  </div>
                  <div class="step pass-bg">
                    <span>When User click on Sign in link</span>
      <div>
      </div>
                  </div>
                  <div class="step pass-bg">
                    <span>Then Page Title should be "Login"</span>
      <div>
      </div>
                  </div>
                  <div class="step pass-bg">
                    <span>When The user enter valid "Numpysdet84" and "sdet84batch"</span>
      <div>
      </div>
                  </div>
                  <div class="step pass-bg">
                    <span>Then The user click on login button</span>
      <div>
      </div>
                  </div>
                  <div class="step pass-bg">
                    <span>Given The user should get a message "You are logged in"</span>
      <div>
      </div>
                  </div>
                  <div class="step pass-bg">
                    <span>When User click on Get Started of "data-structures-introduction"</span>
      <div>
      </div>
                  </div>
                  <div class="step pass-bg">
                    <span>Then Page Title should be "Data Structures-Introduction"</span>
      <div>
      </div>
                  </div>
                  <div class="step pass-bg">
                    <span>When The user clicks Time Complexity link</span>
      <div>
      </div>
                  </div>
                  <div class="step pass-bg">
                    <span>Then Page Title should be "Time Complexity"</span>
      <div>
      </div>
                  </div>
              </div>
            </div>
        </div>
  </div>
</div>
          </div>
        </li>
        <li class="test-item"  status="pass" test-id="15"
          author=""
          tag=""
          device="">
          <div class="test-detail">
            <p class="name">Testing Data Structure data driven page of the DS algo application</p>
            <p class="text-sm">
              <span>2:06:01 PM</span> / <span>00:00:34:588</span>
              <span class="badge pass-bg log float-right">Pass</span>
            </p>
          </div>
          <div class="test-contents d-none">
<div class="detail-head">
<div class="p-v-10">
<div class="info">
<h5 class="test-status text-pass">Testing Data Structure data driven page of the DS algo application</h5>
<span class='badge badge-success'>08.24.2023 2:06:01 PM</span>
<span class='badge badge-danger'>08.24.2023 2:06:35 PM</span>
<span class='badge badge-default'>00:00:34:588</span>
&middot; <span class='uri-anchor badge badge-default'>#test-id=15</span>
<span class='badge badge-default pointer float-right ml-1 et'><i class="fa fa-chevron-down"></i></span>
<span class='badge badge-default pointer float-right ct'><i class="fa fa-chevron-up"></i></span>
</div>
<div class="m-t-10 m-l-5"></div>
</div>
</div>
<div class="accordion mt-4">
  <div class="card">
    <div class="card-header" role="tab">
      <div class="card-title">
        <div class="node" id="16"><span class="badge log pass-bg mr-2">Pass</span>The user is able run valid code in tryEditor for Time Complexity page</div>
      </div>
    </div>
        <div class="scenario_outline collapse">
            <div class="card-body l1">
              <div class="card-header">
                <div class="card-title outline-child">
                  <div class="node" id="17"><span class="badge log pass-bg mr-2">Pass</span>The user is able run valid code in tryEditor for Time Complexity page</div>
                </div>
              </div>
              <div class="card-body mt-3 collapse">
                  <div class="step pass-bg">
                    <span>Given User Launch Chrome browser</span>
      <div>
      </div>
                  </div>
                  <div class="step pass-bg">
                    <span>When User opens URL "https://dsportalapp.herokuapp.com/"</span>
      <div>
      </div>
                  </div>
                  <div class="step pass-bg">
                    <span>And Click on Get Started</span>
      <div>
      </div>
                  </div>
                  <div class="step pass-bg">
                    <span>Then Page Title should be "NumpyNinja"</span>
      <div>
      </div>
                  </div>
                  <div class="step pass-bg">
                    <span>When User click on Sign in link</span>
      <div>
      </div>
                  </div>
                  <div class="step pass-bg">
                    <span>Then Page Title should be "Login"</span>
      <div>
      </div>
                  </div>
                  <div class="step pass-bg">
                    <span>When The user enter valid "Numpysdet84" and "sdet84batch"</span>
      <div>
      </div>
                  </div>
                  <div class="step pass-bg">
                    <span>Then The user click on login button</span>
      <div>
      </div>
                  </div>
                  <div class="step pass-bg">
                    <span>Given The user should get a message "You are logged in"</span>
      <div>
      </div>
                  </div>
                  <div class="step pass-bg">
                    <span>When User click on Get Started of "data-structures-introduction"</span>
      <div>
      </div>
                  </div>
                  <div class="step pass-bg">
                    <span>Then Page Title should be "Data Structures-Introduction"</span>
      <div>
      </div>
                  </div>
                  <div class="step pass-bg">
                    <span>When The user clicks Time Complexity link</span>
      <div>
      </div>
                  </div>
                  <div class="step pass-bg">
                    <span>Then Page Title should be "Time Complexity"</span>
      <div>
      </div>
                  </div>
                  <div class="step pass-bg">
                    <span>When The user clicks Try Here button on Time Complexity page</span>
      <div>
      </div>
                  </div>
                  <div class="step pass-bg">
                    <span>Then Page Title should be "Assessment"</span>
      <div>
      </div>
                  </div>
                  <div class="step pass-bg">
                    <span>When The user enter python code in tryEditor from sheet "pythonCode" and "0"</span>
      <div>
      </div>
                  </div>
                  <div class="step pass-bg">
                    <span>And The user clicks on run button</span>
      <div>
      </div>
                  </div>
                  <div class="step pass-bg">
                    <span>Then The user should be presented with Run result</span>
      <div>
      </div>
                  </div>
              </div>
            </div>
        </div>
  </div>
</div>
          </div>
        </li>
        <li class="test-item"  status="pass" test-id="168"
          author=""
          tag=""
          device="">
          <div class="test-detail">
            <p class="name">Testing Signin page of the DS algo application</p>
            <p class="text-sm">
              <span>2:06:36 PM</span> / <span>00:00:37:023</span>
              <span class="badge pass-bg log float-right">Pass</span>
            </p>
          </div>
          <div class="test-contents d-none">
<div class="detail-head">
<div class="p-v-10">
<div class="info">
<h5 class="test-status text-pass">Testing Signin page of the DS algo application</h5>
<span class='badge badge-success'>08.24.2023 2:06:36 PM</span>
<span class='badge badge-danger'>08.24.2023 2:07:13 PM</span>
<span class='badge badge-default'>00:00:37:023</span>
&middot; <span class='uri-anchor badge badge-default'>#test-id=168</span>
<span class='badge badge-default pointer float-right ml-1 et'><i class="fa fa-chevron-down"></i></span>
<span class='badge badge-default pointer float-right ct'><i class="fa fa-chevron-up"></i></span>
</div>
<div class="m-t-10 m-l-5"></div>
</div>
</div>
<div class="accordion mt-4">
  <div class="card">
    <div class="card-header" role="tab">
      <div class="card-title">
        <div class="node" id="169"><span class="badge log pass-bg mr-2">Pass</span>Verifying Register link</div>
      </div>
    </div>
        <div class="collapse">
          <div class="card-body">
              <div class="step pass-bg" title="com.numpyninja.cluelesscoders.stepdefinitions.Steps.user_launch_chrome_browser()">
                <span>Given User Launch Chrome browser</span>
      <div>
      </div>
              </div>
              <div class="step pass-bg" title="com.numpyninja.cluelesscoders.stepdefinitions.Steps.user_opens_url(java.lang.String)">
                <span>When User opens URL "https://dsportalapp.herokuapp.com/"</span>
      <div>
      </div>
              </div>
              <div class="step pass-bg" title="com.numpyninja.cluelesscoders.stepdefinitions.Steps.click_on_get_started()">
                <span>And Click on Get Started</span>
      <div>
      </div>
              </div>
              <div class="step pass-bg" title="com.numpyninja.cluelesscoders.stepdefinitions.Steps.page_title_should_be(java.lang.String)">
                <span>Then Page Title should be "NumpyNinja"</span>
      <div>
      </div>
              </div>
              <div class="step pass-bg" title="com.numpyninja.cluelesscoders.stepdefinitions.Steps.user_click_on_sign_in_link()">
                <span>When User click on Sign in link</span>
      <div>
      </div>
              </div>
              <div class="step pass-bg" title="com.numpyninja.cluelesscoders.stepdefinitions.Steps.page_title_should_be(java.lang.String)">
                <span>Then Page Title should be "Login"</span>
      <div>
      </div>
              </div>
              <div class="step pass-bg" title="com.numpyninja.cluelesscoders.stepdefinitions.Steps.the_user_clicks_on_register_link_on_signin_page()">
                <span>When The user clicks on register link on signin page</span>
      <div>
      </div>
              </div>
              <div class="step pass-bg" title="com.numpyninja.cluelesscoders.stepdefinitions.Steps.page_title_should_be(java.lang.String)">
                <span>And Page Title should be "Registration"</span>
      <div>
      </div>
              </div>
          </div>
        </div>
  </div>
  <div class="card">
    <div class="card-header" role="tab">
      <div class="card-title">
        <div class="node" id="213"><span class="badge log pass-bg mr-2">Pass</span>Click Sign In</div>
      </div>
    </div>
        <div class="scenario_outline collapse">
            <div class="card-body l1">
              <div class="card-header">
                <div class="card-title outline-child">
                  <div class="node" id="214"><span class="badge log pass-bg mr-2">Pass</span>Click Sign In</div>
                </div>
              </div>
              <div class="card-body mt-3 collapse">
                  <div class="step pass-bg">
                    <span>Given User Launch Chrome browser</span>
      <div>
      </div>
                  </div>
                  <div class="step pass-bg">
                    <span>When User opens URL "https://dsportalapp.herokuapp.com/"</span>
      <div>
      </div>
                  </div>
                  <div class="step pass-bg">
                    <span>And Click on Get Started</span>
      <div>
      </div>
                  </div>
                  <div class="step pass-bg">
                    <span>Then Page Title should be "NumpyNinja"</span>
      <div>
      </div>
                  </div>
                  <div class="step pass-bg">
                    <span>When User click on Sign in link</span>
      <div>
      </div>
                  </div>
                  <div class="step pass-bg">
                    <span>Then Page Title should be "Login"</span>
      <div>
      </div>
                  </div>
                  <div class="step pass-bg">
                    <span>When The user enter invalid "" and ""</span>
      <div>
      </div>
                  </div>
                  <div class="step pass-bg">
                    <span>And The user click on login button</span>
      <div>
      </div>
                  </div>
                  <div class="step pass-bg">
                    <span>Then The user should get error message "Please fill out this field." below first empty field "" ""</span>
      <div>
      </div>
                  </div>
              </div>
            </div>
            <div class="card-body l1">
              <div class="card-header">
                <div class="card-title outline-child">
                  <div class="node" id="216"><span class="badge log pass-bg mr-2">Pass</span>Click Sign In</div>
                </div>
              </div>
              <div class="card-body mt-3 collapse">
                  <div class="step pass-bg">
                    <span>Given User Launch Chrome browser</span>
      <div>
      </div>
                  </div>
                  <div class="step pass-bg">
                    <span>When User opens URL "https://dsportalapp.herokuapp.com/"</span>
      <div>
      </div>
                  </div>
                  <div class="step pass-bg">
                    <span>And Click on Get Started</span>
      <div>
      </div>
                  </div>
                  <div class="step pass-bg">
                    <span>Then Page Title should be "NumpyNinja"</span>
      <div>
      </div>
                  </div>
                  <div class="step pass-bg">
                    <span>When User click on Sign in link</span>
      <div>
      </div>
                  </div>
                  <div class="step pass-bg">
                    <span>Then Page Title should be "Login"</span>
      <div>
      </div>
                  </div>
                  <div class="step pass-bg">
                    <span>When The user enter invalid "" and "passowrd"</span>
      <div>
      </div>
                  </div>
                  <div class="step pass-bg">
                    <span>And The user click on login button</span>
      <div>
      </div>
                  </div>
                  <div class="step pass-bg">
                    <span>Then The user should get error message "Please fill out this field." below first empty field "" "passowrd"</span>
      <div>
      </div>
                  </div>
              </div>
            </div>
            <div class="card-body l1">
              <div class="card-header">
                <div class="card-title outline-child">
                  <div class="node" id="227"><span class="badge log pass-bg mr-2">Pass</span>Click Sign In</div>
                </div>
              </div>
              <div class="card-body mt-3 collapse">
                  <div class="step pass-bg">
                    <span>Given User Launch Chrome browser</span>
      <div>
      </div>
                  </div>
                  <div class="step pass-bg">
                    <span>When User opens URL "https://dsportalapp.herokuapp.com/"</span>
      <div>
      </div>
                  </div>
                  <div class="step pass-bg">
                    <span>And Click on Get Started</span>
      <div>
      </div>
                  </div>
                  <div class="step pass-bg">
                    <span>Then Page Title should be "NumpyNinja"</span>
      <div>
      </div>
                  </div>
                  <div class="step pass-bg">
                    <span>When User click on Sign in link</span>
      <div>
      </div>
                  </div>
                  <div class="step pass-bg">
                    <span>Then Page Title should be "Login"</span>
      <div>
      </div>
                  </div>
                  <div class="step pass-bg">
                    <span>When The user enter invalid "user" and ""</span>
      <div>
      </div>
                  </div>
                  <div class="step pass-bg">
                    <span>And The user click on login button</span>
      <div>
      </div>
                  </div>
                  <div class="step pass-bg">
                    <span>Then The user should get error message "Please fill out this field." below first empty field "user" ""</span>
      <div>
      </div>
                  </div>
              </div>
            </div>
        </div>
  </div>
  <div class="card">
    <div class="card-header" role="tab">
      <div class="card-title">
        <div class="node" id="229"><span class="badge log pass-bg mr-2">Pass</span>Verifying signout link</div>
      </div>
    </div>
        <div class="collapse">
          <div class="card-body">
              <div class="step pass-bg" title="com.numpyninja.cluelesscoders.stepdefinitions.Steps.user_launch_chrome_browser()">
                <span>Given User Launch Chrome browser</span>
      <div>
      </div>
              </div>
              <div class="step pass-bg" title="com.numpyninja.cluelesscoders.stepdefinitions.Steps.user_opens_url(java.lang.String)">
                <span>When User opens URL "https://dsportalapp.herokuapp.com/"</span>
      <div>
      </div>
              </div>
              <div class="step pass-bg" title="com.numpyninja.cluelesscoders.stepdefinitions.Steps.click_on_get_started()">
                <span>And Click on Get Started</span>
      <div>
      </div>
              </div>
              <div class="step pass-bg" title="com.numpyninja.cluelesscoders.stepdefinitions.Steps.page_title_should_be(java.lang.String)">
                <span>Then Page Title should be "NumpyNinja"</span>
      <div>
      </div>
              </div>
              <div class="step pass-bg" title="com.numpyninja.cluelesscoders.stepdefinitions.Steps.user_click_on_sign_in_link()">
                <span>When User click on Sign in link</span>
      <div>
      </div>
              </div>
              <div class="step pass-bg" title="com.numpyninja.cluelesscoders.stepdefinitions.Steps.page_title_should_be(java.lang.String)">
                <span>Then Page Title should be "Login"</span>
      <div>
      </div>
              </div>
              <div class="step pass-bg" title="com.numpyninja.cluelesscoders.stepdefinitions.Steps.the_user_enter_valid_and(java.lang.String,java.lang.String)">
                <span>When The user enter valid "Numpysdet84" and "sdet84batch"</span>
      <div>
      </div>
              </div>
              <div class="step pass-bg" title="com.numpyninja.cluelesscoders.stepdefinitions.Steps.the_user_click_on_login_button()">
                <span>And The user click on login button</span>
      <div>
      </div>
              </div>
              <div class="step pass-bg" title="com.numpyninja.cluelesscoders.stepdefinitions.Steps.the_user_should_get_a_message(java.lang.String)">
                <span>Then The user should get a message "You are logged in"</span>
      <div>
      </div>
              </div>
              <div class="step pass-bg" title="com.numpyninja.cluelesscoders.stepdefinitions.Steps.the_user_clicks_on_signout_button()">
                <span>When The user clicks on Signout button</span>
      <div>
      </div>
              </div>
              <div class="step pass-bg" title="com.numpyninja.cluelesscoders.stepdefinitions.Steps.the_user_should_get_a_message(java.lang.String)">
                <span>Then The user should get a message "Logged out successfully"</span>
      <div>
      </div>
              </div>
          </div>
        </div>
  </div>
</div>
          </div>
        </li>
        <li class="test-item"  status="fail" test-id="232"
          author=""
          tag=""
          device="">
          <div class="test-detail">
            <p class="name">Testing the Linked list page of the Ds algo application</p>
            <p class="text-sm">
              <span>2:06:46 PM</span> / <span>00:04:25:434</span>
              <span class="badge fail-bg log float-right">Fail</span>
            </p>
          </div>
          <div class="test-contents d-none">
<div class="detail-head">
<div class="p-v-10">
<div class="info">
<h5 class="test-status text-fail">Testing the Linked list page of the Ds algo application</h5>
<span class='badge badge-success'>08.24.2023 2:06:46 PM</span>
<span class='badge badge-danger'>08.24.2023 2:11:11 PM</span>
<span class='badge badge-default'>00:04:25:434</span>
&middot; <span class='uri-anchor badge badge-default'>#test-id=232</span>
<span class='badge badge-default pointer float-right ml-1 et'><i class="fa fa-chevron-down"></i></span>
<span class='badge badge-default pointer float-right ct'><i class="fa fa-chevron-up"></i></span>
</div>
<div class="m-t-10 m-l-5"></div>
</div>
</div>
<div class="accordion mt-4">
  <div class="card">
    <div class="card-header" role="tab">
      <div class="card-title">
        <div class="node" id="233"><span class="badge log fail-bg mr-2">Fail</span>User is able to navigate to Array using dropdown option</div>
          <div class="status-avatar float-right mr-4">
            <i class="fa fa-paperclip"></i>
          </div>
      </div>
    </div>
        <div class="scenario_outline ">
            <div class="card-body l1">
              <div class="card-header">
                <div class="card-title outline-child">
                  <div class="node" id="234"><span class="badge log fail-bg mr-2">Fail</span>User is able to navigate to Array using dropdown option</div>
                    <div class="status-avatar float-right">
                      <i class="fa fa-paperclip"></i>
                    </div>
                </div>
              </div>
              <div class="card-body mt-3 ">
                  <div class="step pass-bg">
                    <span>Given User Launch Chrome browser</span>
      <div>
      </div>
                  </div>
                  <div class="step pass-bg">
                    <span>When User opens URL "https://dsportalapp.herokuapp.com/"</span>
      <div>
      </div>
                  </div>
                  <div class="step pass-bg">
                    <span>And Click on Get Started</span>
      <div>
      </div>
                  </div>
                  <div class="step pass-bg">
                    <span>Then Page Title should be "NumpyNinja"</span>
      <div>
      </div>
                  </div>
                  <div class="step pass-bg">
                    <span>When User click on Sign in link</span>
      <div>
      </div>
                  </div>
                  <div class="step pass-bg">
                    <span>Then Page Title should be "Login"</span>
      <div>
      </div>
                  </div>
                  <div class="step pass-bg">
                    <span>When The user enter invalid "nehasaini09" and "cellphone_09"</span>
      <div>
      </div>
                  </div>
                  <div class="step pass-bg">
                    <span>Then The user click on login button</span>
      <div>
      </div>
                  </div>
                  <div class="step pass-bg">
                    <span>When User click on Data Structure DropDown</span>
      <div>
      </div>
                  </div>
                  <div class="step pass-bg">
                    <span>And User click on "Array"</span>
      <div>
      </div>
                  </div>
                  <div class="step pass-bg">
                    <span>Then Arrays page is displayed</span>
      <div>
      </div>
                  </div>
                  <div class="step fail-bg">
                    <span>When User click on topics covered with "Arrays in Python,Arrays Using List,Basic Operations in Lists,Applications of Array" links</span>
      <div>
        <textarea disabled class="code-block">org.openqa.selenium.ElementNotInteractableException: element not interactable
  (Session info: chrome=115.0.5790.173)
Build info: version: '4.9.0', revision: 'd7057100a6'
System info: os.name: 'Windows 11', os.arch: 'amd64', os.version: '10.0', java.version: '17.0.4.1'
Driver info: org.openqa.selenium.chrome.ChromeDriver
Command: [152034cac2d62d9ea70559da7c626b86, sendKeysToElement {id=DFF48BA4D0B6ED06E1C56CC07F3CD7DF_element_41, value=[Ljava.lang.CharSequence;@3c44371d}]
Capabilities {acceptInsecureCerts: false, browserName: chrome, browserVersion: 115.0.5790.173, chrome: {chromedriverVersion: 114.0.5735.90 (386bc09e8f4f..., userDataDir: C:\Users\cnudr\AppData\Loca...}, goog:chromeOptions: {debuggerAddress: localhost:61874}, networkConnectionEnabled: false, pageLoadStrategy: normal, platformName: WINDOWS, proxy: Proxy(), se:cdp: ws://localhost:61874/devtoo..., se:cdpVersion: 115.0.5790.173, setWindowRect: true, strictFileInteractability: false, timeouts: {implicit: 0, pageLoad: 300000, script: 30000}, unhandledPromptBehavior: dismiss and notify, webauthn:extension:credBlob: true, webauthn:extension:largeBlob: true, webauthn:extension:minPinLength: true, webauthn:extension:prf: true, webauthn:virtualAuthenticators: true}
Element: [[ChromeDriver: chrome on WINDOWS (152034cac2d62d9ea70559da7c626b86)] -> xpath: //div[contains(@class, 'CodeMirror')]/div/textarea]
Session ID: 152034cac2d62d9ea70559da7c626b86
	at java.base/jdk.internal.reflect.NativeConstructorAccessorImpl.newInstance0(Native Method)
	at java.base/jdk.internal.reflect.NativeConstructorAccessorImpl.newInstance(NativeConstructorAccessorImpl.java:77)
	at java.base/jdk.internal.reflect.DelegatingConstructorAccessorImpl.newInstance(DelegatingConstructorAccessorImpl.java:45)
	at java.base/java.lang.reflect.Constructor.newInstanceWithCaller(Constructor.java:499)
	at java.base/java.lang.reflect.Constructor.newInstance(Constructor.java:480)
	at org.openqa.selenium.remote.codec.w3c.W3CHttpResponseCodec.createException(W3CHttpResponseCodec.java:200)
	at org.openqa.selenium.remote.codec.w3c.W3CHttpResponseCodec.decode(W3CHttpResponseCodec.java:133)
	at org.openqa.selenium.remote.codec.w3c.W3CHttpResponseCodec.decode(W3CHttpResponseCodec.java:53)
	at org.openqa.selenium.remote.HttpCommandExecutor.execute(HttpCommandExecutor.java:193)
	at org.openqa.selenium.remote.service.DriverCommandExecutor.invokeExecute(DriverCommandExecutor.java:183)
	at org.openqa.selenium.remote.service.DriverCommandExecutor.execute(DriverCommandExecutor.java:158)
	at org.openqa.selenium.remote.RemoteWebDriver.execute(RemoteWebDriver.java:543)
	at org.openqa.selenium.remote.RemoteWebElement.execute(RemoteWebElement.java:257)
	at org.openqa.selenium.remote.RemoteWebElement.sendKeys(RemoteWebElement.java:113)
	at com.numpyninja.cluelesscoders.pageobjects.StackPage.clickonTopics(StackPage.java:69)
	at com.numpyninja.cluelesscoders.stepdefinitions.Steps.user_click_on_topics_covered_with_links(Steps.java:345)
	at .User click on topics covered with "Arrays in Python,Arrays Using List,Basic Operations in Lists,Applications of Array" links(file:///C:/Users/cnudr/git/dsAlgo/dsalgo-cucumber/./Features/arrays.feature:18)
</textarea>
      
      </div>
                  </div>
                  <div class="step skip-bg">
                    <span>And User click on try here button</span>
      <div>Step skipped
      </div>
                  </div>
                  <div class="step pass-bg">
                    <span>com.numpyninja.cluelesscoders.stepdefinitions.Steps.afterScenario(io.cucumber.java.Scenario)</span>
      <div>User is able to navigate to Array using dropdown option
          <div class="row mb-3"><div class="col-md-3">
<img data-featherlight='../Screenshots/embedded1.png' src="../Screenshots/embedded1.png">
    
    </div></div>
</div>
      <div>
      </div>
                  </div>
              </div>
            </div>
        </div>
  </div>
  <div class="card">
    <div class="card-header" role="tab">
      <div class="card-title">
        <div class="node" id="236"><span class="badge log pass-bg mr-2">Pass</span>User is able to navigate to Array next page</div>
      </div>
    </div>
        <div class="scenario_outline collapse">
            <div class="card-body l1">
              <div class="card-header">
                <div class="card-title outline-child">
                  <div class="node" id="237"><span class="badge log pass-bg mr-2">Pass</span>User is able to navigate to Array next page</div>
                </div>
              </div>
              <div class="card-body mt-3 collapse">
                  <div class="step pass-bg">
                    <span>Given User Launch Chrome browser</span>
      <div>
      </div>
                  </div>
                  <div class="step pass-bg">
                    <span>When User opens URL "https://dsportalapp.herokuapp.com/"</span>
      <div>
      </div>
                  </div>
                  <div class="step pass-bg">
                    <span>And Click on Get Started</span>
      <div>
      </div>
                  </div>
                  <div class="step pass-bg">
                    <span>Then Page Title should be "NumpyNinja"</span>
      <div>
      </div>
                  </div>
                  <div class="step pass-bg">
                    <span>When User click on Sign in link</span>
      <div>
      </div>
                  </div>
                  <div class="step pass-bg">
                    <span>Then Page Title should be "Login"</span>
      <div>
      </div>
                  </div>
                  <div class="step pass-bg">
                    <span>When The user enter invalid "nehasaini09" and "cellphone_09"</span>
      <div>
      </div>
                  </div>
                  <div class="step pass-bg">
                    <span>Then The user click on login button</span>
      <div>
      </div>
                  </div>
                  <div class="step pass-bg">
                    <span>When User click on Data Structure DropDown</span>
      <div>
      </div>
                  </div>
                  <div class="step pass-bg">
                    <span>And User click on "Array"</span>
      <div>
      </div>
                  </div>
                  <div class="step pass-bg">
                    <span>When User clicks on pratice button</span>
      <div>
      </div>
                  </div>
                  <div class="step pass-bg">
                    <span>Then new array page opens</span>
      <div>
      </div>
                  </div>
                  <div class="step pass-bg">
                    <span>When click on topics covered with "Search the array,Max Consecutive Ones,Find Numbers with Even Number of Digits,Squares of  a Sorted Array"</span>
      <div>
      </div>
                  </div>
                  <div class="step pass-bg">
                    <span>Then new page displayed</span>
      <div>
      </div>
                  </div>
              </div>
            </div>
        </div>
  </div>
  <div class="card">
    <div class="card-header" role="tab">
      <div class="card-title">
        <div class="node" id="248"><span class="badge log fail-bg mr-2">Fail</span>User is able to navigate to Linked list using dropdown option</div>
          <div class="status-avatar float-right mr-4">
            <i class="fa fa-paperclip"></i>
          </div>
      </div>
    </div>
        <div class="scenario_outline ">
            <div class="card-body l1">
              <div class="card-header">
                <div class="card-title outline-child">
                  <div class="node" id="249"><span class="badge log fail-bg mr-2">Fail</span>User is able to navigate to Linked list using dropdown option</div>
                    <div class="status-avatar float-right">
                      <i class="fa fa-paperclip"></i>
                    </div>
                </div>
              </div>
              <div class="card-body mt-3 ">
                  <div class="step pass-bg">
                    <span>Given User Launch Chrome browser</span>
      <div>
      </div>
                  </div>
                  <div class="step pass-bg">
                    <span>When User opens URL "https://dsportalapp.herokuapp.com/"</span>
      <div>
      </div>
                  </div>
                  <div class="step pass-bg">
                    <span>And Click on Get Started</span>
      <div>
      </div>
                  </div>
                  <div class="step pass-bg">
                    <span>Then Page Title should be "NumpyNinja"</span>
      <div>
      </div>
                  </div>
                  <div class="step pass-bg">
                    <span>When User click on Sign in link</span>
      <div>
      </div>
                  </div>
                  <div class="step pass-bg">
                    <span>Then Page Title should be "Login"</span>
      <div>
      </div>
                  </div>
                  <div class="step pass-bg">
                    <span>When The user enter invalid "nehasaini09" and "cellphone_09"</span>
      <div>
      </div>
                  </div>
                  <div class="step pass-bg">
                    <span>Then The user click on login button</span>
      <div>
      </div>
                  </div>
                  <div class="step pass-bg">
                    <span>When User click on Data Structure DropDown</span>
      <div>
      </div>
                  </div>
                  <div class="step pass-bg">
                    <span>And User click on "Linked List"</span>
      <div>
      </div>
                  </div>
                  <div class="step pass-bg">
                    <span>Then Linked List page is displayed</span>
      <div>
      </div>
                  </div>
                  <div class="step fail-bg">
                    <span>When User click on topics covered with "Introduction,Creating Linked LIst,Types of Linked List,Implement Linked List in Python,Traversal,Insertion,Deletion" links</span>
      <div>
        <textarea disabled class="code-block">org.openqa.selenium.ElementNotInteractableException: element not interactable
  (Session info: chrome=115.0.5790.173)
Build info: version: '4.9.0', revision: 'd7057100a6'
System info: os.name: 'Windows 11', os.arch: 'amd64', os.version: '10.0', java.version: '17.0.4.1'
Driver info: org.openqa.selenium.chrome.ChromeDriver
Command: [12ce16d0163a522371394f15aca8676d, sendKeysToElement {id=CAD95D9763B70ABA992B486B4A206C81_element_43, value=[Ljava.lang.CharSequence;@2b436a8}]
Capabilities {acceptInsecureCerts: false, browserName: chrome, browserVersion: 115.0.5790.173, chrome: {chromedriverVersion: 114.0.5735.90 (386bc09e8f4f..., userDataDir: C:\Users\cnudr\AppData\Loca...}, goog:chromeOptions: {debuggerAddress: localhost:61966}, networkConnectionEnabled: false, pageLoadStrategy: normal, platformName: WINDOWS, proxy: Proxy(), se:cdp: ws://localhost:61966/devtoo..., se:cdpVersion: 115.0.5790.173, setWindowRect: true, strictFileInteractability: false, timeouts: {implicit: 0, pageLoad: 300000, script: 30000}, unhandledPromptBehavior: dismiss and notify, webauthn:extension:credBlob: true, webauthn:extension:largeBlob: true, webauthn:extension:minPinLength: true, webauthn:extension:prf: true, webauthn:virtualAuthenticators: true}
Element: [[ChromeDriver: chrome on WINDOWS (12ce16d0163a522371394f15aca8676d)] -> xpath: //div[contains(@class, 'CodeMirror')]/div/textarea]
Session ID: 12ce16d0163a522371394f15aca8676d
	at java.base/jdk.internal.reflect.NativeConstructorAccessorImpl.newInstance0(Native Method)
	at java.base/jdk.internal.reflect.NativeConstructorAccessorImpl.newInstance(NativeConstructorAccessorImpl.java:77)
	at java.base/jdk.internal.reflect.DelegatingConstructorAccessorImpl.newInstance(DelegatingConstructorAccessorImpl.java:45)
	at java.base/java.lang.reflect.Constructor.newInstanceWithCaller(Constructor.java:499)
	at java.base/java.lang.reflect.Constructor.newInstance(Constructor.java:480)
	at org.openqa.selenium.remote.codec.w3c.W3CHttpResponseCodec.createException(W3CHttpResponseCodec.java:200)
	at org.openqa.selenium.remote.codec.w3c.W3CHttpResponseCodec.decode(W3CHttpResponseCodec.java:133)
	at org.openqa.selenium.remote.codec.w3c.W3CHttpResponseCodec.decode(W3CHttpResponseCodec.java:53)
	at org.openqa.selenium.remote.HttpCommandExecutor.execute(HttpCommandExecutor.java:193)
	at org.openqa.selenium.remote.service.DriverCommandExecutor.invokeExecute(DriverCommandExecutor.java:183)
	at org.openqa.selenium.remote.service.DriverCommandExecutor.execute(DriverCommandExecutor.java:158)
	at org.openqa.selenium.remote.RemoteWebDriver.execute(RemoteWebDriver.java:543)
	at org.openqa.selenium.remote.RemoteWebElement.execute(RemoteWebElement.java:257)
	at org.openqa.selenium.remote.RemoteWebElement.sendKeys(RemoteWebElement.java:113)
	at com.numpyninja.cluelesscoders.pageobjects.StackPage.clickonTopics(StackPage.java:69)
	at com.numpyninja.cluelesscoders.stepdefinitions.Steps.user_click_on_topics_covered_with_links(Steps.java:345)
	at .User click on topics covered with "Introduction,Creating Linked LIst,Types of Linked List,Implement Linked List in Python,Traversal,Insertion,Deletion" links(file:///C:/Users/cnudr/git/dsAlgo/dsalgo-cucumber/./Features/linkedlist.feature:18)
</textarea>
      
      </div>
                  </div>
                  <div class="step skip-bg">
                    <span>And User click on try here button</span>
      <div>Step skipped
      </div>
                  </div>
                  <div class="step pass-bg">
                    <span>com.numpyninja.cluelesscoders.stepdefinitions.Steps.afterScenario(io.cucumber.java.Scenario)</span>
      <div>User is able to navigate to Linked list using dropdown option
          <div class="row mb-3"><div class="col-md-3">
<img data-featherlight='../Screenshots/embedded3.png' src="../Screenshots/embedded3.png">
    
    </div></div>
</div>
      <div>
      </div>
                  </div>
              </div>
            </div>
        </div>
  </div>
  <div class="card">
    <div class="card-header" role="tab">
      <div class="card-title">
        <div class="node" id="253"><span class="badge log fail-bg mr-2">Fail</span>User is able to navigate to Queue using dropdown option</div>
          <div class="status-avatar float-right mr-4">
            <i class="fa fa-paperclip"></i>
          </div>
      </div>
    </div>
        <div class="scenario_outline ">
            <div class="card-body l1">
              <div class="card-header">
                <div class="card-title outline-child">
                  <div class="node" id="254"><span class="badge log fail-bg mr-2">Fail</span>User is able to navigate to Queue using dropdown option</div>
                    <div class="status-avatar float-right">
                      <i class="fa fa-paperclip"></i>
                    </div>
                </div>
              </div>
              <div class="card-body mt-3 ">
                  <div class="step pass-bg">
                    <span>Given User Launch Chrome browser</span>
      <div>
      </div>
                  </div>
                  <div class="step pass-bg">
                    <span>When User opens URL "https://dsportalapp.herokuapp.com/"</span>
      <div>
      </div>
                  </div>
                  <div class="step pass-bg">
                    <span>And Click on Get Started</span>
      <div>
      </div>
                  </div>
                  <div class="step pass-bg">
                    <span>Then Page Title should be "NumpyNinja"</span>
      <div>
      </div>
                  </div>
                  <div class="step pass-bg">
                    <span>When User click on Sign in link</span>
      <div>
      </div>
                  </div>
                  <div class="step pass-bg">
                    <span>Then Page Title should be "Login"</span>
      <div>
      </div>
                  </div>
                  <div class="step pass-bg">
                    <span>When The user enter invalid "nehasaini09" and "cellphone_09"</span>
      <div>
      </div>
                  </div>
                  <div class="step pass-bg">
                    <span>Then The user click on login button</span>
      <div>
      </div>
                  </div>
                  <div class="step pass-bg">
                    <span>When User click on Data Structure DropDown</span>
      <div>
      </div>
                  </div>
                  <div class="step pass-bg">
                    <span>And User click on "Queue"</span>
      <div>
      </div>
                  </div>
                  <div class="step fail-bg">
                    <span>When User click on topics covered with "Implementation of Queue in Python,Implementation using collections.deque,Implementation using array,Queue Operations" links</span>
      <div>
        <textarea disabled class="code-block">org.openqa.selenium.ElementNotInteractableException: element not interactable
  (Session info: chrome=115.0.5790.173)
Build info: version: '4.9.0', revision: 'd7057100a6'
System info: os.name: 'Windows 11', os.arch: 'amd64', os.version: '10.0', java.version: '17.0.4.1'
Driver info: org.openqa.selenium.chrome.ChromeDriver
Command: [d09fa150313bc2903198e0915f3930f3, sendKeysToElement {id=628F18F8B4D35ADCDF55C16C6701582B_element_41, value=[Ljava.lang.CharSequence;@1f671349}]
Capabilities {acceptInsecureCerts: false, browserName: chrome, browserVersion: 115.0.5790.173, chrome: {chromedriverVersion: 114.0.5735.90 (386bc09e8f4f..., userDataDir: C:\Users\cnudr\AppData\Loca...}, goog:chromeOptions: {debuggerAddress: localhost:62007}, networkConnectionEnabled: false, pageLoadStrategy: normal, platformName: WINDOWS, proxy: Proxy(), se:cdp: ws://localhost:62007/devtoo..., se:cdpVersion: 115.0.5790.173, setWindowRect: true, strictFileInteractability: false, timeouts: {implicit: 0, pageLoad: 300000, script: 30000}, unhandledPromptBehavior: dismiss and notify, webauthn:extension:credBlob: true, webauthn:extension:largeBlob: true, webauthn:extension:minPinLength: true, webauthn:extension:prf: true, webauthn:virtualAuthenticators: true}
Element: [[ChromeDriver: chrome on WINDOWS (d09fa150313bc2903198e0915f3930f3)] -> xpath: //div[contains(@class, 'CodeMirror')]/div/textarea]
Session ID: d09fa150313bc2903198e0915f3930f3
	at java.base/jdk.internal.reflect.NativeConstructorAccessorImpl.newInstance0(Native Method)
	at java.base/jdk.internal.reflect.NativeConstructorAccessorImpl.newInstance(NativeConstructorAccessorImpl.java:77)
	at java.base/jdk.internal.reflect.DelegatingConstructorAccessorImpl.newInstance(DelegatingConstructorAccessorImpl.java:45)
	at java.base/java.lang.reflect.Constructor.newInstanceWithCaller(Constructor.java:499)
	at java.base/java.lang.reflect.Constructor.newInstance(Constructor.java:480)
	at org.openqa.selenium.remote.codec.w3c.W3CHttpResponseCodec.createException(W3CHttpResponseCodec.java:200)
	at org.openqa.selenium.remote.codec.w3c.W3CHttpResponseCodec.decode(W3CHttpResponseCodec.java:133)
	at org.openqa.selenium.remote.codec.w3c.W3CHttpResponseCodec.decode(W3CHttpResponseCodec.java:53)
	at org.openqa.selenium.remote.HttpCommandExecutor.execute(HttpCommandExecutor.java:193)
	at org.openqa.selenium.remote.service.DriverCommandExecutor.invokeExecute(DriverCommandExecutor.java:183)
	at org.openqa.selenium.remote.service.DriverCommandExecutor.execute(DriverCommandExecutor.java:158)
	at org.openqa.selenium.remote.RemoteWebDriver.execute(RemoteWebDriver.java:543)
	at org.openqa.selenium.remote.RemoteWebElement.execute(RemoteWebElement.java:257)
	at org.openqa.selenium.remote.RemoteWebElement.sendKeys(RemoteWebElement.java:113)
	at com.numpyninja.cluelesscoders.pageobjects.StackPage.clickonTopics(StackPage.java:69)
	at com.numpyninja.cluelesscoders.stepdefinitions.Steps.user_click_on_topics_covered_with_links(Steps.java:345)
	at .User click on topics covered with "Implementation of Queue in Python,Implementation using collections.deque,Implementation using array,Queue Operations" links(file:///C:/Users/cnudr/git/dsAlgo/dsalgo-cucumber/./Features/queue.feature:19)
</textarea>
      
      </div>
                  </div>
                  <div class="step skip-bg">
                    <span>And User click on try here button</span>
      <div>Step skipped
      </div>
                  </div>
                  <div class="step pass-bg">
                    <span>com.numpyninja.cluelesscoders.stepdefinitions.Steps.afterScenario(io.cucumber.java.Scenario)</span>
      <div>User is able to navigate to Queue using dropdown option
          <div class="row mb-3"><div class="col-md-3">
<img data-featherlight='../Screenshots/embedded2.png' src="../Screenshots/embedded2.png">
    
    </div></div>
</div>
      <div>
      </div>
                  </div>
              </div>
            </div>
        </div>
  </div>
  <div class="card">
    <div class="card-header" role="tab">
      <div class="card-title">
        <div class="node" id="442"><span class="badge log fail-bg mr-2">Fail</span>User is able to navigate to Tree using dropdown option</div>
          <div class="status-avatar float-right mr-4">
            <i class="fa fa-paperclip"></i>
          </div>
      </div>
    </div>
        <div class="scenario_outline ">
            <div class="card-body l1">
              <div class="card-header">
                <div class="card-title outline-child">
                  <div class="node" id="443"><span class="badge log fail-bg mr-2">Fail</span>User is able to navigate to Tree using dropdown option</div>
                    <div class="status-avatar float-right">
                      <i class="fa fa-paperclip"></i>
                    </div>
                </div>
              </div>
              <div class="card-body mt-3 ">
                  <div class="step pass-bg">
                    <span>Given User Launch Chrome browser</span>
      <div>
      </div>
                  </div>
                  <div class="step pass-bg">
                    <span>When User opens URL "https://dsportalapp.herokuapp.com/"</span>
      <div>
      </div>
                  </div>
                  <div class="step pass-bg">
                    <span>And Click on Get Started</span>
      <div>
      </div>
                  </div>
                  <div class="step pass-bg">
                    <span>Then Page Title should be "NumpyNinja"</span>
      <div>
      </div>
                  </div>
                  <div class="step pass-bg">
                    <span>When User click on Sign in link</span>
      <div>
      </div>
                  </div>
                  <div class="step pass-bg">
                    <span>Then Page Title should be "Login"</span>
      <div>
      </div>
                  </div>
                  <div class="step pass-bg">
                    <span>When The user enter invalid "nehasaini09" and "cellphone_09"</span>
      <div>
      </div>
                  </div>
                  <div class="step pass-bg">
                    <span>Then The user click on login button</span>
      <div>
      </div>
                  </div>
                  <div class="step pass-bg">
                    <span>When User click on Data Structure DropDown</span>
      <div>
      </div>
                  </div>
                  <div class="step pass-bg">
                    <span>And User click on "Tree"</span>
      <div>
      </div>
                  </div>
                  <div class="step fail-bg">
                    <span>When User click on topics covered with "Overview of Trees,Terminologies,Types of Trees,Tree Traversals,Traversals-Illustration,Binary Trees,Types of Binary Trees,Implementation in Python,Binary Tree Traversals,Implementation of Binary Trees,Applications of Binary trees,Binary Search Trees,Implementation Of BST" links</span>
      <div>
        <textarea disabled class="code-block">org.openqa.selenium.ElementNotInteractableException: element not interactable
  (Session info: chrome=115.0.5790.173)
Build info: version: '4.9.0', revision: 'd7057100a6'
System info: os.name: 'Windows 11', os.arch: 'amd64', os.version: '10.0', java.version: '17.0.4.1'
Driver info: org.openqa.selenium.chrome.ChromeDriver
Command: [d687022b2ca37086550e9e102487900c, sendKeysToElement {id=C0F5F850889AEF017388D8DCFCDA75D0_element_248, value=[Ljava.lang.CharSequence;@44d24908}]
Capabilities {acceptInsecureCerts: false, browserName: chrome, browserVersion: 115.0.5790.173, chrome: {chromedriverVersion: 114.0.5735.90 (386bc09e8f4f..., userDataDir: C:\Users\cnudr\AppData\Loca...}, goog:chromeOptions: {debuggerAddress: localhost:62515}, networkConnectionEnabled: false, pageLoadStrategy: normal, platformName: WINDOWS, proxy: Proxy(), se:cdp: ws://localhost:62515/devtoo..., se:cdpVersion: 115.0.5790.173, setWindowRect: true, strictFileInteractability: false, timeouts: {implicit: 0, pageLoad: 300000, script: 30000}, unhandledPromptBehavior: dismiss and notify, webauthn:extension:credBlob: true, webauthn:extension:largeBlob: true, webauthn:extension:minPinLength: true, webauthn:extension:prf: true, webauthn:virtualAuthenticators: true}
Element: [[ChromeDriver: chrome on WINDOWS (d687022b2ca37086550e9e102487900c)] -> xpath: //div[contains(@class, 'CodeMirror')]/div/textarea]
Session ID: d687022b2ca37086550e9e102487900c
	at java.base/jdk.internal.reflect.NativeConstructorAccessorImpl.newInstance0(Native Method)
	at java.base/jdk.internal.reflect.NativeConstructorAccessorImpl.newInstance(NativeConstructorAccessorImpl.java:77)
	at java.base/jdk.internal.reflect.DelegatingConstructorAccessorImpl.newInstance(DelegatingConstructorAccessorImpl.java:45)
	at java.base/java.lang.reflect.Constructor.newInstanceWithCaller(Constructor.java:499)
	at java.base/java.lang.reflect.Constructor.newInstance(Constructor.java:480)
	at org.openqa.selenium.remote.codec.w3c.W3CHttpResponseCodec.createException(W3CHttpResponseCodec.java:200)
	at org.openqa.selenium.remote.codec.w3c.W3CHttpResponseCodec.decode(W3CHttpResponseCodec.java:133)
	at org.openqa.selenium.remote.codec.w3c.W3CHttpResponseCodec.decode(W3CHttpResponseCodec.java:53)
	at org.openqa.selenium.remote.HttpCommandExecutor.execute(HttpCommandExecutor.java:193)
	at org.openqa.selenium.remote.service.DriverCommandExecutor.invokeExecute(DriverCommandExecutor.java:183)
	at org.openqa.selenium.remote.service.DriverCommandExecutor.execute(DriverCommandExecutor.java:158)
	at org.openqa.selenium.remote.RemoteWebDriver.execute(RemoteWebDriver.java:543)
	at org.openqa.selenium.remote.RemoteWebElement.execute(RemoteWebElement.java:257)
	at org.openqa.selenium.remote.RemoteWebElement.sendKeys(RemoteWebElement.java:113)
	at com.numpyninja.cluelesscoders.pageobjects.StackPage.clickonTopics(StackPage.java:69)
	at com.numpyninja.cluelesscoders.stepdefinitions.Steps.user_click_on_topics_covered_with_links(Steps.java:345)
	at .User click on topics covered with "Overview of Trees,Terminologies,Types of Trees,Tree Traversals,Traversals-Illustration,Binary Trees,Types of Binary Trees,Implementation in Python,Binary Tree Traversals,Implementation of Binary Trees,Applications of Binary trees,Binary Search Trees,Implementation Of BST" links(file:///C:/Users/cnudr/git/dsAlgo/dsalgo-cucumber/./Features/tree.feature:19)
</textarea>
      
      </div>
                  </div>
                  <div class="step skip-bg">
                    <span>And User click on try here button</span>
      <div>Step skipped
      </div>
                  </div>
                  <div class="step pass-bg">
                    <span>com.numpyninja.cluelesscoders.stepdefinitions.Steps.afterScenario(io.cucumber.java.Scenario)</span>
      <div>User is able to navigate to Tree using dropdown option
          <div class="row mb-3"><div class="col-md-3">
<img data-featherlight='../Screenshots/embedded8.png' src="../Screenshots/embedded8.png">
    
    </div></div>
</div>
      <div>
      </div>
                  </div>
              </div>
            </div>
        </div>
  </div>
</div>
          </div>
        </li>
        <li class="test-item"  status="fail" test-id="281"
          author=""
          tag=""
          device="">
          <div class="test-detail">
            <p class="name">Register</p>
            <p class="text-sm">
              <span>2:06:54 PM</span> / <span>00:06:24:243</span>
              <span class="badge fail-bg log float-right">Fail</span>
            </p>
          </div>
          <div class="test-contents d-none">
<div class="detail-head">
<div class="p-v-10">
<div class="info">
<h5 class="test-status text-fail">Register</h5>
<span class='badge badge-success'>08.24.2023 2:06:54 PM</span>
<span class='badge badge-danger'>08.24.2023 2:13:19 PM</span>
<span class='badge badge-default'>00:06:24:243</span>
&middot; <span class='uri-anchor badge badge-default'>#test-id=281</span>
<span class='badge badge-default pointer float-right ml-1 et'><i class="fa fa-chevron-down"></i></span>
<span class='badge badge-default pointer float-right ct'><i class="fa fa-chevron-up"></i></span>
</div>
<div class="m-t-10 m-l-5"></div>
</div>
</div>
<div class="accordion mt-4">
  <div class="card">
    <div class="card-header" role="tab">
      <div class="card-title">
        <div class="node" id="282"><span class="badge log pass-bg mr-2">Pass</span>Check for empty field use case</div>
      </div>
    </div>
        <div class="scenario_outline collapse">
            <div class="card-body l1">
              <div class="card-header">
                <div class="card-title outline-child">
                  <div class="node" id="283"><span class="badge log pass-bg mr-2">Pass</span>Check for empty field use case</div>
                </div>
              </div>
              <div class="card-body mt-3 collapse">
                  <div class="step pass-bg">
                    <span>Given User Launch Chrome browser</span>
      <div>
      </div>
                  </div>
                  <div class="step pass-bg">
                    <span>When User opens URL "https://dsportalapp.herokuapp.com/"</span>
      <div>
      </div>
                  </div>
                  <div class="step pass-bg">
                    <span>And Click on Get Started</span>
      <div>
      </div>
                  </div>
                  <div class="step pass-bg">
                    <span>Then Page Title should be "NumpyNinja"</span>
      <div>
      </div>
                  </div>
                  <div class="step pass-bg">
                    <span>When User click on Register link</span>
      <div>
      </div>
                  </div>
                  <div class="step pass-bg">
                    <span>Then Page Title should be "Registration"</span>
      <div>
      </div>
                  </div>
                  <div class="step pass-bg">
                    <span>When User enters Username as "" , Password as "" and Password confirmation as ""</span>
      <div>
      </div>
                  </div>
                  <div class="step pass-bg">
                    <span>When The user clicks on Register button</span>
      <div>
      </div>
                  </div>
                  <div class="step pass-bg">
                    <span>Then The user should get error message "Please fill out this field." below first empty field "" "" "".</span>
      <div>
      </div>
                  </div>
              </div>
            </div>
            <div class="card-body l1">
              <div class="card-header">
                <div class="card-title outline-child">
                  <div class="node" id="286"><span class="badge log pass-bg mr-2">Pass</span>Check for empty field use case</div>
                </div>
              </div>
              <div class="card-body mt-3 collapse">
                  <div class="step pass-bg">
                    <span>Given User Launch Chrome browser</span>
      <div>
      </div>
                  </div>
                  <div class="step pass-bg">
                    <span>When User opens URL "https://dsportalapp.herokuapp.com/"</span>
      <div>
      </div>
                  </div>
                  <div class="step pass-bg">
                    <span>And Click on Get Started</span>
      <div>
      </div>
                  </div>
                  <div class="step pass-bg">
                    <span>Then Page Title should be "NumpyNinja"</span>
      <div>
      </div>
                  </div>
                  <div class="step pass-bg">
                    <span>When User click on Register link</span>
      <div>
      </div>
                  </div>
                  <div class="step pass-bg">
                    <span>Then Page Title should be "Registration"</span>
      <div>
      </div>
                  </div>
                  <div class="step pass-bg">
                    <span>When User enters Username as "siri1234" , Password as "" and Password confirmation as ""</span>
      <div>
      </div>
                  </div>
                  <div class="step pass-bg">
                    <span>When The user clicks on Register button</span>
      <div>
      </div>
                  </div>
                  <div class="step pass-bg">
                    <span>Then The user should get error message "Please fill out this field." below first empty field "siri1234" "" "".</span>
      <div>
      </div>
                  </div>
              </div>
            </div>
            <div class="card-body l1">
              <div class="card-header">
                <div class="card-title outline-child">
                  <div class="node" id="342"><span class="badge log pass-bg mr-2">Pass</span>Check for empty field use case</div>
                </div>
              </div>
              <div class="card-body mt-3 collapse">
                  <div class="step pass-bg">
                    <span>Given User Launch Chrome browser</span>
      <div>
      </div>
                  </div>
                  <div class="step pass-bg">
                    <span>When User opens URL "https://dsportalapp.herokuapp.com/"</span>
      <div>
      </div>
                  </div>
                  <div class="step pass-bg">
                    <span>And Click on Get Started</span>
      <div>
      </div>
                  </div>
                  <div class="step pass-bg">
                    <span>Then Page Title should be "NumpyNinja"</span>
      <div>
      </div>
                  </div>
                  <div class="step pass-bg">
                    <span>When User click on Register link</span>
      <div>
      </div>
                  </div>
                  <div class="step pass-bg">
                    <span>Then Page Title should be "Registration"</span>
      <div>
      </div>
                  </div>
                  <div class="step pass-bg">
                    <span>When User enters Username as "siri1234" , Password as "Qweert12" and Password confirmation as ""</span>
      <div>
      </div>
                  </div>
                  <div class="step pass-bg">
                    <span>When The user clicks on Register button</span>
      <div>
      </div>
                  </div>
                  <div class="step pass-bg">
                    <span>Then The user should get error message "Please fill out this field." below first empty field "siri1234" "Qweert12" "".</span>
      <div>
      </div>
                  </div>
              </div>
            </div>
            <div class="card-body l1">
              <div class="card-header">
                <div class="card-title outline-child">
                  <div class="node" id="375"><span class="badge log pass-bg mr-2">Pass</span>Check for empty field use case</div>
                </div>
              </div>
              <div class="card-body mt-3 collapse">
                  <div class="step pass-bg">
                    <span>Given User Launch Chrome browser</span>
      <div>
      </div>
                  </div>
                  <div class="step pass-bg">
                    <span>When User opens URL "https://dsportalapp.herokuapp.com/"</span>
      <div>
      </div>
                  </div>
                  <div class="step pass-bg">
                    <span>And Click on Get Started</span>
      <div>
      </div>
                  </div>
                  <div class="step pass-bg">
                    <span>Then Page Title should be "NumpyNinja"</span>
      <div>
      </div>
                  </div>
                  <div class="step pass-bg">
                    <span>When User click on Register link</span>
      <div>
      </div>
                  </div>
                  <div class="step pass-bg">
                    <span>Then Page Title should be "Registration"</span>
      <div>
      </div>
                  </div>
                  <div class="step pass-bg">
                    <span>When User enters Username as "" , Password as "Qweert12" and Password confirmation as "Qweert12"</span>
      <div>
      </div>
                  </div>
                  <div class="step pass-bg">
                    <span>When The user clicks on Register button</span>
      <div>
      </div>
                  </div>
                  <div class="step pass-bg">
                    <span>Then The user should get error message "Please fill out this field." below first empty field "" "Qweert12" "Qweert12".</span>
      <div>
      </div>
                  </div>
              </div>
            </div>
        </div>
  </div>
  <div class="card">
    <div class="card-header" role="tab">
      <div class="card-title">
        <div class="node" id="383"><span class="badge log pass-bg mr-2">Pass</span>Check for Password mismatch</div>
      </div>
    </div>
        <div class="scenario_outline collapse">
            <div class="card-body l1">
              <div class="card-header">
                <div class="card-title outline-child">
                  <div class="node" id="384"><span class="badge log pass-bg mr-2">Pass</span>Check for Password mismatch</div>
                </div>
              </div>
              <div class="card-body mt-3 collapse">
                  <div class="step pass-bg">
                    <span>Given User Launch Chrome browser</span>
      <div>
      </div>
                  </div>
                  <div class="step pass-bg">
                    <span>When User opens URL "https://dsportalapp.herokuapp.com/"</span>
      <div>
      </div>
                  </div>
                  <div class="step pass-bg">
                    <span>And Click on Get Started</span>
      <div>
      </div>
                  </div>
                  <div class="step pass-bg">
                    <span>Then Page Title should be "NumpyNinja"</span>
      <div>
      </div>
                  </div>
                  <div class="step pass-bg">
                    <span>When User click on Register link</span>
      <div>
      </div>
                  </div>
                  <div class="step pass-bg">
                    <span>Then Page Title should be "Registration"</span>
      <div>
      </div>
                  </div>
                  <div class="step pass-bg">
                    <span>When User enters Username as "Numpy@sdet84" , Password as "testpassword" and Password confirmation as "testpassword1"</span>
      <div>
      </div>
                  </div>
                  <div class="step pass-bg">
                    <span>When The user clicks on Register button</span>
      <div>
      </div>
                  </div>
                  <div class="step pass-bg">
                    <span>Then It should display an error message "password_mismatch:The two password fields didnt match."</span>
      <div>
      </div>
                  </div>
              </div>
            </div>
        </div>
  </div>
  <div class="card">
    <div class="card-header" role="tab">
      <div class="card-title">
        <div class="node" id="389"><span class="badge log fail-bg mr-2">Fail</span>Check for Password with only numbers</div>
          <div class="status-avatar float-right mr-4">
            <i class="fa fa-paperclip"></i>
          </div>
      </div>
    </div>
        <div class="scenario_outline ">
            <div class="card-body l1">
              <div class="card-header">
                <div class="card-title outline-child">
                  <div class="node" id="390"><span class="badge log fail-bg mr-2">Fail</span>Check for Password with only numbers</div>
                    <div class="status-avatar float-right">
                      <i class="fa fa-paperclip"></i>
                    </div>
                </div>
              </div>
              <div class="card-body mt-3 ">
                  <div class="step pass-bg">
                    <span>Given User Launch Chrome browser</span>
      <div>
      </div>
                  </div>
                  <div class="step pass-bg">
                    <span>When User opens URL "https://dsportalapp.herokuapp.com/"</span>
      <div>
      </div>
                  </div>
                  <div class="step pass-bg">
                    <span>And Click on Get Started</span>
      <div>
      </div>
                  </div>
                  <div class="step pass-bg">
                    <span>Then Page Title should be "NumpyNinja"</span>
      <div>
      </div>
                  </div>
                  <div class="step pass-bg">
                    <span>When User click on Register link</span>
      <div>
      </div>
                  </div>
                  <div class="step pass-bg">
                    <span>Then Page Title should be "Registration"</span>
      <div>
      </div>
                  </div>
                  <div class="step pass-bg">
                    <span>When User enters Username as "Numpy@sdet84" , Password as "12345678" and Password confirmation as "12345678"</span>
      <div>
      </div>
                  </div>
                  <div class="step pass-bg">
                    <span>When The user clicks on Register button</span>
      <div>
      </div>
                  </div>
                  <div class="step fail-bg">
                    <span>Then It should display an error message "Password cant be entirely numeric."</span>
      <div>
        <textarea disabled class="code-block">java.lang.AssertionError: expected [Password cant be entirely numeric.] but found [password_mismatch:The two password fields didnt match.]
	at org.testng.Assert.fail(Assert.java:110)
	at org.testng.Assert.failNotEquals(Assert.java:1577)
	at org.testng.Assert.assertEqualsImpl(Assert.java:149)
	at org.testng.Assert.assertEquals(Assert.java:131)
	at org.testng.Assert.assertEquals(Assert.java:655)
	at org.testng.Assert.assertEquals(Assert.java:665)
	at com.numpyninja.cluelesscoders.stepdefinitions.Steps.it_should_display_an_error_message(Steps.java:185)
	at .It should display an error message "Password cant be entirely numeric."(file:///C:/Users/cnudr/git/dsAlgo/dsalgo-cucumber/./Features/registerPage.feature:49)
</textarea>
      
      </div>
                  </div>
                  <div class="step pass-bg">
                    <span>com.numpyninja.cluelesscoders.stepdefinitions.Steps.afterScenario(io.cucumber.java.Scenario)</span>
      <div>Check for Password with only numbers
          <div class="row mb-3"><div class="col-md-3">
<img data-featherlight='../Screenshots/embedded7.png' src="../Screenshots/embedded7.png">
    
    </div></div>
</div>
      <div>
      </div>
                  </div>
              </div>
            </div>
        </div>
  </div>
  <div class="card">
    <div class="card-header" role="tab">
      <div class="card-title">
        <div class="node" id="392"><span class="badge log fail-bg mr-2">Fail</span>Check for Password similar to username</div>
          <div class="status-avatar float-right mr-4">
            <i class="fa fa-paperclip"></i>
          </div>
      </div>
    </div>
        <div class="scenario_outline ">
            <div class="card-body l1">
              <div class="card-header">
                <div class="card-title outline-child">
                  <div class="node" id="393"><span class="badge log fail-bg mr-2">Fail</span>Check for Password similar to username</div>
                    <div class="status-avatar float-right">
                      <i class="fa fa-paperclip"></i>
                    </div>
                </div>
              </div>
              <div class="card-body mt-3 ">
                  <div class="step pass-bg">
                    <span>Given User Launch Chrome browser</span>
      <div>
      </div>
                  </div>
                  <div class="step pass-bg">
                    <span>When User opens URL "https://dsportalapp.herokuapp.com/"</span>
      <div>
      </div>
                  </div>
                  <div class="step pass-bg">
                    <span>And Click on Get Started</span>
      <div>
      </div>
                  </div>
                  <div class="step pass-bg">
                    <span>Then Page Title should be "NumpyNinja"</span>
      <div>
      </div>
                  </div>
                  <div class="step pass-bg">
                    <span>When User click on Register link</span>
      <div>
      </div>
                  </div>
                  <div class="step pass-bg">
                    <span>Then Page Title should be "Registration"</span>
      <div>
      </div>
                  </div>
                  <div class="step pass-bg">
                    <span>When User enters Username as "Numpy@sdet84_1" , Password as "testsdet84" and Password confirmation as "testsdet84"</span>
      <div>
      </div>
                  </div>
                  <div class="step pass-bg">
                    <span>When The user clicks on Register button</span>
      <div>
      </div>
                  </div>
                  <div class="step fail-bg">
                    <span>Then It should display an error message "password cant be too similar to your other personal information."</span>
      <div>
        <textarea disabled class="code-block">java.lang.AssertionError: expected [password cant be too similar to your other personal information.] but found [password_mismatch:The two password fields didnt match.]
	at org.testng.Assert.fail(Assert.java:110)
	at org.testng.Assert.failNotEquals(Assert.java:1577)
	at org.testng.Assert.assertEqualsImpl(Assert.java:149)
	at org.testng.Assert.assertEquals(Assert.java:131)
	at org.testng.Assert.assertEquals(Assert.java:655)
	at org.testng.Assert.assertEquals(Assert.java:665)
	at com.numpyninja.cluelesscoders.stepdefinitions.Steps.it_should_display_an_error_message(Steps.java:185)
	at .It should display an error message "password cant be too similar to your other personal information."(file:///C:/Users/cnudr/git/dsAlgo/dsalgo-cucumber/./Features/registerPage.feature:65)
</textarea>
      
      </div>
                  </div>
                  <div class="step pass-bg">
                    <span>com.numpyninja.cluelesscoders.stepdefinitions.Steps.afterScenario(io.cucumber.java.Scenario)</span>
      <div>Check for Password similar to username
          <div class="row mb-3"><div class="col-md-3">
<img data-featherlight='../Screenshots/embedded6.png' src="../Screenshots/embedded6.png">
    
    </div></div>
</div>
      <div>
      </div>
                  </div>
              </div>
            </div>
        </div>
  </div>
  <div class="card">
    <div class="card-header" role="tab">
      <div class="card-title">
        <div class="node" id="397"><span class="badge log fail-bg mr-2">Fail</span>Check for error message for commonly used password</div>
      </div>
    </div>
        <div class="scenario_outline ">
            <div class="card-body l1">
              <div class="card-header">
                <div class="card-title outline-child">
                  <div class="node" id="398"><span class="badge log fail-bg mr-2">Fail</span>Check for error message for commonly used password</div>
                </div>
              </div>
              <div class="card-body mt-3 ">
                  <div class="step pass-bg">
                    <span>Given User Launch Chrome browser</span>
      <div>
      </div>
                  </div>
                  <div class="step pass-bg">
                    <span>When User opens URL "https://dsportalapp.herokuapp.com/"</span>
      <div>
      </div>
                  </div>
                  <div class="step pass-bg">
                    <span>And Click on Get Started</span>
      <div>
      </div>
                  </div>
                  <div class="step pass-bg">
                    <span>Then Page Title should be "NumpyNinja"</span>
      <div>
      </div>
                  </div>
                  <div class="step fail-bg">
                    <span>When User click on Register link</span>
      <div>
        <textarea disabled class="code-block">org.openqa.selenium.remote.UnreachableBrowserException: Error communicating with the remote browser. It may have died.
Build info: version: '4.9.0', revision: 'd7057100a6'
System info: os.name: 'Windows 11', os.arch: 'amd64', os.version: '10.0', java.version: '17.0.4.1'
Driver info: org.openqa.selenium.chrome.ChromeDriver
Command: [9c72d8899eeef7de2b3052ee3d2db1a1, clickElement {id=0B1BE4CDD74B65240901DE8F4DE01BD4_element_7}]
Capabilities {acceptInsecureCerts: false, browserName: chrome, browserVersion: 115.0.5790.173, chrome: {chromedriverVersion: 114.0.5735.90 (386bc09e8f4f..., userDataDir: C:\Users\cnudr\AppData\Loca...}, goog:chromeOptions: {debuggerAddress: localhost:62311}, networkConnectionEnabled: false, pageLoadStrategy: normal, platformName: WINDOWS, proxy: Proxy(), se:cdp: ws://localhost:62311/devtoo..., se:cdpVersion: 115.0.5790.173, setWindowRect: true, strictFileInteractability: false, timeouts: {implicit: 0, pageLoad: 300000, script: 30000}, unhandledPromptBehavior: dismiss and notify, webauthn:extension:credBlob: true, webauthn:extension:largeBlob: true, webauthn:extension:minPinLength: true, webauthn:extension:prf: true, webauthn:virtualAuthenticators: true}
Element: [[ChromeDriver: chrome on WINDOWS (9c72d8899eeef7de2b3052ee3d2db1a1)] -> xpath: //a[contains(text(),'Register')]]
Session ID: 9c72d8899eeef7de2b3052ee3d2db1a1
	at org.openqa.selenium.remote.RemoteWebDriver.execute(RemoteWebDriver.java:567)
	at org.openqa.selenium.remote.RemoteWebElement.execute(RemoteWebElement.java:257)
	at org.openqa.selenium.remote.RemoteWebElement.click(RemoteWebElement.java:78)
	at jdk.internal.reflect.GeneratedMethodAccessor94.invoke(Unknown Source)
	at java.base/jdk.internal.reflect.DelegatingMethodAccessorImpl.invoke(DelegatingMethodAccessorImpl.java:43)
	at java.base/java.lang.reflect.Method.invoke(Method.java:568)
	at org.openqa.selenium.support.pagefactory.internal.LocatingElementHandler.invoke(LocatingElementHandler.java:52)
	at jdk.proxy2/jdk.proxy2.$Proxy43.click(Unknown Source)
	at com.numpyninja.cluelesscoders.pageobjects.HomePage.clickOnRegister(HomePage.java:58)
	at com.numpyninja.cluelesscoders.stepdefinitions.Steps.user_click_on_register_link(Steps.java:101)
	at .User click on Register link(file:///C:/Users/cnudr/git/dsAlgo/dsalgo-cucumber/./Features/registerPage.feature:77)
Caused by: java.io.UncheckedIOException: java.net.SocketException: Connection reset
	at org.openqa.selenium.remote.http.netty.NettyHttpHandler.makeCall(NettyHttpHandler.java:73)
	at org.openqa.selenium.remote.http.AddSeleniumUserAgent.lambda$apply$0(AddSeleniumUserAgent.java:42)
	at org.openqa.selenium.remote.http.Filter.lambda$andFinally$1(Filter.java:56)
	at org.openqa.selenium.remote.http.netty.NettyHttpHandler.execute(NettyHttpHandler.java:49)
	at org.openqa.selenium.remote.http.AddSeleniumUserAgent.lambda$apply$0(AddSeleniumUserAgent.java:42)
	at org.openqa.selenium.remote.http.Filter.lambda$andFinally$1(Filter.java:56)
	at org.openqa.selenium.remote.http.netty.NettyClient.execute(NettyClient.java:99)
	at org.openqa.selenium.remote.HttpCommandExecutor.execute(HttpCommandExecutor.java:190)
	at org.openqa.selenium.remote.service.DriverCommandExecutor.invokeExecute(DriverCommandExecutor.java:183)
	at org.openqa.selenium.remote.service.DriverCommandExecutor.execute(DriverCommandExecutor.java:158)
	at org.openqa.selenium.remote.RemoteWebDriver.execute(RemoteWebDriver.java:543)
	at org.openqa.selenium.remote.RemoteWebElement.execute(RemoteWebElement.java:257)
	at org.openqa.selenium.remote.RemoteWebElement.click(RemoteWebElement.java:78)
	at jdk.internal.reflect.GeneratedMethodAccessor94.invoke(Unknown Source)
	at java.base/jdk.internal.reflect.DelegatingMethodAccessorImpl.invoke(DelegatingMethodAccessorImpl.java:43)
	at java.base/java.lang.reflect.Method.invoke(Method.java:568)
	at org.openqa.selenium.support.pagefactory.internal.LocatingElementHandler.invoke(LocatingElementHandler.java:52)
	at jdk.proxy2/jdk.proxy2.$Proxy43.click(Unknown Source)
	at com.numpyninja.cluelesscoders.pageobjects.HomePage.clickOnRegister(HomePage.java:58)
	at com.numpyninja.cluelesscoders.stepdefinitions.Steps.user_click_on_register_link(Steps.java:101)
	at java.base/jdk.internal.reflect.NativeMethodAccessorImpl.invoke0(Native Method)
	at java.base/jdk.internal.reflect.NativeMethodAccessorImpl.invoke(NativeMethodAccessorImpl.java:77)
	at java.base/jdk.internal.reflect.DelegatingMethodAccessorImpl.invoke(DelegatingMethodAccessorImpl.java:43)
	at java.base/java.lang.reflect.Method.invoke(Method.java:568)
	at io.cucumber.java.Invoker.doInvoke(Invoker.java:66)
	at io.cucumber.java.Invoker.invoke(Invoker.java:24)
	at io.cucumber.java.AbstractGlueDefinition.invokeMethod(AbstractGlueDefinition.java:47)
	at io.cucumber.java.JavaStepDefinition.execute(JavaStepDefinition.java:29)
	at io.cucumber.core.runner.CoreStepDefinition.execute(CoreStepDefinition.java:66)
	at io.cucumber.core.runner.PickleStepDefinitionMatch.runStep(PickleStepDefinitionMatch.java:63)
	at io.cucumber.core.runner.ExecutionMode$1.execute(ExecutionMode.java:10)
	at io.cucumber.core.runner.TestStep.executeStep(TestStep.java:86)
	at io.cucumber.core.runner.TestStep.run(TestStep.java:57)
	at io.cucumber.core.runner.PickleStepTestStep.run(PickleStepTestStep.java:51)
	at io.cucumber.core.runner.TestCase.run(TestCase.java:95)
	at io.cucumber.core.runner.Runner.runPickle(Runner.java:75)
	at io.cucumber.testng.TestNGCucumberRunner.lambda$runScenario$1(TestNGCucumberRunner.java:132)
	at io.cucumber.core.runtime.CucumberExecutionContext.lambda$runTestCase$3(CucumberExecutionContext.java:151)
	at io.cucumber.core.runtime.RethrowingThrowableCollector.executeAndThrow(RethrowingThrowableCollector.java:23)
	at io.cucumber.core.runtime.CucumberExecutionContext.runTestCase(CucumberExecutionContext.java:151)
	at io.cucumber.testng.TestNGCucumberRunner.runScenario(TestNGCucumberRunner.java:129)
	at io.cucumber.testng.AbstractTestNGCucumberTests.runScenario(AbstractTestNGCucumberTests.java:35)
	at jdk.internal.reflect.GeneratedMethodAccessor114.invoke(Unknown Source)
	at java.base/jdk.internal.reflect.DelegatingMethodAccessorImpl.invoke(DelegatingMethodAccessorImpl.java:43)
	at java.base/java.lang.reflect.Method.invoke(Method.java:568)
	at org.testng.internal.invokers.MethodInvocationHelper.invokeMethod(MethodInvocationHelper.java:139)
	at org.testng.internal.invokers.TestInvoker.invokeMethod(TestInvoker.java:677)
	at org.testng.internal.invokers.TestInvoker.invokeTestMethod(TestInvoker.java:221)
	at org.testng.internal.invokers.TestMethodWithDataProviderMethodWorker.call(TestMethodWithDataProviderMethodWorker.java:80)
	at org.testng.internal.invokers.TestMethodWithDataProviderMethodWorker.call(TestMethodWithDataProviderMethodWorker.java:17)
	at java.base/java.util.concurrent.FutureTask.run(FutureTask.java:264)
	at java.base/java.util.concurrent.Executors$RunnableAdapter.call(Executors.java:539)
	at java.base/java.util.concurrent.FutureTask.run(FutureTask.java:264)
	at java.base/java.util.concurrent.ThreadPoolExecutor.runWorker(ThreadPoolExecutor.java:1136)
	at java.base/java.util.concurrent.ThreadPoolExecutor$Worker.run(ThreadPoolExecutor.java:635)
	at java.base/java.lang.Thread.run(Thread.java:833)
Caused by: java.net.SocketException: Connection reset
	at java.base/sun.nio.ch.SocketChannelImpl.throwConnectionReset(SocketChannelImpl.java:394)
	at java.base/sun.nio.ch.SocketChannelImpl.read(SocketChannelImpl.java:426)
	at io.netty.buffer.PooledByteBuf.setBytes(PooledByteBuf.java:256)
	at io.netty.buffer.AbstractByteBuf.writeBytes(AbstractByteBuf.java:1132)
	at io.netty.channel.socket.nio.NioSocketChannel.doReadBytes(NioSocketChannel.java:357)
	at io.netty.channel.nio.AbstractNioByteChannel$NioByteUnsafe.read(AbstractNioByteChannel.java:151)
	at io.netty.channel.nio.NioEventLoop.processSelectedKey(NioEventLoop.java:788)
	at io.netty.channel.nio.NioEventLoop.processSelectedKeysOptimized(NioEventLoop.java:724)
	at io.netty.channel.nio.NioEventLoop.processSelectedKeys(NioEventLoop.java:650)
	at io.netty.channel.nio.NioEventLoop.run(NioEventLoop.java:562)
	at io.netty.util.concurrent.SingleThreadEventExecutor$4.run(SingleThreadEventExecutor.java:997)
	at io.netty.util.internal.ThreadExecutorMap$2.run(ThreadExecutorMap.java:74)
	at io.netty.util.concurrent.FastThreadLocalRunnable.run(FastThreadLocalRunnable.java:30)
	... 1 more
</textarea>
      
      </div>
                  </div>
                  <div class="step skip-bg">
                    <span>Then Page Title should be "Registration"</span>
      <div>Step skipped
      </div>
                  </div>
                  <div class="step skip-bg">
                    <span>When User enters Username as "Numpy@sdet84_1" , Password as "Welcome1" and Password confirmation as "Welcome1"</span>
      <div>Step skipped
      </div>
                  </div>
                  <div class="step skip-bg">
                    <span>When The user clicks on Register button</span>
      <div>Step skipped
      </div>
                  </div>
                  <div class="step skip-bg">
                    <span>Then It should display an error message "Password cant be commonly used password"</span>
      <div>Step skipped
      </div>
                  </div>
                  <div class="step fail-bg">
                    <span>com.numpyninja.cluelesscoders.stepdefinitions.Steps.afterScenario(io.cucumber.java.Scenario)</span>
      <div>
        <textarea disabled class="code-block">org.openqa.selenium.remote.UnreachableBrowserException: Error communicating with the remote browser. It may have died.
Build info: version: '4.9.0', revision: 'd7057100a6'
System info: os.name: 'Windows 11', os.arch: 'amd64', os.version: '10.0', java.version: '17.0.4.1'
Driver info: org.openqa.selenium.chrome.ChromeDriver
Command: [9c72d8899eeef7de2b3052ee3d2db1a1, screenshot {}]
Capabilities {acceptInsecureCerts: false, browserName: chrome, browserVersion: 115.0.5790.173, chrome: {chromedriverVersion: 114.0.5735.90 (386bc09e8f4f..., userDataDir: C:\Users\cnudr\AppData\Loca...}, goog:chromeOptions: {debuggerAddress: localhost:62311}, networkConnectionEnabled: false, pageLoadStrategy: normal, platformName: WINDOWS, proxy: Proxy(), se:cdp: ws://localhost:62311/devtoo..., se:cdpVersion: 115.0.5790.173, setWindowRect: true, strictFileInteractability: false, timeouts: {implicit: 0, pageLoad: 300000, script: 30000}, unhandledPromptBehavior: dismiss and notify, webauthn:extension:credBlob: true, webauthn:extension:largeBlob: true, webauthn:extension:minPinLength: true, webauthn:extension:prf: true, webauthn:virtualAuthenticators: true}
Session ID: 9c72d8899eeef7de2b3052ee3d2db1a1
	at org.openqa.selenium.remote.RemoteWebDriver.execute(RemoteWebDriver.java:567)
	at org.openqa.selenium.remote.RemoteWebDriver.execute(RemoteWebDriver.java:598)
	at org.openqa.selenium.remote.RemoteWebDriver.execute(RemoteWebDriver.java:602)
	at org.openqa.selenium.remote.RemoteWebDriver.getScreenshotAs(RemoteWebDriver.java:318)
	at com.numpyninja.cluelesscoders.stepdefinitions.Steps.afterScenario(Steps.java:412)
Caused by: java.io.UncheckedIOException: java.net.ConnectException: Connection refused: no further information: localhost/[0:0:0:0:0:0:0:1]:13905
	at org.openqa.selenium.remote.http.netty.NettyHttpHandler.makeCall(NettyHttpHandler.java:73)
	at org.openqa.selenium.remote.http.AddSeleniumUserAgent.lambda$apply$0(AddSeleniumUserAgent.java:42)
	at org.openqa.selenium.remote.http.Filter.lambda$andFinally$1(Filter.java:56)
	at org.openqa.selenium.remote.http.netty.NettyHttpHandler.execute(NettyHttpHandler.java:49)
	at org.openqa.selenium.remote.http.AddSeleniumUserAgent.lambda$apply$0(AddSeleniumUserAgent.java:42)
	at org.openqa.selenium.remote.http.Filter.lambda$andFinally$1(Filter.java:56)
	at org.openqa.selenium.remote.http.netty.NettyClient.execute(NettyClient.java:99)
	at org.openqa.selenium.remote.HttpCommandExecutor.execute(HttpCommandExecutor.java:190)
	at org.openqa.selenium.remote.service.DriverCommandExecutor.invokeExecute(DriverCommandExecutor.java:183)
	at org.openqa.selenium.remote.service.DriverCommandExecutor.execute(DriverCommandExecutor.java:158)
	at org.openqa.selenium.remote.RemoteWebDriver.execute(RemoteWebDriver.java:543)
	at org.openqa.selenium.remote.RemoteWebDriver.execute(RemoteWebDriver.java:598)
	at org.openqa.selenium.remote.RemoteWebDriver.execute(RemoteWebDriver.java:602)
	at org.openqa.selenium.remote.RemoteWebDriver.getScreenshotAs(RemoteWebDriver.java:318)
	at com.numpyninja.cluelesscoders.stepdefinitions.Steps.afterScenario(Steps.java:412)
	at jdk.internal.reflect.GeneratedMethodAccessor138.invoke(Unknown Source)
	at java.base/jdk.internal.reflect.DelegatingMethodAccessorImpl.invoke(DelegatingMethodAccessorImpl.java:43)
	at java.base/java.lang.reflect.Method.invoke(Method.java:568)
	at io.cucumber.java.Invoker.doInvoke(Invoker.java:66)
	at io.cucumber.java.Invoker.invoke(Invoker.java:24)
	at io.cucumber.java.AbstractGlueDefinition.invokeMethod(AbstractGlueDefinition.java:47)
	at io.cucumber.java.JavaHookDefinition.execute(JavaHookDefinition.java:64)
	at io.cucumber.core.runner.CoreHookDefinition.execute(CoreHookDefinition.java:46)
	at io.cucumber.core.runner.HookDefinitionMatch.runStep(HookDefinitionMatch.java:21)
	at io.cucumber.core.runner.ExecutionMode$1.execute(ExecutionMode.java:10)
	at io.cucumber.core.runner.TestStep.executeStep(TestStep.java:86)
	at io.cucumber.core.runner.TestStep.run(TestStep.java:57)
	at io.cucumber.core.runner.TestCase.run(TestCase.java:101)
	at io.cucumber.core.runner.Runner.runPickle(Runner.java:75)
	at io.cucumber.testng.TestNGCucumberRunner.lambda$runScenario$1(TestNGCucumberRunner.java:132)
	at io.cucumber.core.runtime.CucumberExecutionContext.lambda$runTestCase$3(CucumberExecutionContext.java:151)
	at io.cucumber.core.runtime.RethrowingThrowableCollector.executeAndThrow(RethrowingThrowableCollector.java:23)
	at io.cucumber.core.runtime.CucumberExecutionContext.runTestCase(CucumberExecutionContext.java:151)
	at io.cucumber.testng.TestNGCucumberRunner.runScenario(TestNGCucumberRunner.java:129)
	at io.cucumber.testng.AbstractTestNGCucumberTests.runScenario(AbstractTestNGCucumberTests.java:35)
	at jdk.internal.reflect.GeneratedMethodAccessor114.invoke(Unknown Source)
	at java.base/jdk.internal.reflect.DelegatingMethodAccessorImpl.invoke(DelegatingMethodAccessorImpl.java:43)
	at java.base/java.lang.reflect.Method.invoke(Method.java:568)
	at org.testng.internal.invokers.MethodInvocationHelper.invokeMethod(MethodInvocationHelper.java:139)
	at org.testng.internal.invokers.TestInvoker.invokeMethod(TestInvoker.java:677)
	at org.testng.internal.invokers.TestInvoker.invokeTestMethod(TestInvoker.java:221)
	at org.testng.internal.invokers.TestMethodWithDataProviderMethodWorker.call(TestMethodWithDataProviderMethodWorker.java:80)
	at org.testng.internal.invokers.TestMethodWithDataProviderMethodWorker.call(TestMethodWithDataProviderMethodWorker.java:17)
	at java.base/java.util.concurrent.FutureTask.run(FutureTask.java:264)
	at java.base/java.util.concurrent.Executors$RunnableAdapter.call(Executors.java:539)
	at java.base/java.util.concurrent.FutureTask.run(FutureTask.java:264)
	at java.base/java.util.concurrent.ThreadPoolExecutor.runWorker(ThreadPoolExecutor.java:1136)
	at java.base/java.util.concurrent.ThreadPoolExecutor$Worker.run(ThreadPoolExecutor.java:635)
	at java.base/java.lang.Thread.run(Thread.java:833)
Caused by: java.net.ConnectException: Connection refused: no further information: localhost/[0:0:0:0:0:0:0:1]:13905
	at org.asynchttpclient.netty.channel.NettyConnectListener.onFailure(NettyConnectListener.java:179)
	at org.asynchttpclient.netty.channel.NettyChannelConnector$1.onFailure(NettyChannelConnector.java:108)
	at org.asynchttpclient.netty.SimpleChannelFutureListener.operationComplete(SimpleChannelFutureListener.java:28)
	at org.asynchttpclient.netty.SimpleChannelFutureListener.operationComplete(SimpleChannelFutureListener.java:20)
	at io.netty.util.concurrent.DefaultPromise.notifyListener0(DefaultPromise.java:590)
	at io.netty.util.concurrent.DefaultPromise.notifyListeners0(DefaultPromise.java:583)
	at io.netty.util.concurrent.DefaultPromise.notifyListenersNow(DefaultPromise.java:559)
	at io.netty.util.concurrent.DefaultPromise.notifyListeners(DefaultPromise.java:492)
	at io.netty.util.concurrent.DefaultPromise.setValue0(DefaultPromise.java:636)
	at io.netty.util.concurrent.DefaultPromise.setFailure0(DefaultPromise.java:629)
	at io.netty.util.concurrent.DefaultPromise.tryFailure(DefaultPromise.java:118)
	at io.netty.channel.nio.AbstractNioChannel$AbstractNioUnsafe.fulfillConnectPromise(AbstractNioChannel.java:321)
	at io.netty.channel.nio.AbstractNioChannel$AbstractNioUnsafe.finishConnect(AbstractNioChannel.java:337)
	at io.netty.channel.nio.NioEventLoop.processSelectedKey(NioEventLoop.java:776)
	at io.netty.channel.nio.NioEventLoop.processSelectedKeysOptimized(NioEventLoop.java:724)
	at io.netty.channel.nio.NioEventLoop.processSelectedKeys(NioEventLoop.java:650)
	at io.netty.channel.nio.NioEventLoop.run(NioEventLoop.java:562)
	at io.netty.util.concurrent.SingleThreadEventExecutor$4.run(SingleThreadEventExecutor.java:997)
	at io.netty.util.internal.ThreadExecutorMap$2.run(ThreadExecutorMap.java:74)
	at io.netty.util.concurrent.FastThreadLocalRunnable.run(FastThreadLocalRunnable.java:30)
	... 1 more
Caused by: io.netty.channel.AbstractChannel$AnnotatedConnectException: Connection refused: no further information: localhost/[0:0:0:0:0:0:0:1]:13905
Caused by: java.net.ConnectException: Connection refused: no further information
	at java.base/sun.nio.ch.Net.pollConnect(Native Method)
	at java.base/sun.nio.ch.Net.pollConnectNow(Net.java:672)
	at java.base/sun.nio.ch.SocketChannelImpl.finishConnect(SocketChannelImpl.java:946)
	at io.netty.channel.socket.nio.NioSocketChannel.doFinishConnect(NioSocketChannel.java:337)
	at io.netty.channel.nio.AbstractNioChannel$AbstractNioUnsafe.finishConnect(AbstractNioChannel.java:334)
	at io.netty.channel.nio.NioEventLoop.processSelectedKey(NioEventLoop.java:776)
	at io.netty.channel.nio.NioEventLoop.processSelectedKeysOptimized(NioEventLoop.java:724)
	at io.netty.channel.nio.NioEventLoop.processSelectedKeys(NioEventLoop.java:650)
	at io.netty.channel.nio.NioEventLoop.run(NioEventLoop.java:562)
	at io.netty.util.concurrent.SingleThreadEventExecutor$4.run(SingleThreadEventExecutor.java:997)
	at io.netty.util.internal.ThreadExecutorMap$2.run(ThreadExecutorMap.java:74)
	at io.netty.util.concurrent.FastThreadLocalRunnable.run(FastThreadLocalRunnable.java:30)
	at java.base/java.lang.Thread.run(Thread.java:833)
</textarea>
      
      </div>
                  </div>
              </div>
            </div>
        </div>
  </div>
  <div class="card">
    <div class="card-header" role="tab">
      <div class="card-title">
        <div class="node" id="400"><span class="badge log fail-bg mr-2">Fail</span>Check for error message for password with characters less than 8</div>
      </div>
    </div>
        <div class="scenario_outline ">
            <div class="card-body l1">
              <div class="card-header">
                <div class="card-title outline-child">
                  <div class="node" id="401"><span class="badge log fail-bg mr-2">Fail</span>Check for error message for password with characters less than 8</div>
                </div>
              </div>
              <div class="card-body mt-3 ">
                  <div class="step pass-bg">
                    <span>Given User Launch Chrome browser</span>
      <div>
      </div>
                  </div>
                  <div class="step fail-bg">
                    <span>When User opens URL "https://dsportalapp.herokuapp.com/"</span>
      <div>
        <textarea disabled class="code-block">org.openqa.selenium.TimeoutException: java.util.concurrent.TimeoutException
Build info: version: '4.9.0', revision: 'd7057100a6'
System info: os.name: 'Windows 11', os.arch: 'amd64', os.version: '10.0', java.version: '17.0.4.1'
Driver info: org.openqa.selenium.chrome.ChromeDriver
Command: [db2bcc75232ceb8f91702a662bda52c6, get {url=https://dsportalapp.herokuapp.com/}]
Capabilities {acceptInsecureCerts: false, browserName: chrome, browserVersion: 115.0.5790.173, chrome: {chromedriverVersion: 114.0.5735.90 (386bc09e8f4f..., userDataDir: C:\Users\cnudr\AppData\Loca...}, goog:chromeOptions: {debuggerAddress: localhost:62328}, networkConnectionEnabled: false, pageLoadStrategy: normal, platformName: WINDOWS, proxy: Proxy(), se:cdp: ws://localhost:62328/devtoo..., se:cdpVersion: 115.0.5790.173, setWindowRect: true, strictFileInteractability: false, timeouts: {implicit: 0, pageLoad: 300000, script: 30000}, unhandledPromptBehavior: dismiss and notify, webauthn:extension:credBlob: true, webauthn:extension:largeBlob: true, webauthn:extension:minPinLength: true, webauthn:extension:prf: true, webauthn:virtualAuthenticators: true}
Session ID: db2bcc75232ceb8f91702a662bda52c6
	at org.openqa.selenium.remote.http.netty.NettyHttpHandler.makeCall(NettyHttpHandler.java:65)
	at org.openqa.selenium.remote.http.AddSeleniumUserAgent.lambda$apply$0(AddSeleniumUserAgent.java:42)
	at org.openqa.selenium.remote.http.Filter.lambda$andFinally$1(Filter.java:56)
	at org.openqa.selenium.remote.http.netty.NettyHttpHandler.execute(NettyHttpHandler.java:49)
	at org.openqa.selenium.remote.http.AddSeleniumUserAgent.lambda$apply$0(AddSeleniumUserAgent.java:42)
	at org.openqa.selenium.remote.http.Filter.lambda$andFinally$1(Filter.java:56)
	at org.openqa.selenium.remote.http.netty.NettyClient.execute(NettyClient.java:99)
	at org.openqa.selenium.remote.HttpCommandExecutor.execute(HttpCommandExecutor.java:190)
	at org.openqa.selenium.remote.service.DriverCommandExecutor.invokeExecute(DriverCommandExecutor.java:183)
	at org.openqa.selenium.remote.service.DriverCommandExecutor.execute(DriverCommandExecutor.java:158)
	at org.openqa.selenium.remote.RemoteWebDriver.execute(RemoteWebDriver.java:543)
	at org.openqa.selenium.remote.RemoteWebDriver.get(RemoteWebDriver.java:297)
	at com.numpyninja.cluelesscoders.stepdefinitions.Steps.user_opens_url(Steps.java:79)
	at .User opens URL "https://dsportalapp.herokuapp.com/"(file:///C:/Users/cnudr/git/dsAlgo/dsalgo-cucumber/./Features/registerPage.feature:90)
Caused by: java.util.concurrent.TimeoutException
	at java.base/java.util.concurrent.CompletableFuture.timedGet(CompletableFuture.java:1960)
	at java.base/java.util.concurrent.CompletableFuture.get(CompletableFuture.java:2095)
	at org.asynchttpclient.netty.NettyResponseFuture.get(NettyResponseFuture.java:206)
	at org.openqa.selenium.remote.http.netty.NettyHttpHandler.makeCall(NettyHttpHandler.java:59)
	at org.openqa.selenium.remote.http.AddSeleniumUserAgent.lambda$apply$0(AddSeleniumUserAgent.java:42)
	at org.openqa.selenium.remote.http.Filter.lambda$andFinally$1(Filter.java:56)
	at org.openqa.selenium.remote.http.netty.NettyHttpHandler.execute(NettyHttpHandler.java:49)
	at org.openqa.selenium.remote.http.AddSeleniumUserAgent.lambda$apply$0(AddSeleniumUserAgent.java:42)
	at org.openqa.selenium.remote.http.Filter.lambda$andFinally$1(Filter.java:56)
	at org.openqa.selenium.remote.http.netty.NettyClient.execute(NettyClient.java:99)
	at org.openqa.selenium.remote.HttpCommandExecutor.execute(HttpCommandExecutor.java:190)
	at org.openqa.selenium.remote.service.DriverCommandExecutor.invokeExecute(DriverCommandExecutor.java:183)
	at org.openqa.selenium.remote.service.DriverCommandExecutor.execute(DriverCommandExecutor.java:158)
	at org.openqa.selenium.remote.RemoteWebDriver.execute(RemoteWebDriver.java:543)
	at org.openqa.selenium.remote.RemoteWebDriver.get(RemoteWebDriver.java:297)
	at com.numpyninja.cluelesscoders.stepdefinitions.Steps.user_opens_url(Steps.java:79)
	at jdk.internal.reflect.GeneratedMethodAccessor135.invoke(Unknown Source)
	at java.base/jdk.internal.reflect.DelegatingMethodAccessorImpl.invoke(DelegatingMethodAccessorImpl.java:43)
	at java.base/java.lang.reflect.Method.invoke(Method.java:568)
	at io.cucumber.java.Invoker.doInvoke(Invoker.java:66)
	at io.cucumber.java.Invoker.invoke(Invoker.java:24)
	at io.cucumber.java.AbstractGlueDefinition.invokeMethod(AbstractGlueDefinition.java:47)
	at io.cucumber.java.JavaStepDefinition.execute(JavaStepDefinition.java:29)
	at io.cucumber.core.runner.CoreStepDefinition.execute(CoreStepDefinition.java:66)
	at io.cucumber.core.runner.PickleStepDefinitionMatch.runStep(PickleStepDefinitionMatch.java:63)
	at io.cucumber.core.runner.ExecutionMode$1.execute(ExecutionMode.java:10)
	at io.cucumber.core.runner.TestStep.executeStep(TestStep.java:86)
	at io.cucumber.core.runner.TestStep.run(TestStep.java:57)
	at io.cucumber.core.runner.PickleStepTestStep.run(PickleStepTestStep.java:51)
	at io.cucumber.core.runner.TestCase.run(TestCase.java:95)
	at io.cucumber.core.runner.Runner.runPickle(Runner.java:75)
	at io.cucumber.testng.TestNGCucumberRunner.lambda$runScenario$1(TestNGCucumberRunner.java:132)
	at io.cucumber.core.runtime.CucumberExecutionContext.lambda$runTestCase$3(CucumberExecutionContext.java:151)
	at io.cucumber.core.runtime.RethrowingThrowableCollector.executeAndThrow(RethrowingThrowableCollector.java:23)
	at io.cucumber.core.runtime.CucumberExecutionContext.runTestCase(CucumberExecutionContext.java:151)
	at io.cucumber.testng.TestNGCucumberRunner.runScenario(TestNGCucumberRunner.java:129)
	at io.cucumber.testng.AbstractTestNGCucumberTests.runScenario(AbstractTestNGCucumberTests.java:35)
	at jdk.internal.reflect.GeneratedMethodAccessor114.invoke(Unknown Source)
	at java.base/jdk.internal.reflect.DelegatingMethodAccessorImpl.invoke(DelegatingMethodAccessorImpl.java:43)
	at java.base/java.lang.reflect.Method.invoke(Method.java:568)
	at org.testng.internal.invokers.MethodInvocationHelper.invokeMethod(MethodInvocationHelper.java:139)
	at org.testng.internal.invokers.TestInvoker.invokeMethod(TestInvoker.java:677)
	at org.testng.internal.invokers.TestInvoker.invokeTestMethod(TestInvoker.java:221)
	at org.testng.internal.invokers.TestMethodWithDataProviderMethodWorker.call(TestMethodWithDataProviderMethodWorker.java:80)
	at org.testng.internal.invokers.TestMethodWithDataProviderMethodWorker.call(TestMethodWithDataProviderMethodWorker.java:17)
	at java.base/java.util.concurrent.FutureTask.run(FutureTask.java:264)
	at java.base/java.util.concurrent.Executors$RunnableAdapter.call(Executors.java:539)
	at java.base/java.util.concurrent.FutureTask.run(FutureTask.java:264)
	at java.base/java.util.concurrent.ThreadPoolExecutor.runWorker(ThreadPoolExecutor.java:1136)
	at java.base/java.util.concurrent.ThreadPoolExecutor$Worker.run(ThreadPoolExecutor.java:635)
	at java.base/java.lang.Thread.run(Thread.java:833)
</textarea>
      
      </div>
                  </div>
                  <div class="step skip-bg">
                    <span>And Click on Get Started</span>
      <div>Step skipped
      </div>
                  </div>
                  <div class="step skip-bg">
                    <span>Then Page Title should be "NumpyNinja"</span>
      <div>Step skipped
      </div>
                  </div>
                  <div class="step skip-bg">
                    <span>When User click on Register link</span>
      <div>Step skipped
      </div>
                  </div>
                  <div class="step skip-bg">
                    <span>Then Page Title should be "Registration"</span>
      <div>Step skipped
      </div>
                  </div>
                  <div class="step skip-bg">
                    <span>When User enters Username as "Numpy@sdet84_1" , Password as "a1b2c3d" and Password confirmation as "a1b2c3d"</span>
      <div>Step skipped
      </div>
                  </div>
                  <div class="step skip-bg">
                    <span>When The user clicks on Register button</span>
      <div>Step skipped
      </div>
                  </div>
                  <div class="step skip-bg">
                    <span>Then It should display an error message "Password should contain at least 8 characters"</span>
      <div>Step skipped
      </div>
                  </div>
                  <div class="step fail-bg">
                    <span>com.numpyninja.cluelesscoders.stepdefinitions.Steps.afterScenario(io.cucumber.java.Scenario)</span>
      <div>
        <textarea disabled class="code-block">org.openqa.selenium.remote.UnreachableBrowserException: Error communicating with the remote browser. It may have died.
Build info: version: '4.9.0', revision: 'd7057100a6'
System info: os.name: 'Windows 11', os.arch: 'amd64', os.version: '10.0', java.version: '17.0.4.1'
Driver info: org.openqa.selenium.chrome.ChromeDriver
Command: [db2bcc75232ceb8f91702a662bda52c6, screenshot {}]
Capabilities {acceptInsecureCerts: false, browserName: chrome, browserVersion: 115.0.5790.173, chrome: {chromedriverVersion: 114.0.5735.90 (386bc09e8f4f..., userDataDir: C:\Users\cnudr\AppData\Loca...}, goog:chromeOptions: {debuggerAddress: localhost:62328}, networkConnectionEnabled: false, pageLoadStrategy: normal, platformName: WINDOWS, proxy: Proxy(), se:cdp: ws://localhost:62328/devtoo..., se:cdpVersion: 115.0.5790.173, setWindowRect: true, strictFileInteractability: false, timeouts: {implicit: 0, pageLoad: 300000, script: 30000}, unhandledPromptBehavior: dismiss and notify, webauthn:extension:credBlob: true, webauthn:extension:largeBlob: true, webauthn:extension:minPinLength: true, webauthn:extension:prf: true, webauthn:virtualAuthenticators: true}
Session ID: db2bcc75232ceb8f91702a662bda52c6
	at org.openqa.selenium.remote.RemoteWebDriver.execute(RemoteWebDriver.java:567)
	at org.openqa.selenium.remote.RemoteWebDriver.execute(RemoteWebDriver.java:598)
	at org.openqa.selenium.remote.RemoteWebDriver.execute(RemoteWebDriver.java:602)
	at org.openqa.selenium.remote.RemoteWebDriver.getScreenshotAs(RemoteWebDriver.java:318)
	at com.numpyninja.cluelesscoders.stepdefinitions.Steps.afterScenario(Steps.java:412)
Caused by: java.io.UncheckedIOException: java.net.SocketException: Connection reset
	at org.openqa.selenium.remote.http.netty.NettyHttpHandler.makeCall(NettyHttpHandler.java:73)
	at org.openqa.selenium.remote.http.AddSeleniumUserAgent.lambda$apply$0(AddSeleniumUserAgent.java:42)
	at org.openqa.selenium.remote.http.Filter.lambda$andFinally$1(Filter.java:56)
	at org.openqa.selenium.remote.http.netty.NettyHttpHandler.execute(NettyHttpHandler.java:49)
	at org.openqa.selenium.remote.http.AddSeleniumUserAgent.lambda$apply$0(AddSeleniumUserAgent.java:42)
	at org.openqa.selenium.remote.http.Filter.lambda$andFinally$1(Filter.java:56)
	at org.openqa.selenium.remote.http.netty.NettyClient.execute(NettyClient.java:99)
	at org.openqa.selenium.remote.HttpCommandExecutor.execute(HttpCommandExecutor.java:190)
	at org.openqa.selenium.remote.service.DriverCommandExecutor.invokeExecute(DriverCommandExecutor.java:183)
	at org.openqa.selenium.remote.service.DriverCommandExecutor.execute(DriverCommandExecutor.java:158)
	at org.openqa.selenium.remote.RemoteWebDriver.execute(RemoteWebDriver.java:543)
	at org.openqa.selenium.remote.RemoteWebDriver.execute(RemoteWebDriver.java:598)
	at org.openqa.selenium.remote.RemoteWebDriver.execute(RemoteWebDriver.java:602)
	at org.openqa.selenium.remote.RemoteWebDriver.getScreenshotAs(RemoteWebDriver.java:318)
	at com.numpyninja.cluelesscoders.stepdefinitions.Steps.afterScenario(Steps.java:412)
	at jdk.internal.reflect.GeneratedMethodAccessor138.invoke(Unknown Source)
	at java.base/jdk.internal.reflect.DelegatingMethodAccessorImpl.invoke(DelegatingMethodAccessorImpl.java:43)
	at java.base/java.lang.reflect.Method.invoke(Method.java:568)
	at io.cucumber.java.Invoker.doInvoke(Invoker.java:66)
	at io.cucumber.java.Invoker.invoke(Invoker.java:24)
	at io.cucumber.java.AbstractGlueDefinition.invokeMethod(AbstractGlueDefinition.java:47)
	at io.cucumber.java.JavaHookDefinition.execute(JavaHookDefinition.java:64)
	at io.cucumber.core.runner.CoreHookDefinition.execute(CoreHookDefinition.java:46)
	at io.cucumber.core.runner.HookDefinitionMatch.runStep(HookDefinitionMatch.java:21)
	at io.cucumber.core.runner.ExecutionMode$1.execute(ExecutionMode.java:10)
	at io.cucumber.core.runner.TestStep.executeStep(TestStep.java:86)
	at io.cucumber.core.runner.TestStep.run(TestStep.java:57)
	at io.cucumber.core.runner.TestCase.run(TestCase.java:101)
	at io.cucumber.core.runner.Runner.runPickle(Runner.java:75)
	at io.cucumber.testng.TestNGCucumberRunner.lambda$runScenario$1(TestNGCucumberRunner.java:132)
	at io.cucumber.core.runtime.CucumberExecutionContext.lambda$runTestCase$3(CucumberExecutionContext.java:151)
	at io.cucumber.core.runtime.RethrowingThrowableCollector.executeAndThrow(RethrowingThrowableCollector.java:23)
	at io.cucumber.core.runtime.CucumberExecutionContext.runTestCase(CucumberExecutionContext.java:151)
	at io.cucumber.testng.TestNGCucumberRunner.runScenario(TestNGCucumberRunner.java:129)
	at io.cucumber.testng.AbstractTestNGCucumberTests.runScenario(AbstractTestNGCucumberTests.java:35)
	at jdk.internal.reflect.GeneratedMethodAccessor114.invoke(Unknown Source)
	at java.base/jdk.internal.reflect.DelegatingMethodAccessorImpl.invoke(DelegatingMethodAccessorImpl.java:43)
	at java.base/java.lang.reflect.Method.invoke(Method.java:568)
	at org.testng.internal.invokers.MethodInvocationHelper.invokeMethod(MethodInvocationHelper.java:139)
	at org.testng.internal.invokers.TestInvoker.invokeMethod(TestInvoker.java:677)
	at org.testng.internal.invokers.TestInvoker.invokeTestMethod(TestInvoker.java:221)
	at org.testng.internal.invokers.TestMethodWithDataProviderMethodWorker.call(TestMethodWithDataProviderMethodWorker.java:80)
	at org.testng.internal.invokers.TestMethodWithDataProviderMethodWorker.call(TestMethodWithDataProviderMethodWorker.java:17)
	at java.base/java.util.concurrent.FutureTask.run(FutureTask.java:264)
	at java.base/java.util.concurrent.Executors$RunnableAdapter.call(Executors.java:539)
	at java.base/java.util.concurrent.FutureTask.run(FutureTask.java:264)
	at java.base/java.util.concurrent.ThreadPoolExecutor.runWorker(ThreadPoolExecutor.java:1136)
	at java.base/java.util.concurrent.ThreadPoolExecutor$Worker.run(ThreadPoolExecutor.java:635)
	at java.base/java.lang.Thread.run(Thread.java:833)
Caused by: java.net.SocketException: Connection reset
	at java.base/sun.nio.ch.SocketChannelImpl.throwConnectionReset(SocketChannelImpl.java:394)
	at java.base/sun.nio.ch.SocketChannelImpl.read(SocketChannelImpl.java:426)
	at io.netty.buffer.PooledByteBuf.setBytes(PooledByteBuf.java:256)
	at io.netty.buffer.AbstractByteBuf.writeBytes(AbstractByteBuf.java:1132)
	at io.netty.channel.socket.nio.NioSocketChannel.doReadBytes(NioSocketChannel.java:357)
	at io.netty.channel.nio.AbstractNioByteChannel$NioByteUnsafe.read(AbstractNioByteChannel.java:151)
	at io.netty.channel.nio.NioEventLoop.processSelectedKey(NioEventLoop.java:788)
	at io.netty.channel.nio.NioEventLoop.processSelectedKeysOptimized(NioEventLoop.java:724)
	at io.netty.channel.nio.NioEventLoop.processSelectedKeys(NioEventLoop.java:650)
	at io.netty.channel.nio.NioEventLoop.run(NioEventLoop.java:562)
	at io.netty.util.concurrent.SingleThreadEventExecutor$4.run(SingleThreadEventExecutor.java:997)
	at io.netty.util.internal.ThreadExecutorMap$2.run(ThreadExecutorMap.java:74)
	at io.netty.util.concurrent.FastThreadLocalRunnable.run(FastThreadLocalRunnable.java:30)
	... 1 more
</textarea>
      
      </div>
                  </div>
              </div>
            </div>
        </div>
  </div>
  <div class="card">
    <div class="card-header" role="tab">
      <div class="card-title">
        <div class="node" id="403"><span class="badge log fail-bg mr-2">Fail</span>The user is succesfully able to register</div>
          <div class="status-avatar float-right mr-4">
            <i class="fa fa-paperclip"></i>
          </div>
      </div>
    </div>
        <div class="scenario_outline ">
            <div class="card-body l1">
              <div class="card-header">
                <div class="card-title outline-child">
                  <div class="node" id="404"><span class="badge log fail-bg mr-2">Fail</span>The user is succesfully able to register</div>
                    <div class="status-avatar float-right">
                      <i class="fa fa-paperclip"></i>
                    </div>
                </div>
              </div>
              <div class="card-body mt-3 ">
                  <div class="step pass-bg">
                    <span>Given User Launch Chrome browser</span>
      <div>
      </div>
                  </div>
                  <div class="step pass-bg">
                    <span>When User opens URL "https://dsportalapp.herokuapp.com/"</span>
      <div>
      </div>
                  </div>
                  <div class="step fail-bg">
                    <span>And Click on Get Started</span>
      <div>
        <textarea disabled class="code-block">org.openqa.selenium.TimeoutException: java.util.concurrent.TimeoutException
Build info: version: '4.9.0', revision: 'd7057100a6'
System info: os.name: 'Windows 11', os.arch: 'amd64', os.version: '10.0', java.version: '17.0.4.1'
Driver info: org.openqa.selenium.chrome.ChromeDriver
Command: [683d17fd1e37f3c61b9c6f80bf9814b8, clickElement {id=8F34B82A82A36243120F9DB204106EF0_element_3}]
Capabilities {acceptInsecureCerts: false, browserName: chrome, browserVersion: 115.0.5790.173, chrome: {chromedriverVersion: 114.0.5735.90 (386bc09e8f4f..., userDataDir: C:\Users\cnudr\AppData\Loca...}, goog:chromeOptions: {debuggerAddress: localhost:62342}, networkConnectionEnabled: false, pageLoadStrategy: normal, platformName: WINDOWS, proxy: Proxy(), se:cdp: ws://localhost:62342/devtoo..., se:cdpVersion: 115.0.5790.173, setWindowRect: true, strictFileInteractability: false, timeouts: {implicit: 0, pageLoad: 300000, script: 30000}, unhandledPromptBehavior: dismiss and notify, webauthn:extension:credBlob: true, webauthn:extension:largeBlob: true, webauthn:extension:minPinLength: true, webauthn:extension:prf: true, webauthn:virtualAuthenticators: true}
Element: [[ChromeDriver: chrome on WINDOWS (683d17fd1e37f3c61b9c6f80bf9814b8)] -> xpath: //button[@class='btn']]
Session ID: 683d17fd1e37f3c61b9c6f80bf9814b8
	at org.openqa.selenium.remote.http.netty.NettyHttpHandler.makeCall(NettyHttpHandler.java:65)
	at org.openqa.selenium.remote.http.AddSeleniumUserAgent.lambda$apply$0(AddSeleniumUserAgent.java:42)
	at org.openqa.selenium.remote.http.Filter.lambda$andFinally$1(Filter.java:56)
	at org.openqa.selenium.remote.http.netty.NettyHttpHandler.execute(NettyHttpHandler.java:49)
	at org.openqa.selenium.remote.http.AddSeleniumUserAgent.lambda$apply$0(AddSeleniumUserAgent.java:42)
	at org.openqa.selenium.remote.http.Filter.lambda$andFinally$1(Filter.java:56)
	at org.openqa.selenium.remote.http.netty.NettyClient.execute(NettyClient.java:99)
	at org.openqa.selenium.remote.HttpCommandExecutor.execute(HttpCommandExecutor.java:190)
	at org.openqa.selenium.remote.service.DriverCommandExecutor.invokeExecute(DriverCommandExecutor.java:183)
	at org.openqa.selenium.remote.service.DriverCommandExecutor.execute(DriverCommandExecutor.java:158)
	at org.openqa.selenium.remote.RemoteWebDriver.execute(RemoteWebDriver.java:543)
	at org.openqa.selenium.remote.RemoteWebElement.execute(RemoteWebElement.java:257)
	at org.openqa.selenium.remote.RemoteWebElement.click(RemoteWebElement.java:78)
	at jdk.internal.reflect.GeneratedMethodAccessor94.invoke(Unknown Source)
	at java.base/jdk.internal.reflect.DelegatingMethodAccessorImpl.invoke(DelegatingMethodAccessorImpl.java:43)
	at java.base/java.lang.reflect.Method.invoke(Method.java:568)
	at org.openqa.selenium.support.pagefactory.internal.LocatingElementHandler.invoke(LocatingElementHandler.java:52)
	at jdk.proxy2/jdk.proxy2.$Proxy43.click(Unknown Source)
	at com.numpyninja.cluelesscoders.pageobjects.FrontPage.clickonGetStarted(FrontPage.java:23)
	at com.numpyninja.cluelesscoders.stepdefinitions.Steps.click_on_get_started(Steps.java:96)
	at .Click on Get Started(file:///C:/Users/cnudr/git/dsAlgo/dsalgo-cucumber/./Features/registerPage.feature:108)
Caused by: java.util.concurrent.TimeoutException
	at java.base/java.util.concurrent.CompletableFuture.timedGet(CompletableFuture.java:1960)
	at java.base/java.util.concurrent.CompletableFuture.get(CompletableFuture.java:2095)
	at org.asynchttpclient.netty.NettyResponseFuture.get(NettyResponseFuture.java:206)
	at org.openqa.selenium.remote.http.netty.NettyHttpHandler.makeCall(NettyHttpHandler.java:59)
	at org.openqa.selenium.remote.http.AddSeleniumUserAgent.lambda$apply$0(AddSeleniumUserAgent.java:42)
	at org.openqa.selenium.remote.http.Filter.lambda$andFinally$1(Filter.java:56)
	at org.openqa.selenium.remote.http.netty.NettyHttpHandler.execute(NettyHttpHandler.java:49)
	at org.openqa.selenium.remote.http.AddSeleniumUserAgent.lambda$apply$0(AddSeleniumUserAgent.java:42)
	at org.openqa.selenium.remote.http.Filter.lambda$andFinally$1(Filter.java:56)
	at org.openqa.selenium.remote.http.netty.NettyClient.execute(NettyClient.java:99)
	at org.openqa.selenium.remote.HttpCommandExecutor.execute(HttpCommandExecutor.java:190)
	at org.openqa.selenium.remote.service.DriverCommandExecutor.invokeExecute(DriverCommandExecutor.java:183)
	at org.openqa.selenium.remote.service.DriverCommandExecutor.execute(DriverCommandExecutor.java:158)
	at org.openqa.selenium.remote.RemoteWebDriver.execute(RemoteWebDriver.java:543)
	at org.openqa.selenium.remote.RemoteWebElement.execute(RemoteWebElement.java:257)
	at org.openqa.selenium.remote.RemoteWebElement.click(RemoteWebElement.java:78)
	at jdk.internal.reflect.GeneratedMethodAccessor94.invoke(Unknown Source)
	at java.base/jdk.internal.reflect.DelegatingMethodAccessorImpl.invoke(DelegatingMethodAccessorImpl.java:43)
	at java.base/java.lang.reflect.Method.invoke(Method.java:568)
	at org.openqa.selenium.support.pagefactory.internal.LocatingElementHandler.invoke(LocatingElementHandler.java:52)
	at jdk.proxy2/jdk.proxy2.$Proxy43.click(Unknown Source)
	at com.numpyninja.cluelesscoders.pageobjects.FrontPage.clickonGetStarted(FrontPage.java:23)
	at com.numpyninja.cluelesscoders.stepdefinitions.Steps.click_on_get_started(Steps.java:96)
	at jdk.internal.reflect.GeneratedMethodAccessor136.invoke(Unknown Source)
	at java.base/jdk.internal.reflect.DelegatingMethodAccessorImpl.invoke(DelegatingMethodAccessorImpl.java:43)
	at java.base/java.lang.reflect.Method.invoke(Method.java:568)
	at io.cucumber.java.Invoker.doInvoke(Invoker.java:66)
	at io.cucumber.java.Invoker.invoke(Invoker.java:24)
	at io.cucumber.java.AbstractGlueDefinition.invokeMethod(AbstractGlueDefinition.java:47)
	at io.cucumber.java.JavaStepDefinition.execute(JavaStepDefinition.java:29)
	at io.cucumber.core.runner.CoreStepDefinition.execute(CoreStepDefinition.java:66)
	at io.cucumber.core.runner.PickleStepDefinitionMatch.runStep(PickleStepDefinitionMatch.java:63)
	at io.cucumber.core.runner.ExecutionMode$1.execute(ExecutionMode.java:10)
	at io.cucumber.core.runner.TestStep.executeStep(TestStep.java:86)
	at io.cucumber.core.runner.TestStep.run(TestStep.java:57)
	at io.cucumber.core.runner.PickleStepTestStep.run(PickleStepTestStep.java:51)
	at io.cucumber.core.runner.TestCase.run(TestCase.java:95)
	at io.cucumber.core.runner.Runner.runPickle(Runner.java:75)
	at io.cucumber.testng.TestNGCucumberRunner.lambda$runScenario$1(TestNGCucumberRunner.java:132)
	at io.cucumber.core.runtime.CucumberExecutionContext.lambda$runTestCase$3(CucumberExecutionContext.java:151)
	at io.cucumber.core.runtime.RethrowingThrowableCollector.executeAndThrow(RethrowingThrowableCollector.java:23)
	at io.cucumber.core.runtime.CucumberExecutionContext.runTestCase(CucumberExecutionContext.java:151)
	at io.cucumber.testng.TestNGCucumberRunner.runScenario(TestNGCucumberRunner.java:129)
	at io.cucumber.testng.AbstractTestNGCucumberTests.runScenario(AbstractTestNGCucumberTests.java:35)
	at jdk.internal.reflect.GeneratedMethodAccessor114.invoke(Unknown Source)
	at java.base/jdk.internal.reflect.DelegatingMethodAccessorImpl.invoke(DelegatingMethodAccessorImpl.java:43)
	at java.base/java.lang.reflect.Method.invoke(Method.java:568)
	at org.testng.internal.invokers.MethodInvocationHelper.invokeMethod(MethodInvocationHelper.java:139)
	at org.testng.internal.invokers.TestInvoker.invokeMethod(TestInvoker.java:677)
	at org.testng.internal.invokers.TestInvoker.invokeTestMethod(TestInvoker.java:221)
	at org.testng.internal.invokers.TestMethodWithDataProviderMethodWorker.call(TestMethodWithDataProviderMethodWorker.java:80)
	at org.testng.internal.invokers.TestMethodWithDataProviderMethodWorker.call(TestMethodWithDataProviderMethodWorker.java:17)
	at java.base/java.util.concurrent.FutureTask.run(FutureTask.java:264)
	at java.base/java.util.concurrent.Executors$RunnableAdapter.call(Executors.java:539)
	at java.base/java.util.concurrent.FutureTask.run(FutureTask.java:264)
	at java.base/java.util.concurrent.ThreadPoolExecutor.runWorker(ThreadPoolExecutor.java:1136)
	at java.base/java.util.concurrent.ThreadPoolExecutor$Worker.run(ThreadPoolExecutor.java:635)
	at java.base/java.lang.Thread.run(Thread.java:833)
</textarea>
      
      </div>
                  </div>
                  <div class="step skip-bg">
                    <span>Then Page Title should be "NumpyNinja"</span>
      <div>Step skipped
      </div>
                  </div>
                  <div class="step skip-bg">
                    <span>When User click on Register link</span>
      <div>Step skipped
      </div>
                  </div>
                  <div class="step skip-bg">
                    <span>Then Page Title should be "Registration"</span>
      <div>Step skipped
      </div>
                  </div>
                  <div class="step skip-bg">
                    <span>When User enters Username as "Siri1231" , Password as "test5678" and Password confirmation as "test5678"</span>
      <div>Step skipped
      </div>
                  </div>
                  <div class="step skip-bg">
                    <span>When The user clicks on Register button</span>
      <div>Step skipped
      </div>
                  </div>
                  <div class="step skip-bg">
                    <span>Then The user should be redirected to Homepage with the message "New Account Created. You are logged in as Siri1231"</span>
      <div>Step skipped
      </div>
                  </div>
                  <div class="step pass-bg">
                    <span>com.numpyninja.cluelesscoders.stepdefinitions.Steps.afterScenario(io.cucumber.java.Scenario)</span>
      <div>The user is succesfully able to register
          <div class="row mb-3"><div class="col-md-3">
<img data-featherlight='../Screenshots/embedded5.png' src="../Screenshots/embedded5.png">
    
    </div></div>
</div>
      <div>
      </div>
                  </div>
              </div>
            </div>
        </div>
  </div>
</div>
          </div>
        </li>
        <li class="test-item"  status="fail" test-id="407"
          author=""
          tag=""
          device="">
          <div class="test-detail">
            <p class="name">Testing the stack page of the Ds algo application</p>
            <p class="text-sm">
              <span>2:07:14 PM</span> / <span>00:03:20:913</span>
              <span class="badge fail-bg log float-right">Fail</span>
            </p>
          </div>
          <div class="test-contents d-none">
<div class="detail-head">
<div class="p-v-10">
<div class="info">
<h5 class="test-status text-fail">Testing the stack page of the Ds algo application</h5>
<span class='badge badge-success'>08.24.2023 2:07:14 PM</span>
<span class='badge badge-danger'>08.24.2023 2:10:34 PM</span>
<span class='badge badge-default'>00:03:20:913</span>
&middot; <span class='uri-anchor badge badge-default'>#test-id=407</span>
<span class='badge badge-default pointer float-right ml-1 et'><i class="fa fa-chevron-down"></i></span>
<span class='badge badge-default pointer float-right ct'><i class="fa fa-chevron-up"></i></span>
</div>
<div class="m-t-10 m-l-5"></div>
</div>
</div>
<div class="accordion mt-4">
  <div class="card">
    <div class="card-header" role="tab">
      <div class="card-title">
        <div class="node" id="408"><span class="badge log fail-bg mr-2">Fail</span>User is able to navigate to stack using dropdown option</div>
          <div class="status-avatar float-right mr-4">
            <i class="fa fa-paperclip"></i>
          </div>
      </div>
    </div>
        <div class="scenario_outline ">
            <div class="card-body l1">
              <div class="card-header">
                <div class="card-title outline-child">
                  <div class="node" id="409"><span class="badge log fail-bg mr-2">Fail</span>User is able to navigate to stack using dropdown option</div>
                    <div class="status-avatar float-right">
                      <i class="fa fa-paperclip"></i>
                    </div>
                </div>
              </div>
              <div class="card-body mt-3 ">
                  <div class="step pass-bg">
                    <span>Given User Launch Chrome browser</span>
      <div>
      </div>
                  </div>
                  <div class="step pass-bg">
                    <span>When User opens URL "https://dsportalapp.herokuapp.com/"</span>
      <div>
      </div>
                  </div>
                  <div class="step pass-bg">
                    <span>And Click on Get Started</span>
      <div>
      </div>
                  </div>
                  <div class="step pass-bg">
                    <span>Then Page Title should be "NumpyNinja"</span>
      <div>
      </div>
                  </div>
                  <div class="step pass-bg">
                    <span>When User click on Sign in link</span>
      <div>
      </div>
                  </div>
                  <div class="step fail-bg">
                    <span>Then Page Title should be "Login"</span>
      <div>
        <textarea disabled class="code-block">java.lang.AssertionError: expected [NumpyNinja] but found [Login]
	at org.testng.Assert.fail(Assert.java:110)
	at org.testng.Assert.failNotEquals(Assert.java:1577)
	at org.testng.Assert.assertEqualsImpl(Assert.java:149)
	at org.testng.Assert.assertEquals(Assert.java:131)
	at org.testng.Assert.assertEquals(Assert.java:655)
	at org.testng.Assert.assertEquals(Assert.java:665)
	at com.numpyninja.cluelesscoders.stepdefinitions.Steps.page_title_should_be(Steps.java:89)
	at .Page Title should be "Login"(file:///C:/Users/cnudr/git/dsAlgo/dsalgo-cucumber/./Features/stack.feature:9)
</textarea>
      
      </div>
                  </div>
                  <div class="step skip-bg">
                    <span>When The user enter invalid "nehasaini09" and "cellphone_09"</span>
      <div>Step skipped
      </div>
                  </div>
                  <div class="step skip-bg">
                    <span>Then The user click on login button</span>
      <div>Step skipped
      </div>
                  </div>
                  <div class="step skip-bg">
                    <span>When User click on stack from the dropdown</span>
      <div>Step skipped
      </div>
                  </div>
                  <div class="step skip-bg">
                    <span>Then Stack page is displayed</span>
      <div>Step skipped
      </div>
                  </div>
                  <div class="step skip-bg">
                    <span>When User click on topics covered with "Operations in Stack,Implementation,Applications" links</span>
      <div>Step skipped
      </div>
                  </div>
                  <div class="step skip-bg">
                    <span>And User click on try here button</span>
      <div>Step skipped
      </div>
                  </div>
                  <div class="step pass-bg">
                    <span>com.numpyninja.cluelesscoders.stepdefinitions.Steps.afterScenario(io.cucumber.java.Scenario)</span>
      <div>User is able to navigate to stack using dropdown option
          <div class="row mb-3"><div class="col-md-3">
<img data-featherlight='../Screenshots/embedded4.png' src="../Screenshots/embedded4.png">
    
    </div></div>
</div>
      <div>
      </div>
                  </div>
              </div>
            </div>
        </div>
  </div>
</div>
          </div>
        </li>
      </ul>
    </div>
  </div>
<div class="test-content scrollable">
<div class="test-content-tools">
<ul><li><a class="back-to-test" href="#"><i class="fa fa-arrow-left"></i></a></li></ul>
</div>
<div class="test-content-detail"><div class="detail-body"></div></div>
</div></div>
<div class="test-wrapper row view exception-view attributes-view">
<div class="test-list">
<div class="test-list-tools">
<ul class="tools pull-left"><li><a href=""><span class="font-size-14">Exception</span></a></li></ul>
<ul class="tools text-right"><li><a href="#"><span class="badge badge-primary">4</span></a></li></ul>
</div>
<div class="test-list-wrapper scrollable">
<ul class="test-list-item">
<li class="test-item">
<div class="test-detail">
<span class="meta">
<span class='badge log badge-danger'>3</span>
</span>
<p class="name">java.lang.AssertionError</p>
<p class="duration text-sm">3 tests</p>
</div>
<div class="test-contents d-none">
<div class="info">
<h4>java.lang.AssertionError</h4>
<span status="fail" class='badge log badge-danger'>3 failed</span>
</div>
<table class='table table-sm mt-4'>
<thead>
<tr>
<th class="status-col">Status</th>
<th class="timestamp-col">Timestamp</th>
<th>TestName</th>
</tr>
</thead>
<tbody>
<tr class="tag-test-status" status="fail">
<td><span class="badge log fail-bg">Fail</span></td>
<td>14:10:23 PM</td>
<td>
<a href="#" class="linked" test-id='407' id='464'>Then Page Title should be "Login"</a>
<div class="">
<span class="badge badge-default">Testing the stack page of the Ds algo application.User is able to navigate to stack using dropdown option.Then Page Title should be "Login"</span>
</div>
</td>
</tr>
<tr class="tag-test-status" status="fail">
<td><span class="badge log fail-bg">Fail</span></td>
<td>14:10:36 PM</td>
<td>
<a href="#" class="linked" test-id='281' id='507'>Then It should display an error message "password cant be too similar to your other personal information."</a>
<div class="">
<span class="badge badge-default">Register.Check for Password similar to username.Then It should display an error message "password cant be too similar to your other personal information."</span>
</div>
</td>
</tr>
<tr class="tag-test-status" status="fail">
<td><span class="badge log fail-bg">Fail</span></td>
<td>14:10:36 PM</td>
<td>
<a href="#" class="linked" test-id='281' id='509'>Then It should display an error message "Password cant be entirely numeric."</a>
<div class="">
<span class="badge badge-default">Register.Check for Password with only numbers.Then It should display an error message "Password cant be entirely numeric."</span>
</div>
</td>
</tr>
</tbody>
</table>
</div>
</li>
<li class="test-item">
<div class="test-detail">
<span class="meta">
<span class='badge log badge-danger'>3</span>
</span>
<p class="name">org.openqa.selenium.remote.UnreachableBrowserException</p>
<p class="duration text-sm">3 tests</p>
</div>
<div class="test-contents d-none">
<div class="info">
<h4>org.openqa.selenium.remote.UnreachableBrowserException</h4>
<span status="fail" class='badge log badge-danger'>3 failed</span>
</div>
<table class='table table-sm mt-4'>
<thead>
<tr>
<th class="status-col">Status</th>
<th class="timestamp-col">Timestamp</th>
<th>TestName</th>
</tr>
</thead>
<tbody>
<tr class="tag-test-status" status="fail">
<td><span class="badge log fail-bg">Fail</span></td>
<td>14:07:26 PM</td>
<td>
<a href="#" class="linked" test-id='281' id='453'>When User click on Register link</a>
<div class="">
<span class="badge badge-default">Register.Check for error message for commonly used password.When User click on Register link</span>
</div>
</td>
</tr>
<tr class="tag-test-status" status="fail">
<td><span class="badge log fail-bg">Fail</span></td>
<td>14:10:25 PM</td>
<td>
<a href="#" class="linked" test-id='281' id='480'>com.numpyninja.cluelesscoders.stepdefinitions.Steps.afterScenario(io.cucumber.java.Scenario)</a>
<div class="">
<span class="badge badge-default">Register.Check for error message for commonly used password.com.numpyninja.cluelesscoders.stepdefinitions.Steps.afterScenario(io.cucumber.java.Scenario)</span>
</div>
</td>
</tr>
<tr class="tag-test-status" status="fail">
<td><span class="badge log fail-bg">Fail</span></td>
<td>14:10:21 PM</td>
<td>
<a href="#" class="linked" test-id='281' id='463'>com.numpyninja.cluelesscoders.stepdefinitions.Steps.afterScenario(io.cucumber.java.Scenario)</a>
<div class="">
<span class="badge badge-default">Register.Check for error message for password with characters less than 8.com.numpyninja.cluelesscoders.stepdefinitions.Steps.afterScenario(io.cucumber.java.Scenario)</span>
</div>
</td>
</tr>
</tbody>
</table>
</div>
</li>
<li class="test-item">
<div class="test-detail">
<span class="meta">
<span class='badge log badge-danger'>4</span>
</span>
<p class="name">org.openqa.selenium.ElementNotInteractableException</p>
<p class="duration text-sm">4 tests</p>
</div>
<div class="test-contents d-none">
<div class="info">
<h4>org.openqa.selenium.ElementNotInteractableException</h4>
<span status="fail" class='badge log badge-danger'>4 failed</span>
</div>
<table class='table table-sm mt-4'>
<thead>
<tr>
<th class="status-col">Status</th>
<th class="timestamp-col">Timestamp</th>
<th>TestName</th>
</tr>
</thead>
<tbody>
<tr class="tag-test-status" status="fail">
<td><span class="badge log fail-bg">Fail</span></td>
<td>14:07:03 PM</td>
<td>
<a href="#" class="linked" test-id='232' id='338'>When User click on topics covered with "Arrays in Python,Arrays Using List,Basic Operations in Lists,Applications of Array" links</a>
<div class="">
<span class="badge badge-default">Testing the Linked list page of the Ds algo application.User is able to navigate to Array using dropdown option.When User click on topics covered with "Arrays in Python,Arrays Using List,Basic Operations in Lists,Applications of Array" links</span>
</div>
</td>
</tr>
<tr class="tag-test-status" status="fail">
<td><span class="badge log fail-bg">Fail</span></td>
<td>14:07:08 PM</td>
<td>
<a href="#" class="linked" test-id='232' id='367'>When User click on topics covered with "Implementation of Queue in Python,Implementation using collections.deque,Implementation using array,Queue Operations" links</a>
<div class="">
<span class="badge badge-default">Testing the Linked list page of the Ds algo application.User is able to navigate to Queue using dropdown option.When User click on topics covered with "Implementation of Queue in Python,Implementation using collections.deque,Implementation using array,Queue Operations" links</span>
</div>
</td>
</tr>
<tr class="tag-test-status" status="fail">
<td><span class="badge log fail-bg">Fail</span></td>
<td>14:07:10 PM</td>
<td>
<a href="#" class="linked" test-id='232' id='379'>When User click on topics covered with "Introduction,Creating Linked LIst,Types of Linked List,Implement Linked List in Python,Traversal,Insertion,Deletion" links</a>
<div class="">
<span class="badge badge-default">Testing the Linked list page of the Ds algo application.User is able to navigate to Linked list using dropdown option.When User click on topics covered with "Introduction,Creating Linked LIst,Types of Linked List,Implement Linked List in Python,Traversal,Insertion,Deletion" links</span>
</div>
</td>
</tr>
<tr class="tag-test-status" status="fail">
<td><span class="badge log fail-bg">Fail</span></td>
<td>14:10:35 PM</td>
<td>
<a href="#" class="linked" test-id='232' id='506'>When User click on topics covered with "Overview of Trees,Terminologies,Types of Trees,Tree Traversals,Traversals-Illustration,Binary Trees,Types of Binary Trees,Implementation in Python,Binary Tree Traversals,Implementation of Binary Trees,Applications of Binary trees,Binary Search Trees,Implementation Of BST" links</a>
<div class="">
<span class="badge badge-default">Testing the Linked list page of the Ds algo application.User is able to navigate to Tree using dropdown option.When User click on topics covered with "Overview of Trees,Terminologies,Types of Trees,Tree Traversals,Traversals-Illustration,Binary Trees,Types of Binary Trees,Implementation in Python,Binary Tree Traversals,Implementation of Binary Trees,Applications of Binary trees,Binary Search Trees,Implementation Of BST" links</span>
</div>
</td>
</tr>
</tbody>
</table>
</div>
</li>
<li class="test-item">
<div class="test-detail">
<span class="meta">
<span class='badge log badge-danger'>2</span>
</span>
<p class="name">org.openqa.selenium.TimeoutException</p>
<p class="duration text-sm">2 tests</p>
</div>
<div class="test-contents d-none">
<div class="info">
<h4>org.openqa.selenium.TimeoutException</h4>
<span status="fail" class='badge log badge-danger'>2 failed</span>
</div>
<table class='table table-sm mt-4'>
<thead>
<tr>
<th class="status-col">Status</th>
<th class="timestamp-col">Timestamp</th>
<th>TestName</th>
</tr>
</thead>
<tbody>
<tr class="tag-test-status" status="fail">
<td><span class="badge log fail-bg">Fail</span></td>
<td>14:07:20 PM</td>
<td>
<a href="#" class="linked" test-id='281' id='427'>When User opens URL "https://dsportalapp.herokuapp.com/"</a>
<div class="">
<span class="badge badge-default">Register.Check for error message for password with characters less than 8.When User opens URL "https://dsportalapp.herokuapp.com/"</span>
</div>
</td>
</tr>
<tr class="tag-test-status" status="fail">
<td><span class="badge log fail-bg">Fail</span></td>
<td>14:07:25 PM</td>
<td>
<a href="#" class="linked" test-id='281' id='451'>And Click on Get Started</a>
<div class="">
<span class="badge badge-default">Register.The user is succesfully able to register.And Click on Get Started</span>
</div>
</td>
</tr>
</tbody>
</table>
</div>
</li>
</ul>
</div>
</div>
<div class="test-content scrollable">
<div class="test-content-detail">
<div class="detail-body"></div>
</div>
</div>
</div>        </div>
      </div>
    </div>
  </div>
<script src="https://cdn.jsdelivr.net/gh/extent-framework/extent-github-cdn@d6562a79075e061305ccfdb82f01e5e195e2d307/spark/js/spark-script.js"></script>
<script type="text/javascript"></script></body>
</html>