

<!DOCTYPE html>
<html>
<head>
<meta charset="UTF-8">
<meta name="viewport" content="width=device-width, initial-scale=1, shrink-to-fit=no">
<title></title>
<link rel="apple-touch-icon" href="https://cdn.jsdelivr.net/gh/extent-framework/extent-github-cdn@b00a2d0486596e73dd7326beacf352c639623a0e/commons/img/logo.png">
<link rel="shortcut icon" href="https://cdn.jsdelivr.net/gh/extent-framework/extent-github-cdn@b00a2d0486596e73dd7326beacf352c639623a0e/commons/img/logo.png">
<link href="https://cdn.jsdelivr.net/gh/extent-framework/extent-github-cdn@d6562a79075e061305ccfdb82f01e5e195e2d307/spark/css/spark-style.css" rel="stylesheet" />
<link href="https://stackpath.bootstrapcdn.com/font-awesome/4.7.0/css/font-awesome.min.css" rel="stylesheet">
<script src="https://cdn.jsdelivr.net/gh/extent-framework/extent-github-cdn@7cc78ce/spark/js/jsontree.js"></script>
<style type="text/css"></style></head><body class="spa bdd-report standard">
  <div class="app">
    <div class="layout">
<div class="header navbar">
<div class="vheader">
<div class="nav-logo">
<a href="#">
<div class="logo" style="background-image: url('https://cdn.jsdelivr.net/gh/extent-framework/extent-github-cdn@b00a2d0486596e73dd7326beacf352c639623a0e/commons/img/logo.png')"></div>
</a>
</div>
<ul class="nav-left">
<li class="search-box">
<a class="search-toggle" href="#">
<i class="search-icon fa fa-search"></i>
<i class="search-icon-close fa fa-close"></i>
</a>
</li>
<li class="search-input"><input id="search-tests" class="form-control" type="text" placeholder="Search..."></li>
</ul>
<ul class="nav-right">
<li class="m-r-10">
<a href="#"><span class="badge badge-primary"></span></a>
</li>
<li class="m-r-10">
<a href="#"><span class="badge badge-primary">Aug 24, 2023 10:30:01 AM</span></a>
</li>
</ul>
</div>
</div><div class="side-nav">
<div class="side-nav-inner">
<ul class="side-nav-menu">
<li class="nav-item dropdown" onclick="toggleView('dashboard-view')">
<a id="nav-dashboard" class="dropdown-toggle" href="#">
<span class="ico"><i class="fa fa-bar-chart"></i></span>
</a>
</li>
<li class="nav-item dropdown" onclick="toggleView('test-view')">
<a id="nav-test" class="dropdown-toggle" href="#">
<span class="ico"><i class="fa fa-list"></i></span>
</a>
</li>
<li class="nav-item dropdown" onclick="toggleView('exception-view')">
<a id="nav-exception" class="dropdown-toggle" href="#">
<span class="ico"><i class="fa fa-bug"></i></span>
</a>
</li>
</ul>
</div>
</div>      <div class="vcontainer">
        <div class="main-content">
<div class="container-fluid p-4 view dashboard-view">
<div class="row">
<div class="col-md-3">
<div class="card"><div class="card-body">
<p class="m-b-0">Started</p>
<h3>Aug 24, 2023 10:30:01 AM</h3>
</div></div>
</div>
<div class="col-md-3">
<div class="card"><div class="card-body">
<p class="m-b-0">Ended</p>
<h3>Aug 24, 2023 10:32:14 AM</h3>
</div></div>
</div>
<div class="col-md-3">
<div class="card"><div class="card-body">
<p class="m-b-0 text-pass">Features Passed</p>
<h3>2</h3>
</div></div>
</div>
<div class="col-md-3">
<div class="card"><div class="card-body">
<p class="m-b-0 text-fail">Features Failed</p>
<h3>6</h3>
</div></div>
</div>
</div>
<div class="row">
<div class="col-md-4">
<div class="card">
<div class="card-header">
<h6 class="card-title">Features</h6>
</div>
<div class="card-body">
<div class="">
<canvas id='parent-analysis' width='115' height='90'></canvas>
</div>
</div>
<div class="card-footer">
<div><small data-tooltip='25%'>
<b>2</b> features passed
</small>
</div>
<div>
<small data-tooltip='75%'><b>6</b> features failed,
<b>0</b> skipped, <b data-tooltip='0%'>0</b> others
</small>
</div>
</div>
</div>
</div>
<div class="col-md-4">
<div class="card">
<div class="card-header">
<h6 class="card-title">Scenarios</h6>
</div>
<div class="card-body">
<div class="">
<canvas id='child-analysis' width='115' height='90'></canvas>
</div>
</div>
<div class="card-footer">
<div><small data-tooltip='45%'><b>20</b> scenarios passed</small></div>
<div>
<small data-tooltip='54%'><b>24</b> scenarios failed,
<b>0</b> skipped, <b data-tooltip='%'>0</b> others
</small>
</div>
</div>
</div>
</div>
<div class="col-md-4">
<div class="card">
<div class="card-header">
<h6 class="card-title">Steps</h6>
</div>
<div class="card-body">
<div class="">
<canvas id='grandchild-analysis' width='115' height='90'></canvas>
</div>
</div>
<div class="card-footer">
<div><small data-tooltip='93%'><b>414</b> steps passed</small></div>
<div>
<small data-tooltip='5%'><b>24</b> steps failed,
<b>3</b> skipped, <b data-tooltip='%'>0</b> others
</small>
</div>
</div>
</div>
</div>
</div>
<div class="row"><div class="col-md-12">
<div class="card"><div class="card-header"><p>Timeline</p></div>
<div class="card-body pt-0"><div>
<canvas id="timeline" height="120"></canvas>
</div></div>
</div>
</div></div>
<script>
var timeline = {
"Home":58.64,"Testing Data Structure page of the DS algo application":33.11,"Testing Data Structure data driven page of the DS algo application":33.83,"Testing Signin page of the DS algo application":25.343,"User enter invalid and valid inputs from Excelr on login page":30.833,"Testing the Linked list page of the Ds algo application":81.069,"Register":25.296,"Testing the stack page of the Ds algo application":19.771
};
</script>
<div class="row">
<div class="col-lg-6 col-md-12 category-container">
<div class="card">
<div class="card-header"><p>Tags</p></div>
<div class="card-body pb-0 pt-0"><table class="table table-sm table-bordered">
<thead><tr class="bg-gray"><th>Name</th><th>Passed</th><th>Failed</th><th>Skipped</th><th>Others</th><th>Passed %</th></tr></thead><tbody>
<tr>
<td>@Sanity</td>
<td>2</td>
<td>2</td>
<td>0</td>
<td>0</td>
<td>50%</td>
</tr>
<tr>
<td>@priority02</td>
<td>1</td>
<td>0</td>
<td>0</td>
<td>0</td>
<td>100%</td>
</tr>
<tr>
<td>@Regression</td>
<td>0</td>
<td>14</td>
<td>0</td>
<td>0</td>
<td>0%</td>
</tr>
<tr>
<td>@priority01</td>
<td>1</td>
<td>0</td>
<td>0</td>
<td>0</td>
<td>100%</td>
</tr>
<tr>
<td>@Invalid</td>
<td>8</td>
<td>0</td>
<td>0</td>
<td>0</td>
<td>100%</td>
</tr>
<tr>
<td>@pageLaunch</td>
<td>3</td>
<td>3</td>
<td>0</td>
<td>0</td>
<td>50%</td>
</tr>
</tbody>
</table></div>
</div>
</div>
<div class="col-lg-6 col-md-12 sysenv-container">
<div class="card">
<div class="card-header"><p>System/Environment</p></div>
<div class="card-body pb-0 pt-0"><table class="table table-sm table-bordered">
<thead><tr class="bg-gray"><th>Name</th><th>Value</th></tr></thead>
<tbody>
<tr>
<td>AppName</td>
<td>{App name}</td>
</tr>
<tr>
<td>user</td>
<td>{User name}</td>
</tr>
<tr>
<td>build</td>
<td>{Build version}</td>
</tr>
</tbody>
</table></div>
</div>
</div>
</div>
</div>
<script>
var statusGroup = {
parentCount: 5,
passParent: 2,
failParent: 6,
warningParent: 0,
skipParent: 0,
childCount: 5,
passChild: 20,
failChild: 24,
warningChild: 0,
skipChild: 0,
infoChild: 0,
grandChildCount: 5,
passGrandChild: 414,
failGrandChild: 24,
warningGrandChild: 0,
skipGrandChild: 3,
infoGrandChild: 0,
eventsCount: 5,
};
</script><div class="test-wrapper row view test-view">
  <div class="test-list">
    <div class="test-list-tools">
<ul class="tools pull-left">
<li><a href="#"><span class="font-size-14">Tests</span></a></li>
</ul>
<ul class="tools text-right">
<li class="dropdown">
<a href="#" class="dropdown-toggle" data-toggle="dropdown"><i class="fa fa-exclamation-circle"></i></a>
<ul id="status-toggle" class="dropdown-menu dropdown-md p-v-0">
<a class="dropdown-item" status="pass" href="#"><span>Pass</span><span class="status success"></span></a>
<a class="dropdown-item" status="fail" href="#"><span>Fail</span><span class="status danger"></span></a>
<div class="dropdown-divider"></div>
<a status="clear" class="dropdown-item" href="#"><span>Clear</span><span class="pull-right"><i class="fa fa-close"></i></span></a>
</ul>
</li>
<li class="dropdown">
<a href="#" class="dropdown-toggle" data-toggle="dropdown"><i class="fa fa-tag"></i></a>
<ul id="tag-toggle" class="dropdown-menu dropdown-md p-v-0">
<a class="dropdown-item" href="#">@Sanity</a><a class="dropdown-item" href="#">@priority02</a><a class="dropdown-item" href="#">@Regression</a><a class="dropdown-item" href="#">@priority01</a><a class="dropdown-item" href="#">@Invalid</a><a class="dropdown-item" href="#">@pageLaunch</a>
</ul>
</li>
</ul>
</div>    <div class="test-list-wrapper scrollable">
      <ul class="test-list-item">
        <li class="test-item"  status="fail" test-id="1"
          author=""
          tag=""
          device="">
          <div class="test-detail">
            <p class="name">Home</p>
            <p class="text-sm">
              <span>10:30:03 AM</span> / <span>00:00:58:640</span>
              <span class="badge fail-bg log float-right">Fail</span>
            </p>
          </div>
          <div class="test-contents d-none">
<div class="detail-head">
<div class="p-v-10">
<div class="info">
<h5 class="test-status text-fail">Home</h5>
<span class='badge badge-success'>08.24.2023 10:30:03 AM</span>
<span class='badge badge-danger'>08.24.2023 10:31:01 AM</span>
<span class='badge badge-default'>00:00:58:640</span>
&middot; <span class='uri-anchor badge badge-default'>#test-id=1</span>
<span class='badge badge-default pointer float-right ml-1 et'><i class="fa fa-chevron-down"></i></span>
<span class='badge badge-default pointer float-right ct'><i class="fa fa-chevron-up"></i></span>
</div>
<div class="m-t-10 m-l-5"></div>
</div>
</div>
<div class="accordion mt-4">
  <div class="card">
    <div class="card-header" role="tab">
      <div class="card-title">
        <div class="node" id="2"><span class="badge log fail-bg mr-2">Fail</span>Click on DataStructure DropDown without login</div>
      </div>
    </div>
        <div class="scenario_outline ">
            <div class="card-body l1">
              <div class="card-header">
                <div class="card-title outline-child">
                  <div class="node" id="3"><span class="badge log fail-bg mr-2">Fail</span>Click on DataStructure DropDown without login</div>
                </div>
              </div>
              <div class="card-body mt-3 ">
                  <div class="step pass-bg">
                    <span>Given User Launch Chrome browser</span>
      <div>
      </div>
                  </div>
                  <div class="step pass-bg">
                    <span>When User opens URL "https://dsportalapp.herokuapp.com/"</span>
      <div>
      </div>
                  </div>
                  <div class="step pass-bg">
                    <span>And Click on Get Started</span>
      <div>
      </div>
                  </div>
                  <div class="step pass-bg">
                    <span>Then Page Title should be "NumpyNinja"</span>
      <div>
      </div>
                  </div>
                  <div class="step pass-bg">
                    <span>When User click on Data Structure DropDown</span>
      <div>
      </div>
                  </div>
                  <div class="step pass-bg">
                    <span>And User click on "Linked List"</span>
      <div>
      </div>
                  </div>
                  <div class="step pass-bg">
                    <span>Then The user get warning message "You are not logged in"</span>
      <div>
      </div>
                  </div>
                  <div class="step pass-bg">
                    <span>And close browser</span>
      <div>
      </div>
                  </div>
                  <div class="step fail-bg">
                    <span>com.numpyninja.cluelesscoders.stepdefinitions.Steps.afterScenario(io.cucumber.java.Scenario)</span>
      <div>
        <textarea disabled class="code-block">org.openqa.selenium.NoSuchSessionException: Session ID is null. Using WebDriver after calling quit()?
Build info: version: '4.9.0', revision: 'd7057100a6'
System info: os.name: 'Windows 11', os.arch: 'amd64', os.version: '10.0', java.version: '17.0.4.1'
Driver info: org.openqa.selenium.chrome.ChromeDriver
Command: [null, close {}]
Capabilities {acceptInsecureCerts: false, browserName: chrome, browserVersion: 115.0.5790.173, chrome: {chromedriverVersion: 114.0.5735.90 (386bc09e8f4f..., userDataDir: C:\Users\cnudr\AppData\Loca...}, goog:chromeOptions: {debuggerAddress: localhost:51955}, networkConnectionEnabled: false, pageLoadStrategy: normal, platformName: WINDOWS, proxy: Proxy(), se:cdp: ws://localhost:51955/devtoo..., se:cdpVersion: 115.0.5790.173, setWindowRect: true, strictFileInteractability: false, timeouts: {implicit: 0, pageLoad: 300000, script: 30000}, unhandledPromptBehavior: dismiss and notify, webauthn:extension:credBlob: true, webauthn:extension:largeBlob: true, webauthn:extension:minPinLength: true, webauthn:extension:prf: true, webauthn:virtualAuthenticators: true}
	at org.openqa.selenium.remote.HttpCommandExecutor.execute(HttpCommandExecutor.java:154)
	at org.openqa.selenium.remote.service.DriverCommandExecutor.invokeExecute(DriverCommandExecutor.java:183)
	at org.openqa.selenium.remote.service.DriverCommandExecutor.execute(DriverCommandExecutor.java:158)
	at org.openqa.selenium.remote.RemoteWebDriver.execute(RemoteWebDriver.java:543)
	at org.openqa.selenium.remote.RemoteWebDriver.execute(RemoteWebDriver.java:598)
	at org.openqa.selenium.remote.RemoteWebDriver.execute(RemoteWebDriver.java:602)
	at org.openqa.selenium.remote.RemoteWebDriver.close(RemoteWebDriver.java:419)
	at com.numpyninja.cluelesscoders.stepdefinitions.Steps.afterScenario(Steps.java:433)
</textarea>
      
      </div>
                  </div>
              </div>
            </div>
            <div class="card-body l1">
              <div class="card-header">
                <div class="card-title outline-child">
                  <div class="node" id="4"><span class="badge log fail-bg mr-2">Fail</span>Click on DataStructure DropDown without login</div>
                </div>
              </div>
              <div class="card-body mt-3 ">
                  <div class="step pass-bg">
                    <span>Given User Launch Chrome browser</span>
      <div>
      </div>
                  </div>
                  <div class="step pass-bg">
                    <span>When User opens URL "https://dsportalapp.herokuapp.com/"</span>
      <div>
      </div>
                  </div>
                  <div class="step pass-bg">
                    <span>And Click on Get Started</span>
      <div>
      </div>
                  </div>
                  <div class="step pass-bg">
                    <span>Then Page Title should be "NumpyNinja"</span>
      <div>
      </div>
                  </div>
                  <div class="step pass-bg">
                    <span>When User click on Data Structure DropDown</span>
      <div>
      </div>
                  </div>
                  <div class="step pass-bg">
                    <span>And User click on "Arrays"</span>
      <div>
      </div>
                  </div>
                  <div class="step pass-bg">
                    <span>Then The user get warning message "You are not logged in"</span>
      <div>
      </div>
                  </div>
                  <div class="step pass-bg">
                    <span>And close browser</span>
      <div>
      </div>
                  </div>
                  <div class="step fail-bg">
                    <span>com.numpyninja.cluelesscoders.stepdefinitions.Steps.afterScenario(io.cucumber.java.Scenario)</span>
      <div>
        <textarea disabled class="code-block">org.openqa.selenium.NoSuchSessionException: Session ID is null. Using WebDriver after calling quit()?
Build info: version: '4.9.0', revision: 'd7057100a6'
System info: os.name: 'Windows 11', os.arch: 'amd64', os.version: '10.0', java.version: '17.0.4.1'
Driver info: org.openqa.selenium.chrome.ChromeDriver
Command: [null, close {}]
Capabilities {acceptInsecureCerts: false, browserName: chrome, browserVersion: 115.0.5790.173, chrome: {chromedriverVersion: 114.0.5735.90 (386bc09e8f4f..., userDataDir: C:\Users\cnudr\AppData\Loca...}, goog:chromeOptions: {debuggerAddress: localhost:51952}, networkConnectionEnabled: false, pageLoadStrategy: normal, platformName: WINDOWS, proxy: Proxy(), se:cdp: ws://localhost:51952/devtoo..., se:cdpVersion: 115.0.5790.173, setWindowRect: true, strictFileInteractability: false, timeouts: {implicit: 0, pageLoad: 300000, script: 30000}, unhandledPromptBehavior: dismiss and notify, webauthn:extension:credBlob: true, webauthn:extension:largeBlob: true, webauthn:extension:minPinLength: true, webauthn:extension:prf: true, webauthn:virtualAuthenticators: true}
	at org.openqa.selenium.remote.HttpCommandExecutor.execute(HttpCommandExecutor.java:154)
	at org.openqa.selenium.remote.service.DriverCommandExecutor.invokeExecute(DriverCommandExecutor.java:183)
	at org.openqa.selenium.remote.service.DriverCommandExecutor.execute(DriverCommandExecutor.java:158)
	at org.openqa.selenium.remote.RemoteWebDriver.execute(RemoteWebDriver.java:543)
	at org.openqa.selenium.remote.RemoteWebDriver.execute(RemoteWebDriver.java:598)
	at org.openqa.selenium.remote.RemoteWebDriver.execute(RemoteWebDriver.java:602)
	at org.openqa.selenium.remote.RemoteWebDriver.close(RemoteWebDriver.java:419)
	at com.numpyninja.cluelesscoders.stepdefinitions.Steps.afterScenario(Steps.java:433)
</textarea>
      
      </div>
                  </div>
              </div>
            </div>
            <div class="card-body l1">
              <div class="card-header">
                <div class="card-title outline-child">
                  <div class="node" id="5"><span class="badge log fail-bg mr-2">Fail</span>Click on DataStructure DropDown without login</div>
                </div>
              </div>
              <div class="card-body mt-3 ">
                  <div class="step pass-bg">
                    <span>Given User Launch Chrome browser</span>
      <div>
      </div>
                  </div>
                  <div class="step pass-bg">
                    <span>When User opens URL "https://dsportalapp.herokuapp.com/"</span>
      <div>
      </div>
                  </div>
                  <div class="step pass-bg">
                    <span>And Click on Get Started</span>
      <div>
      </div>
                  </div>
                  <div class="step pass-bg">
                    <span>Then Page Title should be "NumpyNinja"</span>
      <div>
      </div>
                  </div>
                  <div class="step pass-bg">
                    <span>When User click on Data Structure DropDown</span>
      <div>
      </div>
                  </div>
                  <div class="step pass-bg">
                    <span>And User click on "Stack"</span>
      <div>
      </div>
                  </div>
                  <div class="step pass-bg">
                    <span>Then The user get warning message "You are not logged in"</span>
      <div>
      </div>
                  </div>
                  <div class="step pass-bg">
                    <span>And close browser</span>
      <div>
      </div>
                  </div>
                  <div class="step fail-bg">
                    <span>com.numpyninja.cluelesscoders.stepdefinitions.Steps.afterScenario(io.cucumber.java.Scenario)</span>
      <div>
        <textarea disabled class="code-block">org.openqa.selenium.NoSuchSessionException: Session ID is null. Using WebDriver after calling quit()?
Build info: version: '4.9.0', revision: 'd7057100a6'
System info: os.name: 'Windows 11', os.arch: 'amd64', os.version: '10.0', java.version: '17.0.4.1'
Driver info: org.openqa.selenium.chrome.ChromeDriver
Command: [null, close {}]
Capabilities {acceptInsecureCerts: false, browserName: chrome, browserVersion: 115.0.5790.173, chrome: {chromedriverVersion: 114.0.5735.90 (386bc09e8f4f..., userDataDir: C:\Users\cnudr\AppData\Loca...}, goog:chromeOptions: {debuggerAddress: localhost:51993}, networkConnectionEnabled: false, pageLoadStrategy: normal, platformName: WINDOWS, proxy: Proxy(), se:cdp: ws://localhost:51993/devtoo..., se:cdpVersion: 115.0.5790.173, setWindowRect: true, strictFileInteractability: false, timeouts: {implicit: 0, pageLoad: 300000, script: 30000}, unhandledPromptBehavior: dismiss and notify, webauthn:extension:credBlob: true, webauthn:extension:largeBlob: true, webauthn:extension:minPinLength: true, webauthn:extension:prf: true, webauthn:virtualAuthenticators: true}
	at org.openqa.selenium.remote.HttpCommandExecutor.execute(HttpCommandExecutor.java:154)
	at org.openqa.selenium.remote.service.DriverCommandExecutor.invokeExecute(DriverCommandExecutor.java:183)
	at org.openqa.selenium.remote.service.DriverCommandExecutor.execute(DriverCommandExecutor.java:158)
	at org.openqa.selenium.remote.RemoteWebDriver.execute(RemoteWebDriver.java:543)
	at org.openqa.selenium.remote.RemoteWebDriver.execute(RemoteWebDriver.java:598)
	at org.openqa.selenium.remote.RemoteWebDriver.execute(RemoteWebDriver.java:602)
	at org.openqa.selenium.remote.RemoteWebDriver.close(RemoteWebDriver.java:419)
	at com.numpyninja.cluelesscoders.stepdefinitions.Steps.afterScenario(Steps.java:433)
</textarea>
      
      </div>
                  </div>
              </div>
            </div>
            <div class="card-body l1">
              <div class="card-header">
                <div class="card-title outline-child">
                  <div class="node" id="7"><span class="badge log fail-bg mr-2">Fail</span>Click on DataStructure DropDown without login</div>
                </div>
              </div>
              <div class="card-body mt-3 ">
                  <div class="step pass-bg">
                    <span>Given User Launch Chrome browser</span>
      <div>
      </div>
                  </div>
                  <div class="step pass-bg">
                    <span>When User opens URL "https://dsportalapp.herokuapp.com/"</span>
      <div>
      </div>
                  </div>
                  <div class="step pass-bg">
                    <span>And Click on Get Started</span>
      <div>
      </div>
                  </div>
                  <div class="step pass-bg">
                    <span>Then Page Title should be "NumpyNinja"</span>
      <div>
      </div>
                  </div>
                  <div class="step pass-bg">
                    <span>When User click on Data Structure DropDown</span>
      <div>
      </div>
                  </div>
                  <div class="step pass-bg">
                    <span>And User click on "Queue"</span>
      <div>
      </div>
                  </div>
                  <div class="step pass-bg">
                    <span>Then The user get warning message "You are not logged in"</span>
      <div>
      </div>
                  </div>
                  <div class="step pass-bg">
                    <span>And close browser</span>
      <div>
      </div>
                  </div>
                  <div class="step fail-bg">
                    <span>com.numpyninja.cluelesscoders.stepdefinitions.Steps.afterScenario(io.cucumber.java.Scenario)</span>
      <div>
        <textarea disabled class="code-block">org.openqa.selenium.NoSuchSessionException: Session ID is null. Using WebDriver after calling quit()?
Build info: version: '4.9.0', revision: 'd7057100a6'
System info: os.name: 'Windows 11', os.arch: 'amd64', os.version: '10.0', java.version: '17.0.4.1'
Driver info: org.openqa.selenium.chrome.ChromeDriver
Command: [null, close {}]
Capabilities {acceptInsecureCerts: false, browserName: chrome, browserVersion: 115.0.5790.173, chrome: {chromedriverVersion: 114.0.5735.90 (386bc09e8f4f..., userDataDir: C:\Users\cnudr\AppData\Loca...}, goog:chromeOptions: {debuggerAddress: localhost:51957}, networkConnectionEnabled: false, pageLoadStrategy: normal, platformName: WINDOWS, proxy: Proxy(), se:cdp: ws://localhost:51957/devtoo..., se:cdpVersion: 115.0.5790.173, setWindowRect: true, strictFileInteractability: false, timeouts: {implicit: 0, pageLoad: 300000, script: 30000}, unhandledPromptBehavior: dismiss and notify, webauthn:extension:credBlob: true, webauthn:extension:largeBlob: true, webauthn:extension:minPinLength: true, webauthn:extension:prf: true, webauthn:virtualAuthenticators: true}
	at org.openqa.selenium.remote.HttpCommandExecutor.execute(HttpCommandExecutor.java:154)
	at org.openqa.selenium.remote.service.DriverCommandExecutor.invokeExecute(DriverCommandExecutor.java:183)
	at org.openqa.selenium.remote.service.DriverCommandExecutor.execute(DriverCommandExecutor.java:158)
	at org.openqa.selenium.remote.RemoteWebDriver.execute(RemoteWebDriver.java:543)
	at org.openqa.selenium.remote.RemoteWebDriver.execute(RemoteWebDriver.java:598)
	at org.openqa.selenium.remote.RemoteWebDriver.execute(RemoteWebDriver.java:602)
	at org.openqa.selenium.remote.RemoteWebDriver.close(RemoteWebDriver.java:419)
	at com.numpyninja.cluelesscoders.stepdefinitions.Steps.afterScenario(Steps.java:433)
</textarea>
      
      </div>
                  </div>
              </div>
            </div>
            <div class="card-body l1">
              <div class="card-header">
                <div class="card-title outline-child">
                  <div class="node" id="107"><span class="badge log fail-bg mr-2">Fail</span>Click on DataStructure DropDown without login</div>
                </div>
              </div>
              <div class="card-body mt-3 ">
                  <div class="step pass-bg">
                    <span>Given User Launch Chrome browser</span>
      <div>
      </div>
                  </div>
                  <div class="step pass-bg">
                    <span>When User opens URL "https://dsportalapp.herokuapp.com/"</span>
      <div>
      </div>
                  </div>
                  <div class="step pass-bg">
                    <span>And Click on Get Started</span>
      <div>
      </div>
                  </div>
                  <div class="step pass-bg">
                    <span>Then Page Title should be "NumpyNinja"</span>
      <div>
      </div>
                  </div>
                  <div class="step pass-bg">
                    <span>When User click on Data Structure DropDown</span>
      <div>
      </div>
                  </div>
                  <div class="step pass-bg">
                    <span>And User click on "Tree"</span>
      <div>
      </div>
                  </div>
                  <div class="step pass-bg">
                    <span>Then The user get warning message "You are not logged in"</span>
      <div>
      </div>
                  </div>
                  <div class="step pass-bg">
                    <span>And close browser</span>
      <div>
      </div>
                  </div>
                  <div class="step fail-bg">
                    <span>com.numpyninja.cluelesscoders.stepdefinitions.Steps.afterScenario(io.cucumber.java.Scenario)</span>
      <div>
        <textarea disabled class="code-block">org.openqa.selenium.NoSuchSessionException: Session ID is null. Using WebDriver after calling quit()?
Build info: version: '4.9.0', revision: 'd7057100a6'
System info: os.name: 'Windows 11', os.arch: 'amd64', os.version: '10.0', java.version: '17.0.4.1'
Driver info: org.openqa.selenium.chrome.ChromeDriver
Command: [null, close {}]
Capabilities {acceptInsecureCerts: false, browserName: chrome, browserVersion: 115.0.5790.173, chrome: {chromedriverVersion: 114.0.5735.90 (386bc09e8f4f..., userDataDir: C:\Users\cnudr\AppData\Loca...}, goog:chromeOptions: {debuggerAddress: localhost:52219}, networkConnectionEnabled: false, pageLoadStrategy: normal, platformName: WINDOWS, proxy: Proxy(), se:cdp: ws://localhost:52219/devtoo..., se:cdpVersion: 115.0.5790.173, setWindowRect: true, strictFileInteractability: false, timeouts: {implicit: 0, pageLoad: 300000, script: 30000}, unhandledPromptBehavior: dismiss and notify, webauthn:extension:credBlob: true, webauthn:extension:largeBlob: true, webauthn:extension:minPinLength: true, webauthn:extension:prf: true, webauthn:virtualAuthenticators: true}
	at org.openqa.selenium.remote.HttpCommandExecutor.execute(HttpCommandExecutor.java:154)
	at org.openqa.selenium.remote.service.DriverCommandExecutor.invokeExecute(DriverCommandExecutor.java:183)
	at org.openqa.selenium.remote.service.DriverCommandExecutor.execute(DriverCommandExecutor.java:158)
	at org.openqa.selenium.remote.RemoteWebDriver.execute(RemoteWebDriver.java:543)
	at org.openqa.selenium.remote.RemoteWebDriver.execute(RemoteWebDriver.java:598)
	at org.openqa.selenium.remote.RemoteWebDriver.execute(RemoteWebDriver.java:602)
	at org.openqa.selenium.remote.RemoteWebDriver.close(RemoteWebDriver.java:419)
	at com.numpyninja.cluelesscoders.stepdefinitions.Steps.afterScenario(Steps.java:433)
</textarea>
      
      </div>
                  </div>
              </div>
            </div>
            <div class="card-body l1">
              <div class="card-header">
                <div class="card-title outline-child">
                  <div class="node" id="126"><span class="badge log fail-bg mr-2">Fail</span>Click on DataStructure DropDown without login</div>
                </div>
              </div>
              <div class="card-body mt-3 ">
                  <div class="step pass-bg">
                    <span>Given User Launch Chrome browser</span>
      <div>
      </div>
                  </div>
                  <div class="step pass-bg">
                    <span>When User opens URL "https://dsportalapp.herokuapp.com/"</span>
      <div>
      </div>
                  </div>
                  <div class="step pass-bg">
                    <span>And Click on Get Started</span>
      <div>
      </div>
                  </div>
                  <div class="step pass-bg">
                    <span>Then Page Title should be "NumpyNinja"</span>
      <div>
      </div>
                  </div>
                  <div class="step pass-bg">
                    <span>When User click on Data Structure DropDown</span>
      <div>
      </div>
                  </div>
                  <div class="step pass-bg">
                    <span>And User click on "Graph"</span>
      <div>
      </div>
                  </div>
                  <div class="step pass-bg">
                    <span>Then The user get warning message "You are not logged in"</span>
      <div>
      </div>
                  </div>
                  <div class="step pass-bg">
                    <span>And close browser</span>
      <div>
      </div>
                  </div>
                  <div class="step fail-bg">
                    <span>com.numpyninja.cluelesscoders.stepdefinitions.Steps.afterScenario(io.cucumber.java.Scenario)</span>
      <div>
        <textarea disabled class="code-block">org.openqa.selenium.NoSuchSessionException: Session ID is null. Using WebDriver after calling quit()?
Build info: version: '4.9.0', revision: 'd7057100a6'
System info: os.name: 'Windows 11', os.arch: 'amd64', os.version: '10.0', java.version: '17.0.4.1'
Driver info: org.openqa.selenium.chrome.ChromeDriver
Command: [null, close {}]
Capabilities {acceptInsecureCerts: false, browserName: chrome, browserVersion: 115.0.5790.173, chrome: {chromedriverVersion: 114.0.5735.90 (386bc09e8f4f..., userDataDir: C:\Users\cnudr\AppData\Loca...}, goog:chromeOptions: {debuggerAddress: localhost:52237}, networkConnectionEnabled: false, pageLoadStrategy: normal, platformName: WINDOWS, proxy: Proxy(), se:cdp: ws://localhost:52237/devtoo..., se:cdpVersion: 115.0.5790.173, setWindowRect: true, strictFileInteractability: false, timeouts: {implicit: 0, pageLoad: 300000, script: 30000}, unhandledPromptBehavior: dismiss and notify, webauthn:extension:credBlob: true, webauthn:extension:largeBlob: true, webauthn:extension:minPinLength: true, webauthn:extension:prf: true, webauthn:virtualAuthenticators: true}
	at org.openqa.selenium.remote.HttpCommandExecutor.execute(HttpCommandExecutor.java:154)
	at org.openqa.selenium.remote.service.DriverCommandExecutor.invokeExecute(DriverCommandExecutor.java:183)
	at org.openqa.selenium.remote.service.DriverCommandExecutor.execute(DriverCommandExecutor.java:158)
	at org.openqa.selenium.remote.RemoteWebDriver.execute(RemoteWebDriver.java:543)
	at org.openqa.selenium.remote.RemoteWebDriver.execute(RemoteWebDriver.java:598)
	at org.openqa.selenium.remote.RemoteWebDriver.execute(RemoteWebDriver.java:602)
	at org.openqa.selenium.remote.RemoteWebDriver.close(RemoteWebDriver.java:419)
	at com.numpyninja.cluelesscoders.stepdefinitions.Steps.afterScenario(Steps.java:433)
</textarea>
      
      </div>
                  </div>
              </div>
            </div>
        </div>
  </div>
  <div class="card">
    <div class="card-header" role="tab">
      <div class="card-title">
        <div class="node" id="21"><span class="badge log pass-bg mr-2">Pass</span>Click Register</div>
      </div>
    </div>
        <div class="collapse">
          <div class="card-body">
              <div class="step pass-bg" title="com.numpyninja.cluelesscoders.stepdefinitions.Steps.user_launch_chrome_browser()">
                <span>Given User Launch Chrome browser</span>
      <div>
      </div>
              </div>
              <div class="step pass-bg" title="com.numpyninja.cluelesscoders.stepdefinitions.Steps.user_opens_url(java.lang.String)">
                <span>When User opens URL "https://dsportalapp.herokuapp.com/"</span>
      <div>
      </div>
              </div>
              <div class="step pass-bg" title="com.numpyninja.cluelesscoders.stepdefinitions.Steps.click_on_get_started()">
                <span>And Click on Get Started</span>
      <div>
      </div>
              </div>
              <div class="step pass-bg" title="com.numpyninja.cluelesscoders.stepdefinitions.Steps.page_title_should_be(java.lang.String)">
                <span>Then Page Title should be "NumpyNinja"</span>
      <div>
      </div>
              </div>
              <div class="step pass-bg" title="com.numpyninja.cluelesscoders.stepdefinitions.Steps.user_click_on_register_link()">
                <span>When User click on Register link</span>
      <div>
      </div>
              </div>
              <div class="step pass-bg" title="com.numpyninja.cluelesscoders.stepdefinitions.Steps.page_title_should_be(java.lang.String)">
                <span>Then Page Title should be "Registration"</span>
      <div>
      </div>
              </div>
          </div>
        </div>
  </div>
  <div class="card">
    <div class="card-header" role="tab">
      <div class="card-title">
        <div class="node" id="25"><span class="badge log pass-bg mr-2">Pass</span>Click Sign In</div>
      </div>
    </div>
        <div class="collapse">
          <div class="card-body">
              <div class="step pass-bg" title="com.numpyninja.cluelesscoders.stepdefinitions.Steps.user_launch_chrome_browser()">
                <span>Given User Launch Chrome browser</span>
      <div>
      </div>
              </div>
              <div class="step pass-bg" title="com.numpyninja.cluelesscoders.stepdefinitions.Steps.user_opens_url(java.lang.String)">
                <span>When User opens URL "https://dsportalapp.herokuapp.com/"</span>
      <div>
      </div>
              </div>
              <div class="step pass-bg" title="com.numpyninja.cluelesscoders.stepdefinitions.Steps.click_on_get_started()">
                <span>And Click on Get Started</span>
      <div>
      </div>
              </div>
              <div class="step pass-bg" title="com.numpyninja.cluelesscoders.stepdefinitions.Steps.page_title_should_be(java.lang.String)">
                <span>Then Page Title should be "NumpyNinja"</span>
      <div>
      </div>
              </div>
              <div class="step pass-bg" title="com.numpyninja.cluelesscoders.stepdefinitions.Steps.user_click_on_sign_in_link()">
                <span>When User click on Sign in link</span>
      <div>
      </div>
              </div>
              <div class="step pass-bg" title="com.numpyninja.cluelesscoders.stepdefinitions.Steps.page_title_should_be(java.lang.String)">
                <span>Then Page Title should be "Login"</span>
      <div>
      </div>
              </div>
          </div>
        </div>
  </div>
  <div class="card">
    <div class="card-header" role="tab">
      <div class="card-title">
        <div class="node" id="129"><span class="badge log fail-bg mr-2">Fail</span>Click on Get Started of Each DataStructure Section without login</div>
      </div>
    </div>
        <div class="scenario_outline ">
            <div class="card-body l1">
              <div class="card-header">
                <div class="card-title outline-child">
                  <div class="node" id="130"><span class="badge log fail-bg mr-2">Fail</span>Click on Get Started of Each DataStructure Section without login</div>
                </div>
              </div>
              <div class="card-body mt-3 ">
                  <div class="step pass-bg">
                    <span>Given User Launch Chrome browser</span>
      <div>
      </div>
                  </div>
                  <div class="step pass-bg">
                    <span>When User opens URL "https://dsportalapp.herokuapp.com/"</span>
      <div>
      </div>
                  </div>
                  <div class="step pass-bg">
                    <span>And Click on Get Started</span>
      <div>
      </div>
                  </div>
                  <div class="step pass-bg">
                    <span>Then Page Title should be "NumpyNinja"</span>
      <div>
      </div>
                  </div>
                  <div class="step pass-bg">
                    <span>When User click on Get Started of "data-structures-introduction"</span>
      <div>
      </div>
                  </div>
                  <div class="step pass-bg">
                    <span>Then The user get warning message "You are not logged in"</span>
      <div>
      </div>
                  </div>
                  <div class="step pass-bg">
                    <span>And close browser</span>
      <div>
      </div>
                  </div>
                  <div class="step fail-bg">
                    <span>com.numpyninja.cluelesscoders.stepdefinitions.Steps.afterScenario(io.cucumber.java.Scenario)</span>
      <div>
        <textarea disabled class="code-block">org.openqa.selenium.NoSuchSessionException: Session ID is null. Using WebDriver after calling quit()?
Build info: version: '4.9.0', revision: 'd7057100a6'
System info: os.name: 'Windows 11', os.arch: 'amd64', os.version: '10.0', java.version: '17.0.4.1'
Driver info: org.openqa.selenium.chrome.ChromeDriver
Command: [null, close {}]
Capabilities {acceptInsecureCerts: false, browserName: chrome, browserVersion: 115.0.5790.173, chrome: {chromedriverVersion: 114.0.5735.90 (386bc09e8f4f..., userDataDir: C:\Users\cnudr\AppData\Loca...}, goog:chromeOptions: {debuggerAddress: localhost:52257}, networkConnectionEnabled: false, pageLoadStrategy: normal, platformName: WINDOWS, proxy: Proxy(), se:cdp: ws://localhost:52257/devtoo..., se:cdpVersion: 115.0.5790.173, setWindowRect: true, strictFileInteractability: false, timeouts: {implicit: 0, pageLoad: 300000, script: 30000}, unhandledPromptBehavior: dismiss and notify, webauthn:extension:credBlob: true, webauthn:extension:largeBlob: true, webauthn:extension:minPinLength: true, webauthn:extension:prf: true, webauthn:virtualAuthenticators: true}
	at org.openqa.selenium.remote.HttpCommandExecutor.execute(HttpCommandExecutor.java:154)
	at org.openqa.selenium.remote.service.DriverCommandExecutor.invokeExecute(DriverCommandExecutor.java:183)
	at org.openqa.selenium.remote.service.DriverCommandExecutor.execute(DriverCommandExecutor.java:158)
	at org.openqa.selenium.remote.RemoteWebDriver.execute(RemoteWebDriver.java:543)
	at org.openqa.selenium.remote.RemoteWebDriver.execute(RemoteWebDriver.java:598)
	at org.openqa.selenium.remote.RemoteWebDriver.execute(RemoteWebDriver.java:602)
	at org.openqa.selenium.remote.RemoteWebDriver.close(RemoteWebDriver.java:419)
	at com.numpyninja.cluelesscoders.stepdefinitions.Steps.afterScenario(Steps.java:433)
</textarea>
      
      </div>
                  </div>
              </div>
            </div>
            <div class="card-body l1">
              <div class="card-header">
                <div class="card-title outline-child">
                  <div class="node" id="133"><span class="badge log fail-bg mr-2">Fail</span>Click on Get Started of Each DataStructure Section without login</div>
                </div>
              </div>
              <div class="card-body mt-3 ">
                  <div class="step pass-bg">
                    <span>Given User Launch Chrome browser</span>
      <div>
      </div>
                  </div>
                  <div class="step pass-bg">
                    <span>When User opens URL "https://dsportalapp.herokuapp.com/"</span>
      <div>
      </div>
                  </div>
                  <div class="step pass-bg">
                    <span>And Click on Get Started</span>
      <div>
      </div>
                  </div>
                  <div class="step pass-bg">
                    <span>Then Page Title should be "NumpyNinja"</span>
      <div>
      </div>
                  </div>
                  <div class="step pass-bg">
                    <span>When User click on Get Started of "array"</span>
      <div>
      </div>
                  </div>
                  <div class="step pass-bg">
                    <span>Then The user get warning message "You are not logged in"</span>
      <div>
      </div>
                  </div>
                  <div class="step pass-bg">
                    <span>And close browser</span>
      <div>
      </div>
                  </div>
                  <div class="step fail-bg">
                    <span>com.numpyninja.cluelesscoders.stepdefinitions.Steps.afterScenario(io.cucumber.java.Scenario)</span>
      <div>
        <textarea disabled class="code-block">org.openqa.selenium.NoSuchSessionException: Session ID is null. Using WebDriver after calling quit()?
Build info: version: '4.9.0', revision: 'd7057100a6'
System info: os.name: 'Windows 11', os.arch: 'amd64', os.version: '10.0', java.version: '17.0.4.1'
Driver info: org.openqa.selenium.chrome.ChromeDriver
Command: [null, close {}]
Capabilities {acceptInsecureCerts: false, browserName: chrome, browserVersion: 115.0.5790.173, chrome: {chromedriverVersion: 114.0.5735.90 (386bc09e8f4f..., userDataDir: C:\Users\cnudr\AppData\Loca...}, goog:chromeOptions: {debuggerAddress: localhost:52259}, networkConnectionEnabled: false, pageLoadStrategy: normal, platformName: WINDOWS, proxy: Proxy(), se:cdp: ws://localhost:52259/devtoo..., se:cdpVersion: 115.0.5790.173, setWindowRect: true, strictFileInteractability: false, timeouts: {implicit: 0, pageLoad: 300000, script: 30000}, unhandledPromptBehavior: dismiss and notify, webauthn:extension:credBlob: true, webauthn:extension:largeBlob: true, webauthn:extension:minPinLength: true, webauthn:extension:prf: true, webauthn:virtualAuthenticators: true}
	at org.openqa.selenium.remote.HttpCommandExecutor.execute(HttpCommandExecutor.java:154)
	at org.openqa.selenium.remote.service.DriverCommandExecutor.invokeExecute(DriverCommandExecutor.java:183)
	at org.openqa.selenium.remote.service.DriverCommandExecutor.execute(DriverCommandExecutor.java:158)
	at org.openqa.selenium.remote.RemoteWebDriver.execute(RemoteWebDriver.java:543)
	at org.openqa.selenium.remote.RemoteWebDriver.execute(RemoteWebDriver.java:598)
	at org.openqa.selenium.remote.RemoteWebDriver.execute(RemoteWebDriver.java:602)
	at org.openqa.selenium.remote.RemoteWebDriver.close(RemoteWebDriver.java:419)
	at com.numpyninja.cluelesscoders.stepdefinitions.Steps.afterScenario(Steps.java:433)
</textarea>
      
      </div>
                  </div>
              </div>
            </div>
            <div class="card-body l1">
              <div class="card-header">
                <div class="card-title outline-child">
                  <div class="node" id="142"><span class="badge log fail-bg mr-2">Fail</span>Click on Get Started of Each DataStructure Section without login</div>
                </div>
              </div>
              <div class="card-body mt-3 ">
                  <div class="step pass-bg">
                    <span>Given User Launch Chrome browser</span>
      <div>
      </div>
                  </div>
                  <div class="step pass-bg">
                    <span>When User opens URL "https://dsportalapp.herokuapp.com/"</span>
      <div>
      </div>
                  </div>
                  <div class="step pass-bg">
                    <span>And Click on Get Started</span>
      <div>
      </div>
                  </div>
                  <div class="step pass-bg">
                    <span>Then Page Title should be "NumpyNinja"</span>
      <div>
      </div>
                  </div>
                  <div class="step pass-bg">
                    <span>When User click on Get Started of "linked-list"</span>
      <div>
      </div>
                  </div>
                  <div class="step pass-bg">
                    <span>Then The user get warning message "You are not logged in"</span>
      <div>
      </div>
                  </div>
                  <div class="step pass-bg">
                    <span>And close browser</span>
      <div>
      </div>
                  </div>
                  <div class="step fail-bg">
                    <span>com.numpyninja.cluelesscoders.stepdefinitions.Steps.afterScenario(io.cucumber.java.Scenario)</span>
      <div>
        <textarea disabled class="code-block">org.openqa.selenium.NoSuchSessionException: Session ID is null. Using WebDriver after calling quit()?
Build info: version: '4.9.0', revision: 'd7057100a6'
System info: os.name: 'Windows 11', os.arch: 'amd64', os.version: '10.0', java.version: '17.0.4.1'
Driver info: org.openqa.selenium.chrome.ChromeDriver
Command: [null, close {}]
Capabilities {acceptInsecureCerts: false, browserName: chrome, browserVersion: 115.0.5790.173, chrome: {chromedriverVersion: 114.0.5735.90 (386bc09e8f4f..., userDataDir: C:\Users\cnudr\AppData\Loca...}, goog:chromeOptions: {debuggerAddress: localhost:52286}, networkConnectionEnabled: false, pageLoadStrategy: normal, platformName: WINDOWS, proxy: Proxy(), se:cdp: ws://localhost:52286/devtoo..., se:cdpVersion: 115.0.5790.173, setWindowRect: true, strictFileInteractability: false, timeouts: {implicit: 0, pageLoad: 300000, script: 30000}, unhandledPromptBehavior: dismiss and notify, webauthn:extension:credBlob: true, webauthn:extension:largeBlob: true, webauthn:extension:minPinLength: true, webauthn:extension:prf: true, webauthn:virtualAuthenticators: true}
	at org.openqa.selenium.remote.HttpCommandExecutor.execute(HttpCommandExecutor.java:154)
	at org.openqa.selenium.remote.service.DriverCommandExecutor.invokeExecute(DriverCommandExecutor.java:183)
	at org.openqa.selenium.remote.service.DriverCommandExecutor.execute(DriverCommandExecutor.java:158)
	at org.openqa.selenium.remote.RemoteWebDriver.execute(RemoteWebDriver.java:543)
	at org.openqa.selenium.remote.RemoteWebDriver.execute(RemoteWebDriver.java:598)
	at org.openqa.selenium.remote.RemoteWebDriver.execute(RemoteWebDriver.java:602)
	at org.openqa.selenium.remote.RemoteWebDriver.close(RemoteWebDriver.java:419)
	at com.numpyninja.cluelesscoders.stepdefinitions.Steps.afterScenario(Steps.java:433)
</textarea>
      
      </div>
                  </div>
              </div>
            </div>
            <div class="card-body l1">
              <div class="card-header">
                <div class="card-title outline-child">
                  <div class="node" id="161"><span class="badge log fail-bg mr-2">Fail</span>Click on Get Started of Each DataStructure Section without login</div>
                </div>
              </div>
              <div class="card-body mt-3 ">
                  <div class="step pass-bg">
                    <span>Given User Launch Chrome browser</span>
      <div>
      </div>
                  </div>
                  <div class="step pass-bg">
                    <span>When User opens URL "https://dsportalapp.herokuapp.com/"</span>
      <div>
      </div>
                  </div>
                  <div class="step pass-bg">
                    <span>And Click on Get Started</span>
      <div>
      </div>
                  </div>
                  <div class="step pass-bg">
                    <span>Then Page Title should be "NumpyNinja"</span>
      <div>
      </div>
                  </div>
                  <div class="step pass-bg">
                    <span>When User click on Get Started of "stack"</span>
      <div>
      </div>
                  </div>
                  <div class="step pass-bg">
                    <span>Then The user get warning message "You are not logged in"</span>
      <div>
      </div>
                  </div>
                  <div class="step pass-bg">
                    <span>And close browser</span>
      <div>
      </div>
                  </div>
                  <div class="step fail-bg">
                    <span>com.numpyninja.cluelesscoders.stepdefinitions.Steps.afterScenario(io.cucumber.java.Scenario)</span>
      <div>
        <textarea disabled class="code-block">org.openqa.selenium.NoSuchSessionException: Session ID is null. Using WebDriver after calling quit()?
Build info: version: '4.9.0', revision: 'd7057100a6'
System info: os.name: 'Windows 11', os.arch: 'amd64', os.version: '10.0', java.version: '17.0.4.1'
Driver info: org.openqa.selenium.chrome.ChromeDriver
Command: [null, close {}]
Capabilities {acceptInsecureCerts: false, browserName: chrome, browserVersion: 115.0.5790.173, chrome: {chromedriverVersion: 114.0.5735.90 (386bc09e8f4f..., userDataDir: C:\Users\cnudr\AppData\Loca...}, goog:chromeOptions: {debuggerAddress: localhost:52343}, networkConnectionEnabled: false, pageLoadStrategy: normal, platformName: WINDOWS, proxy: Proxy(), se:cdp: ws://localhost:52343/devtoo..., se:cdpVersion: 115.0.5790.173, setWindowRect: true, strictFileInteractability: false, timeouts: {implicit: 0, pageLoad: 300000, script: 30000}, unhandledPromptBehavior: dismiss and notify, webauthn:extension:credBlob: true, webauthn:extension:largeBlob: true, webauthn:extension:minPinLength: true, webauthn:extension:prf: true, webauthn:virtualAuthenticators: true}
	at org.openqa.selenium.remote.HttpCommandExecutor.execute(HttpCommandExecutor.java:154)
	at org.openqa.selenium.remote.service.DriverCommandExecutor.invokeExecute(DriverCommandExecutor.java:183)
	at org.openqa.selenium.remote.service.DriverCommandExecutor.execute(DriverCommandExecutor.java:158)
	at org.openqa.selenium.remote.RemoteWebDriver.execute(RemoteWebDriver.java:543)
	at org.openqa.selenium.remote.RemoteWebDriver.execute(RemoteWebDriver.java:598)
	at org.openqa.selenium.remote.RemoteWebDriver.execute(RemoteWebDriver.java:602)
	at org.openqa.selenium.remote.RemoteWebDriver.close(RemoteWebDriver.java:419)
	at com.numpyninja.cluelesscoders.stepdefinitions.Steps.afterScenario(Steps.java:433)
</textarea>
      
      </div>
                  </div>
              </div>
            </div>
            <div class="card-body l1">
              <div class="card-header">
                <div class="card-title outline-child">
                  <div class="node" id="187"><span class="badge log fail-bg mr-2">Fail</span>Click on Get Started of Each DataStructure Section without login</div>
                </div>
              </div>
              <div class="card-body mt-3 ">
                  <div class="step pass-bg">
                    <span>Given User Launch Chrome browser</span>
      <div>
      </div>
                  </div>
                  <div class="step pass-bg">
                    <span>When User opens URL "https://dsportalapp.herokuapp.com/"</span>
      <div>
      </div>
                  </div>
                  <div class="step pass-bg">
                    <span>And Click on Get Started</span>
      <div>
      </div>
                  </div>
                  <div class="step pass-bg">
                    <span>Then Page Title should be "NumpyNinja"</span>
      <div>
      </div>
                  </div>
                  <div class="step pass-bg">
                    <span>When User click on Get Started of "queue"</span>
      <div>
      </div>
                  </div>
                  <div class="step pass-bg">
                    <span>Then The user get warning message "You are not logged in"</span>
      <div>
      </div>
                  </div>
                  <div class="step pass-bg">
                    <span>And close browser</span>
      <div>
      </div>
                  </div>
                  <div class="step fail-bg">
                    <span>com.numpyninja.cluelesscoders.stepdefinitions.Steps.afterScenario(io.cucumber.java.Scenario)</span>
      <div>
        <textarea disabled class="code-block">org.openqa.selenium.NoSuchSessionException: Session ID is null. Using WebDriver after calling quit()?
Build info: version: '4.9.0', revision: 'd7057100a6'
System info: os.name: 'Windows 11', os.arch: 'amd64', os.version: '10.0', java.version: '17.0.4.1'
Driver info: org.openqa.selenium.chrome.ChromeDriver
Command: [null, close {}]
Capabilities {acceptInsecureCerts: false, browserName: chrome, browserVersion: 115.0.5790.173, chrome: {chromedriverVersion: 114.0.5735.90 (386bc09e8f4f..., userDataDir: C:\Users\cnudr\AppData\Loca...}, goog:chromeOptions: {debuggerAddress: localhost:52398}, networkConnectionEnabled: false, pageLoadStrategy: normal, platformName: WINDOWS, proxy: Proxy(), se:cdp: ws://localhost:52398/devtoo..., se:cdpVersion: 115.0.5790.173, setWindowRect: true, strictFileInteractability: false, timeouts: {implicit: 0, pageLoad: 300000, script: 30000}, unhandledPromptBehavior: dismiss and notify, webauthn:extension:credBlob: true, webauthn:extension:largeBlob: true, webauthn:extension:minPinLength: true, webauthn:extension:prf: true, webauthn:virtualAuthenticators: true}
	at org.openqa.selenium.remote.HttpCommandExecutor.execute(HttpCommandExecutor.java:154)
	at org.openqa.selenium.remote.service.DriverCommandExecutor.invokeExecute(DriverCommandExecutor.java:183)
	at org.openqa.selenium.remote.service.DriverCommandExecutor.execute(DriverCommandExecutor.java:158)
	at org.openqa.selenium.remote.RemoteWebDriver.execute(RemoteWebDriver.java:543)
	at org.openqa.selenium.remote.RemoteWebDriver.execute(RemoteWebDriver.java:598)
	at org.openqa.selenium.remote.RemoteWebDriver.execute(RemoteWebDriver.java:602)
	at org.openqa.selenium.remote.RemoteWebDriver.close(RemoteWebDriver.java:419)
	at com.numpyninja.cluelesscoders.stepdefinitions.Steps.afterScenario(Steps.java:433)
</textarea>
      
      </div>
                  </div>
              </div>
            </div>
            <div class="card-body l1">
              <div class="card-header">
                <div class="card-title outline-child">
                  <div class="node" id="192"><span class="badge log fail-bg mr-2">Fail</span>Click on Get Started of Each DataStructure Section without login</div>
                </div>
              </div>
              <div class="card-body mt-3 ">
                  <div class="step pass-bg">
                    <span>Given User Launch Chrome browser</span>
      <div>
      </div>
                  </div>
                  <div class="step pass-bg">
                    <span>When User opens URL "https://dsportalapp.herokuapp.com/"</span>
      <div>
      </div>
                  </div>
                  <div class="step pass-bg">
                    <span>And Click on Get Started</span>
      <div>
      </div>
                  </div>
                  <div class="step pass-bg">
                    <span>Then Page Title should be "NumpyNinja"</span>
      <div>
      </div>
                  </div>
                  <div class="step pass-bg">
                    <span>When User click on Get Started of "tree"</span>
      <div>
      </div>
                  </div>
                  <div class="step pass-bg">
                    <span>Then The user get warning message "You are not logged in"</span>
      <div>
      </div>
                  </div>
                  <div class="step pass-bg">
                    <span>And close browser</span>
      <div>
      </div>
                  </div>
                  <div class="step fail-bg">
                    <span>com.numpyninja.cluelesscoders.stepdefinitions.Steps.afterScenario(io.cucumber.java.Scenario)</span>
      <div>
        <textarea disabled class="code-block">org.openqa.selenium.NoSuchSessionException: Session ID is null. Using WebDriver after calling quit()?
Build info: version: '4.9.0', revision: 'd7057100a6'
System info: os.name: 'Windows 11', os.arch: 'amd64', os.version: '10.0', java.version: '17.0.4.1'
Driver info: org.openqa.selenium.chrome.ChromeDriver
Command: [null, close {}]
Capabilities {acceptInsecureCerts: false, browserName: chrome, browserVersion: 115.0.5790.173, chrome: {chromedriverVersion: 114.0.5735.90 (386bc09e8f4f..., userDataDir: C:\Users\cnudr\AppData\Loca...}, goog:chromeOptions: {debuggerAddress: localhost:52401}, networkConnectionEnabled: false, pageLoadStrategy: normal, platformName: WINDOWS, proxy: Proxy(), se:cdp: ws://localhost:52401/devtoo..., se:cdpVersion: 115.0.5790.173, setWindowRect: true, strictFileInteractability: false, timeouts: {implicit: 0, pageLoad: 300000, script: 30000}, unhandledPromptBehavior: dismiss and notify, webauthn:extension:credBlob: true, webauthn:extension:largeBlob: true, webauthn:extension:minPinLength: true, webauthn:extension:prf: true, webauthn:virtualAuthenticators: true}
	at org.openqa.selenium.remote.HttpCommandExecutor.execute(HttpCommandExecutor.java:154)
	at org.openqa.selenium.remote.service.DriverCommandExecutor.invokeExecute(DriverCommandExecutor.java:183)
	at org.openqa.selenium.remote.service.DriverCommandExecutor.execute(DriverCommandExecutor.java:158)
	at org.openqa.selenium.remote.RemoteWebDriver.execute(RemoteWebDriver.java:543)
	at org.openqa.selenium.remote.RemoteWebDriver.execute(RemoteWebDriver.java:598)
	at org.openqa.selenium.remote.RemoteWebDriver.execute(RemoteWebDriver.java:602)
	at org.openqa.selenium.remote.RemoteWebDriver.close(RemoteWebDriver.java:419)
	at com.numpyninja.cluelesscoders.stepdefinitions.Steps.afterScenario(Steps.java:433)
</textarea>
      
      </div>
                  </div>
              </div>
            </div>
            <div class="card-body l1">
              <div class="card-header">
                <div class="card-title outline-child">
                  <div class="node" id="198"><span class="badge log fail-bg mr-2">Fail</span>Click on Get Started of Each DataStructure Section without login</div>
                </div>
              </div>
              <div class="card-body mt-3 ">
                  <div class="step pass-bg">
                    <span>Given User Launch Chrome browser</span>
      <div>
      </div>
                  </div>
                  <div class="step pass-bg">
                    <span>When User opens URL "https://dsportalapp.herokuapp.com/"</span>
      <div>
      </div>
                  </div>
                  <div class="step pass-bg">
                    <span>And Click on Get Started</span>
      <div>
      </div>
                  </div>
                  <div class="step pass-bg">
                    <span>Then Page Title should be "NumpyNinja"</span>
      <div>
      </div>
                  </div>
                  <div class="step pass-bg">
                    <span>When User click on Get Started of "graph"</span>
      <div>
      </div>
                  </div>
                  <div class="step pass-bg">
                    <span>Then The user get warning message "You are not logged in"</span>
      <div>
      </div>
                  </div>
                  <div class="step pass-bg">
                    <span>And close browser</span>
      <div>
      </div>
                  </div>
                  <div class="step fail-bg">
                    <span>com.numpyninja.cluelesscoders.stepdefinitions.Steps.afterScenario(io.cucumber.java.Scenario)</span>
      <div>
        <textarea disabled class="code-block">org.openqa.selenium.NoSuchSessionException: Session ID is null. Using WebDriver after calling quit()?
Build info: version: '4.9.0', revision: 'd7057100a6'
System info: os.name: 'Windows 11', os.arch: 'amd64', os.version: '10.0', java.version: '17.0.4.1'
Driver info: org.openqa.selenium.chrome.ChromeDriver
Command: [null, close {}]
Capabilities {acceptInsecureCerts: false, browserName: chrome, browserVersion: 115.0.5790.173, chrome: {chromedriverVersion: 114.0.5735.90 (386bc09e8f4f..., userDataDir: C:\Users\cnudr\AppData\Loca...}, goog:chromeOptions: {debuggerAddress: localhost:52454}, networkConnectionEnabled: false, pageLoadStrategy: normal, platformName: WINDOWS, proxy: Proxy(), se:cdp: ws://localhost:52454/devtoo..., se:cdpVersion: 115.0.5790.173, setWindowRect: true, strictFileInteractability: false, timeouts: {implicit: 0, pageLoad: 300000, script: 30000}, unhandledPromptBehavior: dismiss and notify, webauthn:extension:credBlob: true, webauthn:extension:largeBlob: true, webauthn:extension:minPinLength: true, webauthn:extension:prf: true, webauthn:virtualAuthenticators: true}
	at org.openqa.selenium.remote.HttpCommandExecutor.execute(HttpCommandExecutor.java:154)
	at org.openqa.selenium.remote.service.DriverCommandExecutor.invokeExecute(DriverCommandExecutor.java:183)
	at org.openqa.selenium.remote.service.DriverCommandExecutor.execute(DriverCommandExecutor.java:158)
	at org.openqa.selenium.remote.RemoteWebDriver.execute(RemoteWebDriver.java:543)
	at org.openqa.selenium.remote.RemoteWebDriver.execute(RemoteWebDriver.java:598)
	at org.openqa.selenium.remote.RemoteWebDriver.execute(RemoteWebDriver.java:602)
	at org.openqa.selenium.remote.RemoteWebDriver.close(RemoteWebDriver.java:419)
	at com.numpyninja.cluelesscoders.stepdefinitions.Steps.afterScenario(Steps.java:433)
</textarea>
      
      </div>
                  </div>
              </div>
            </div>
        </div>
  </div>
</div>
          </div>
        </li>
        <li class="test-item"  status="fail" test-id="9"
          author=""
          tag=""
          device="">
          <div class="test-detail">
            <p class="name">Testing Data Structure page of the DS algo application</p>
            <p class="text-sm">
              <span>10:30:03 AM</span> / <span>00:00:33:110</span>
              <span class="badge fail-bg log float-right">Fail</span>
            </p>
          </div>
          <div class="test-contents d-none">
<div class="detail-head">
<div class="p-v-10">
<div class="info">
<h5 class="test-status text-fail">Testing Data Structure page of the DS algo application</h5>
<span class='badge badge-success'>08.24.2023 10:30:03 AM</span>
<span class='badge badge-danger'>08.24.2023 10:30:36 AM</span>
<span class='badge badge-default'>00:00:33:110</span>
&middot; <span class='uri-anchor badge badge-default'>#test-id=9</span>
<span class='badge badge-default pointer float-right ml-1 et'><i class="fa fa-chevron-down"></i></span>
<span class='badge badge-default pointer float-right ct'><i class="fa fa-chevron-up"></i></span>
</div>
<div class="m-t-10 m-l-5"></div>
</div>
</div>
<div class="accordion mt-4">
  <div class="card">
    <div class="card-header" role="tab">
      <div class="card-title">
        <div class="node" id="10"><span class="badge log fail-bg mr-2">Fail</span>The user is able to navigate to Data Structure introduction page</div>
      </div>
    </div>
        <div class="scenario_outline ">
            <div class="card-body l1">
              <div class="card-header">
                <div class="card-title outline-child">
                  <div class="node" id="11"><span class="badge log fail-bg mr-2">Fail</span>The user is able to navigate to Data Structure introduction page</div>
                </div>
              </div>
              <div class="card-body mt-3 ">
                  <div class="step pass-bg">
                    <span>Given User Launch Chrome browser</span>
      <div>
      </div>
                  </div>
                  <div class="step pass-bg">
                    <span>When User opens URL "https://dsportalapp.herokuapp.com/"</span>
      <div>
      </div>
                  </div>
                  <div class="step pass-bg">
                    <span>And Click on Get Started</span>
      <div>
      </div>
                  </div>
                  <div class="step pass-bg">
                    <span>Then Page Title should be "NumpyNinja"</span>
      <div>
      </div>
                  </div>
                  <div class="step pass-bg">
                    <span>When User click on Sign in link</span>
      <div>
      </div>
                  </div>
                  <div class="step pass-bg">
                    <span>Then Page Title should be "Login"</span>
      <div>
      </div>
                  </div>
                  <div class="step pass-bg">
                    <span>When The user enter valid "Numpysdet84" and "sdet84batch"</span>
      <div>
      </div>
                  </div>
                  <div class="step pass-bg">
                    <span>Then The user click on login button</span>
      <div>
      </div>
                  </div>
                  <div class="step pass-bg">
                    <span>Given The user should get a message "You are logged in"</span>
      <div>
      </div>
                  </div>
                  <div class="step pass-bg">
                    <span>When User click on Get Started of "data-structures-introduction"</span>
      <div>
      </div>
                  </div>
                  <div class="step pass-bg">
                    <span>Then Page Title should be "Data Structures-Introduction"</span>
      <div>
      </div>
                  </div>
                  <div class="step pass-bg">
                    <span>Then close browser</span>
      <div>
      </div>
                  </div>
                  <div class="step fail-bg">
                    <span>com.numpyninja.cluelesscoders.stepdefinitions.Steps.afterScenario(io.cucumber.java.Scenario)</span>
      <div>
        <textarea disabled class="code-block">org.openqa.selenium.NoSuchSessionException: Session ID is null. Using WebDriver after calling quit()?
Build info: version: '4.9.0', revision: 'd7057100a6'
System info: os.name: 'Windows 11', os.arch: 'amd64', os.version: '10.0', java.version: '17.0.4.1'
Driver info: org.openqa.selenium.chrome.ChromeDriver
Command: [null, close {}]
Capabilities {acceptInsecureCerts: false, browserName: chrome, browserVersion: 115.0.5790.173, chrome: {chromedriverVersion: 114.0.5735.90 (386bc09e8f4f..., userDataDir: C:\Users\cnudr\AppData\Loca...}, goog:chromeOptions: {debuggerAddress: localhost:51995}, networkConnectionEnabled: false, pageLoadStrategy: normal, platformName: WINDOWS, proxy: Proxy(), se:cdp: ws://localhost:51995/devtoo..., se:cdpVersion: 115.0.5790.173, setWindowRect: true, strictFileInteractability: false, timeouts: {implicit: 0, pageLoad: 300000, script: 30000}, unhandledPromptBehavior: dismiss and notify, webauthn:extension:credBlob: true, webauthn:extension:largeBlob: true, webauthn:extension:minPinLength: true, webauthn:extension:prf: true, webauthn:virtualAuthenticators: true}
	at org.openqa.selenium.remote.HttpCommandExecutor.execute(HttpCommandExecutor.java:154)
	at org.openqa.selenium.remote.service.DriverCommandExecutor.invokeExecute(DriverCommandExecutor.java:183)
	at org.openqa.selenium.remote.service.DriverCommandExecutor.execute(DriverCommandExecutor.java:158)
	at org.openqa.selenium.remote.RemoteWebDriver.execute(RemoteWebDriver.java:543)
	at org.openqa.selenium.remote.RemoteWebDriver.execute(RemoteWebDriver.java:598)
	at org.openqa.selenium.remote.RemoteWebDriver.execute(RemoteWebDriver.java:602)
	at org.openqa.selenium.remote.RemoteWebDriver.close(RemoteWebDriver.java:419)
	at com.numpyninja.cluelesscoders.stepdefinitions.Steps.afterScenario(Steps.java:433)
</textarea>
      
      </div>
                  </div>
              </div>
            </div>
        </div>
  </div>
  <div class="card">
    <div class="card-header" role="tab">
      <div class="card-title">
        <div class="node" id="13"><span class="badge log pass-bg mr-2">Pass</span>The user is able to navigate to Try Here page</div>
      </div>
    </div>
        <div class="scenario_outline collapse">
            <div class="card-body l1">
              <div class="card-header">
                <div class="card-title outline-child">
                  <div class="node" id="14"><span class="badge log pass-bg mr-2">Pass</span>The user is able to navigate to Try Here page</div>
                </div>
              </div>
              <div class="card-body mt-3 collapse">
                  <div class="step pass-bg">
                    <span>Given User Launch Chrome browser</span>
      <div>
      </div>
                  </div>
                  <div class="step pass-bg">
                    <span>When User opens URL "https://dsportalapp.herokuapp.com/"</span>
      <div>
      </div>
                  </div>
                  <div class="step pass-bg">
                    <span>And Click on Get Started</span>
      <div>
      </div>
                  </div>
                  <div class="step pass-bg">
                    <span>Then Page Title should be "NumpyNinja"</span>
      <div>
      </div>
                  </div>
                  <div class="step pass-bg">
                    <span>When User click on Sign in link</span>
      <div>
      </div>
                  </div>
                  <div class="step pass-bg">
                    <span>Then Page Title should be "Login"</span>
      <div>
      </div>
                  </div>
                  <div class="step pass-bg">
                    <span>When The user enter valid "Numpysdet84" and "sdet84batch"</span>
      <div>
      </div>
                  </div>
                  <div class="step pass-bg">
                    <span>Then The user click on login button</span>
      <div>
      </div>
                  </div>
                  <div class="step pass-bg">
                    <span>Given The user should get a message "You are logged in"</span>
      <div>
      </div>
                  </div>
                  <div class="step pass-bg">
                    <span>When User click on Get Started of "data-structures-introduction"</span>
      <div>
      </div>
                  </div>
                  <div class="step pass-bg">
                    <span>Then Page Title should be "Data Structures-Introduction"</span>
      <div>
      </div>
                  </div>
                  <div class="step pass-bg">
                    <span>When The user clicks Time Complexity link</span>
      <div>
      </div>
                  </div>
                  <div class="step pass-bg">
                    <span>Then Page Title should be "Time Complexity"</span>
      <div>
      </div>
                  </div>
                  <div class="step pass-bg">
                    <span>When The user clicks Try Here button on Time Complexity page</span>
      <div>
      </div>
                  </div>
                  <div class="step pass-bg">
                    <span>Then Page Title should be "Assessment"</span>
      <div>
      </div>
                  </div>
              </div>
            </div>
        </div>
  </div>
  <div class="card">
    <div class="card-header" role="tab">
      <div class="card-title">
        <div class="node" id="15"><span class="badge log pass-bg mr-2">Pass</span>The user is able to navigate to Time Complexity page</div>
      </div>
    </div>
        <div class="scenario_outline collapse">
            <div class="card-body l1">
              <div class="card-header">
                <div class="card-title outline-child">
                  <div class="node" id="16"><span class="badge log pass-bg mr-2">Pass</span>The user is able to navigate to Time Complexity page</div>
                </div>
              </div>
              <div class="card-body mt-3 collapse">
                  <div class="step pass-bg">
                    <span>Given User Launch Chrome browser</span>
      <div>
      </div>
                  </div>
                  <div class="step pass-bg">
                    <span>When User opens URL "https://dsportalapp.herokuapp.com/"</span>
      <div>
      </div>
                  </div>
                  <div class="step pass-bg">
                    <span>And Click on Get Started</span>
      <div>
      </div>
                  </div>
                  <div class="step pass-bg">
                    <span>Then Page Title should be "NumpyNinja"</span>
      <div>
      </div>
                  </div>
                  <div class="step pass-bg">
                    <span>When User click on Sign in link</span>
      <div>
      </div>
                  </div>
                  <div class="step pass-bg">
                    <span>Then Page Title should be "Login"</span>
      <div>
      </div>
                  </div>
                  <div class="step pass-bg">
                    <span>When The user enter valid "Numpysdet84" and "sdet84batch"</span>
      <div>
      </div>
                  </div>
                  <div class="step pass-bg">
                    <span>Then The user click on login button</span>
      <div>
      </div>
                  </div>
                  <div class="step pass-bg">
                    <span>Given The user should get a message "You are logged in"</span>
      <div>
      </div>
                  </div>
                  <div class="step pass-bg">
                    <span>When User click on Get Started of "data-structures-introduction"</span>
      <div>
      </div>
                  </div>
                  <div class="step pass-bg">
                    <span>Then Page Title should be "Data Structures-Introduction"</span>
      <div>
      </div>
                  </div>
                  <div class="step pass-bg">
                    <span>When The user clicks Time Complexity link</span>
      <div>
      </div>
                  </div>
                  <div class="step pass-bg">
                    <span>Then Page Title should be "Time Complexity"</span>
      <div>
      </div>
                  </div>
              </div>
            </div>
        </div>
  </div>
</div>
          </div>
        </li>
        <li class="test-item"  status="fail" test-id="17"
          author=""
          tag=""
          device="">
          <div class="test-detail">
            <p class="name">Testing Data Structure data driven page of the DS algo application</p>
            <p class="text-sm">
              <span>10:30:03 AM</span> / <span>00:00:33:830</span>
              <span class="badge fail-bg log float-right">Fail</span>
            </p>
          </div>
          <div class="test-contents d-none">
<div class="detail-head">
<div class="p-v-10">
<div class="info">
<h5 class="test-status text-fail">Testing Data Structure data driven page of the DS algo application</h5>
<span class='badge badge-success'>08.24.2023 10:30:03 AM</span>
<span class='badge badge-danger'>08.24.2023 10:30:36 AM</span>
<span class='badge badge-default'>00:00:33:830</span>
&middot; <span class='uri-anchor badge badge-default'>#test-id=17</span>
<span class='badge badge-default pointer float-right ml-1 et'><i class="fa fa-chevron-down"></i></span>
<span class='badge badge-default pointer float-right ct'><i class="fa fa-chevron-up"></i></span>
</div>
<div class="m-t-10 m-l-5"></div>
</div>
</div>
<div class="accordion mt-4">
  <div class="card">
    <div class="card-header" role="tab">
      <div class="card-title">
        <div class="node" id="18"><span class="badge log fail-bg mr-2">Fail</span>The user is able run valid code in tryEditor for Time Complexity page</div>
      </div>
    </div>
        <div class="scenario_outline ">
            <div class="card-body l1">
              <div class="card-header">
                <div class="card-title outline-child">
                  <div class="node" id="19"><span class="badge log fail-bg mr-2">Fail</span>The user is able run valid code in tryEditor for Time Complexity page</div>
                </div>
              </div>
              <div class="card-body mt-3 ">
                  <div class="step pass-bg">
                    <span>Given User Launch Chrome browser</span>
      <div>
      </div>
                  </div>
                  <div class="step pass-bg">
                    <span>When User opens URL "https://dsportalapp.herokuapp.com/"</span>
      <div>
      </div>
                  </div>
                  <div class="step pass-bg">
                    <span>And Click on Get Started</span>
      <div>
      </div>
                  </div>
                  <div class="step pass-bg">
                    <span>Then Page Title should be "NumpyNinja"</span>
      <div>
      </div>
                  </div>
                  <div class="step pass-bg">
                    <span>When User click on Sign in link</span>
      <div>
      </div>
                  </div>
                  <div class="step pass-bg">
                    <span>Then Page Title should be "Login"</span>
      <div>
      </div>
                  </div>
                  <div class="step pass-bg">
                    <span>When The user enter valid "Numpysdet84" and "sdet84batch"</span>
      <div>
      </div>
                  </div>
                  <div class="step pass-bg">
                    <span>Then The user click on login button</span>
      <div>
      </div>
                  </div>
                  <div class="step pass-bg">
                    <span>Given The user should get a message "You are logged in"</span>
      <div>
      </div>
                  </div>
                  <div class="step pass-bg">
                    <span>When User click on Get Started of "data-structures-introduction"</span>
      <div>
      </div>
                  </div>
                  <div class="step pass-bg">
                    <span>Then Page Title should be "Data Structures-Introduction"</span>
      <div>
      </div>
                  </div>
                  <div class="step pass-bg">
                    <span>When The user clicks Time Complexity link</span>
      <div>
      </div>
                  </div>
                  <div class="step pass-bg">
                    <span>Then Page Title should be "Time Complexity"</span>
      <div>
      </div>
                  </div>
                  <div class="step pass-bg">
                    <span>When The user clicks Try Here button on Time Complexity page</span>
      <div>
      </div>
                  </div>
                  <div class="step pass-bg">
                    <span>Then Page Title should be "Assessment"</span>
      <div>
      </div>
                  </div>
                  <div class="step pass-bg">
                    <span>When The user enter python code in tryEditor from sheet "pythonCode" and "0"</span>
      <div>
      </div>
                  </div>
                  <div class="step pass-bg">
                    <span>And The user clicks on run button</span>
      <div>
      </div>
                  </div>
                  <div class="step pass-bg">
                    <span>Then The user should be presented with Run result</span>
      <div>
      </div>
                  </div>
                  <div class="step pass-bg">
                    <span>Then close browser</span>
      <div>
      </div>
                  </div>
                  <div class="step fail-bg">
                    <span>com.numpyninja.cluelesscoders.stepdefinitions.Steps.afterScenario(io.cucumber.java.Scenario)</span>
      <div>
        <textarea disabled class="code-block">org.openqa.selenium.NoSuchSessionException: Session ID is null. Using WebDriver after calling quit()?
Build info: version: '4.9.0', revision: 'd7057100a6'
System info: os.name: 'Windows 11', os.arch: 'amd64', os.version: '10.0', java.version: '17.0.4.1'
Driver info: org.openqa.selenium.chrome.ChromeDriver
Command: [null, close {}]
Capabilities {acceptInsecureCerts: false, browserName: chrome, browserVersion: 115.0.5790.173, chrome: {chromedriverVersion: 114.0.5735.90 (386bc09e8f4f..., userDataDir: C:\Users\cnudr\AppData\Loca...}, goog:chromeOptions: {debuggerAddress: localhost:51979}, networkConnectionEnabled: false, pageLoadStrategy: normal, platformName: WINDOWS, proxy: Proxy(), se:cdp: ws://localhost:51979/devtoo..., se:cdpVersion: 115.0.5790.173, setWindowRect: true, strictFileInteractability: false, timeouts: {implicit: 0, pageLoad: 300000, script: 30000}, unhandledPromptBehavior: dismiss and notify, webauthn:extension:credBlob: true, webauthn:extension:largeBlob: true, webauthn:extension:minPinLength: true, webauthn:extension:prf: true, webauthn:virtualAuthenticators: true}
	at org.openqa.selenium.remote.HttpCommandExecutor.execute(HttpCommandExecutor.java:154)
	at org.openqa.selenium.remote.service.DriverCommandExecutor.invokeExecute(DriverCommandExecutor.java:183)
	at org.openqa.selenium.remote.service.DriverCommandExecutor.execute(DriverCommandExecutor.java:158)
	at org.openqa.selenium.remote.RemoteWebDriver.execute(RemoteWebDriver.java:543)
	at org.openqa.selenium.remote.RemoteWebDriver.execute(RemoteWebDriver.java:598)
	at org.openqa.selenium.remote.RemoteWebDriver.execute(RemoteWebDriver.java:602)
	at org.openqa.selenium.remote.RemoteWebDriver.close(RemoteWebDriver.java:419)
	at com.numpyninja.cluelesscoders.stepdefinitions.Steps.afterScenario(Steps.java:433)
</textarea>
      
      </div>
                  </div>
              </div>
            </div>
        </div>
  </div>
</div>
          </div>
        </li>
        <li class="test-item"  status="fail" test-id="202"
          author=""
          tag=""
          device="">
          <div class="test-detail">
            <p class="name">Testing Signin page of the DS algo application</p>
            <p class="text-sm">
              <span>10:30:36 AM</span> / <span>00:00:25:343</span>
              <span class="badge fail-bg log float-right">Fail</span>
            </p>
          </div>
          <div class="test-contents d-none">
<div class="detail-head">
<div class="p-v-10">
<div class="info">
<h5 class="test-status text-fail">Testing Signin page of the DS algo application</h5>
<span class='badge badge-success'>08.24.2023 10:30:36 AM</span>
<span class='badge badge-danger'>08.24.2023 10:31:02 AM</span>
<span class='badge badge-default'>00:00:25:343</span>
&middot; <span class='uri-anchor badge badge-default'>#test-id=202</span>
<span class='badge badge-default pointer float-right ml-1 et'><i class="fa fa-chevron-down"></i></span>
<span class='badge badge-default pointer float-right ct'><i class="fa fa-chevron-up"></i></span>
</div>
<div class="m-t-10 m-l-5"></div>
</div>
</div>
<div class="accordion mt-4">
  <div class="card">
    <div class="card-header" role="tab">
      <div class="card-title">
        <div class="node" id="203"><span class="badge log pass-bg mr-2">Pass</span>Verifying Register link</div>
      </div>
    </div>
        <div class="collapse">
          <div class="card-body">
              <div class="step pass-bg" title="com.numpyninja.cluelesscoders.stepdefinitions.Steps.user_launch_chrome_browser()">
                <span>Given User Launch Chrome browser</span>
      <div>
      </div>
              </div>
              <div class="step pass-bg" title="com.numpyninja.cluelesscoders.stepdefinitions.Steps.user_opens_url(java.lang.String)">
                <span>When User opens URL "https://dsportalapp.herokuapp.com/"</span>
      <div>
      </div>
              </div>
              <div class="step pass-bg" title="com.numpyninja.cluelesscoders.stepdefinitions.Steps.click_on_get_started()">
                <span>And Click on Get Started</span>
      <div>
      </div>
              </div>
              <div class="step pass-bg" title="com.numpyninja.cluelesscoders.stepdefinitions.Steps.page_title_should_be(java.lang.String)">
                <span>Then Page Title should be "NumpyNinja"</span>
      <div>
      </div>
              </div>
              <div class="step pass-bg" title="com.numpyninja.cluelesscoders.stepdefinitions.Steps.user_click_on_sign_in_link()">
                <span>When User click on Sign in link</span>
      <div>
      </div>
              </div>
              <div class="step pass-bg" title="com.numpyninja.cluelesscoders.stepdefinitions.Steps.page_title_should_be(java.lang.String)">
                <span>Then Page Title should be "Login"</span>
      <div>
      </div>
              </div>
              <div class="step pass-bg" title="com.numpyninja.cluelesscoders.stepdefinitions.Steps.the_user_clicks_on_register_link_on_signin_page()">
                <span>When The user clicks on register link on signin page</span>
      <div>
      </div>
              </div>
              <div class="step pass-bg" title="com.numpyninja.cluelesscoders.stepdefinitions.Steps.page_title_should_be(java.lang.String)">
                <span>And Page Title should be "Registration"</span>
      <div>
      </div>
              </div>
          </div>
        </div>
  </div>
  <div class="card">
    <div class="card-header" role="tab">
      <div class="card-title">
        <div class="node" id="206"><span class="badge log pass-bg mr-2">Pass</span>Click Sign In</div>
      </div>
    </div>
        <div class="scenario_outline collapse">
            <div class="card-body l1">
              <div class="card-header">
                <div class="card-title outline-child">
                  <div class="node" id="207"><span class="badge log pass-bg mr-2">Pass</span>Click Sign In</div>
                </div>
              </div>
              <div class="card-body mt-3 collapse">
                  <div class="step pass-bg">
                    <span>Given User Launch Chrome browser</span>
      <div>
      </div>
                  </div>
                  <div class="step pass-bg">
                    <span>When User opens URL "https://dsportalapp.herokuapp.com/"</span>
      <div>
      </div>
                  </div>
                  <div class="step pass-bg">
                    <span>And Click on Get Started</span>
      <div>
      </div>
                  </div>
                  <div class="step pass-bg">
                    <span>Then Page Title should be "NumpyNinja"</span>
      <div>
      </div>
                  </div>
                  <div class="step pass-bg">
                    <span>When User click on Sign in link</span>
      <div>
      </div>
                  </div>
                  <div class="step pass-bg">
                    <span>Then Page Title should be "Login"</span>
      <div>
      </div>
                  </div>
                  <div class="step pass-bg">
                    <span>When The user enter invalid "" and "passowrd"</span>
      <div>
      </div>
                  </div>
                  <div class="step pass-bg">
                    <span>And The user click on login button</span>
      <div>
      </div>
                  </div>
                  <div class="step pass-bg">
                    <span>Then The user should get error message "Please fill out this field." below first empty field "" "passowrd"</span>
      <div>
      </div>
                  </div>
              </div>
            </div>
            <div class="card-body l1">
              <div class="card-header">
                <div class="card-title outline-child">
                  <div class="node" id="209"><span class="badge log pass-bg mr-2">Pass</span>Click Sign In</div>
                </div>
              </div>
              <div class="card-body mt-3 collapse">
                  <div class="step pass-bg">
                    <span>Given User Launch Chrome browser</span>
      <div>
      </div>
                  </div>
                  <div class="step pass-bg">
                    <span>When User opens URL "https://dsportalapp.herokuapp.com/"</span>
      <div>
      </div>
                  </div>
                  <div class="step pass-bg">
                    <span>And Click on Get Started</span>
      <div>
      </div>
                  </div>
                  <div class="step pass-bg">
                    <span>Then Page Title should be "NumpyNinja"</span>
      <div>
      </div>
                  </div>
                  <div class="step pass-bg">
                    <span>When User click on Sign in link</span>
      <div>
      </div>
                  </div>
                  <div class="step pass-bg">
                    <span>Then Page Title should be "Login"</span>
      <div>
      </div>
                  </div>
                  <div class="step pass-bg">
                    <span>When The user enter invalid "" and ""</span>
      <div>
      </div>
                  </div>
                  <div class="step pass-bg">
                    <span>And The user click on login button</span>
      <div>
      </div>
                  </div>
                  <div class="step pass-bg">
                    <span>Then The user should get error message "Please fill out this field." below first empty field "" ""</span>
      <div>
      </div>
                  </div>
              </div>
            </div>
            <div class="card-body l1">
              <div class="card-header">
                <div class="card-title outline-child">
                  <div class="node" id="214"><span class="badge log pass-bg mr-2">Pass</span>Click Sign In</div>
                </div>
              </div>
              <div class="card-body mt-3 collapse">
                  <div class="step pass-bg">
                    <span>Given User Launch Chrome browser</span>
      <div>
      </div>
                  </div>
                  <div class="step pass-bg">
                    <span>When User opens URL "https://dsportalapp.herokuapp.com/"</span>
      <div>
      </div>
                  </div>
                  <div class="step pass-bg">
                    <span>And Click on Get Started</span>
      <div>
      </div>
                  </div>
                  <div class="step pass-bg">
                    <span>Then Page Title should be "NumpyNinja"</span>
      <div>
      </div>
                  </div>
                  <div class="step pass-bg">
                    <span>When User click on Sign in link</span>
      <div>
      </div>
                  </div>
                  <div class="step pass-bg">
                    <span>Then Page Title should be "Login"</span>
      <div>
      </div>
                  </div>
                  <div class="step pass-bg">
                    <span>When The user enter invalid "user" and ""</span>
      <div>
      </div>
                  </div>
                  <div class="step pass-bg">
                    <span>And The user click on login button</span>
      <div>
      </div>
                  </div>
                  <div class="step pass-bg">
                    <span>Then The user should get error message "Please fill out this field." below first empty field "user" ""</span>
      <div>
      </div>
                  </div>
              </div>
            </div>
        </div>
  </div>
  <div class="card">
    <div class="card-header" role="tab">
      <div class="card-title">
        <div class="node" id="218"><span class="badge log fail-bg mr-2">Fail</span>Verifying signout link</div>
      </div>
    </div>
        <div class="">
          <div class="card-body">
              <div class="step pass-bg" title="com.numpyninja.cluelesscoders.stepdefinitions.Steps.user_launch_chrome_browser()">
                <span>Given User Launch Chrome browser</span>
      <div>
      </div>
              </div>
              <div class="step pass-bg" title="com.numpyninja.cluelesscoders.stepdefinitions.Steps.user_opens_url(java.lang.String)">
                <span>When User opens URL "https://dsportalapp.herokuapp.com/"</span>
      <div>
      </div>
              </div>
              <div class="step pass-bg" title="com.numpyninja.cluelesscoders.stepdefinitions.Steps.click_on_get_started()">
                <span>And Click on Get Started</span>
      <div>
      </div>
              </div>
              <div class="step pass-bg" title="com.numpyninja.cluelesscoders.stepdefinitions.Steps.page_title_should_be(java.lang.String)">
                <span>Then Page Title should be "NumpyNinja"</span>
      <div>
      </div>
              </div>
              <div class="step pass-bg" title="com.numpyninja.cluelesscoders.stepdefinitions.Steps.user_click_on_sign_in_link()">
                <span>When User click on Sign in link</span>
      <div>
      </div>
              </div>
              <div class="step pass-bg" title="com.numpyninja.cluelesscoders.stepdefinitions.Steps.page_title_should_be(java.lang.String)">
                <span>Then Page Title should be "Login"</span>
      <div>
      </div>
              </div>
              <div class="step pass-bg" title="com.numpyninja.cluelesscoders.stepdefinitions.Steps.the_user_enter_valid_and(java.lang.String,java.lang.String)">
                <span>When The user enter valid "Numpysdet84" and "sdet84batch"</span>
      <div>
      </div>
              </div>
              <div class="step pass-bg" title="com.numpyninja.cluelesscoders.stepdefinitions.Steps.the_user_click_on_login_button()">
                <span>And The user click on login button</span>
      <div>
      </div>
              </div>
              <div class="step pass-bg" title="com.numpyninja.cluelesscoders.stepdefinitions.Steps.the_user_should_get_a_message(java.lang.String)">
                <span>Then The user should get a message "You are logged in"</span>
      <div>
      </div>
              </div>
              <div class="step pass-bg" title="com.numpyninja.cluelesscoders.stepdefinitions.Steps.the_user_clicks_on_signout_button()">
                <span>When The user clicks on Signout button</span>
      <div>
      </div>
              </div>
              <div class="step pass-bg" title="com.numpyninja.cluelesscoders.stepdefinitions.Steps.the_user_should_get_a_message(java.lang.String)">
                <span>Then The user should get a message "Logged out successfully"</span>
      <div>
      </div>
              </div>
              <div class="step pass-bg" title="com.numpyninja.cluelesscoders.stepdefinitions.Steps.close_browser()">
                <span>Then close browser</span>
      <div>
      </div>
              </div>
              <div class="step fail-bg" title="AFTER">
                <span>com.numpyninja.cluelesscoders.stepdefinitions.Steps.afterScenario(io.cucumber.java.Scenario)</span>
      <div>
        <textarea disabled class="code-block">org.openqa.selenium.NoSuchSessionException: Session ID is null. Using WebDriver after calling quit()?
Build info: version: '4.9.0', revision: 'd7057100a6'
System info: os.name: 'Windows 11', os.arch: 'amd64', os.version: '10.0', java.version: '17.0.4.1'
Driver info: org.openqa.selenium.chrome.ChromeDriver
Command: [null, close {}]
Capabilities {acceptInsecureCerts: false, browserName: chrome, browserVersion: 115.0.5790.173, chrome: {chromedriverVersion: 114.0.5735.90 (386bc09e8f4f..., userDataDir: C:\Users\cnudr\AppData\Loca...}, goog:chromeOptions: {debuggerAddress: localhost:52536}, networkConnectionEnabled: false, pageLoadStrategy: normal, platformName: WINDOWS, proxy: Proxy(), se:cdp: ws://localhost:52536/devtoo..., se:cdpVersion: 115.0.5790.173, setWindowRect: true, strictFileInteractability: false, timeouts: {implicit: 0, pageLoad: 300000, script: 30000}, unhandledPromptBehavior: dismiss and notify, webauthn:extension:credBlob: true, webauthn:extension:largeBlob: true, webauthn:extension:minPinLength: true, webauthn:extension:prf: true, webauthn:virtualAuthenticators: true}
	at org.openqa.selenium.remote.HttpCommandExecutor.execute(HttpCommandExecutor.java:154)
	at org.openqa.selenium.remote.service.DriverCommandExecutor.invokeExecute(DriverCommandExecutor.java:183)
	at org.openqa.selenium.remote.service.DriverCommandExecutor.execute(DriverCommandExecutor.java:158)
	at org.openqa.selenium.remote.RemoteWebDriver.execute(RemoteWebDriver.java:543)
	at org.openqa.selenium.remote.RemoteWebDriver.execute(RemoteWebDriver.java:598)
	at org.openqa.selenium.remote.RemoteWebDriver.execute(RemoteWebDriver.java:602)
	at org.openqa.selenium.remote.RemoteWebDriver.close(RemoteWebDriver.java:419)
	at com.numpyninja.cluelesscoders.stepdefinitions.Steps.afterScenario(Steps.java:433)
</textarea>
      
      </div>
              </div>
          </div>
        </div>
  </div>
</div>
          </div>
        </li>
        <li class="test-item"  status="pass" test-id="239"
          author=""
          tag=""
          device="">
          <div class="test-detail">
            <p class="name">User enter invalid and valid inputs from Excelr on login page</p>
            <p class="text-sm">
              <span>10:30:42 AM</span> / <span>00:00:30:833</span>
              <span class="badge pass-bg log float-right">Pass</span>
            </p>
          </div>
          <div class="test-contents d-none">
<div class="detail-head">
<div class="p-v-10">
<div class="info">
<h5 class="test-status text-pass">User enter invalid and valid inputs from Excelr on login page</h5>
<span class='badge badge-success'>08.24.2023 10:30:42 AM</span>
<span class='badge badge-danger'>08.24.2023 10:31:13 AM</span>
<span class='badge badge-default'>00:00:30:833</span>
&middot; <span class='uri-anchor badge badge-default'>#test-id=239</span>
<span class='badge badge-default pointer float-right ml-1 et'><i class="fa fa-chevron-down"></i></span>
<span class='badge badge-default pointer float-right ct'><i class="fa fa-chevron-up"></i></span>
</div>
<div class="m-t-10 m-l-5"></div>
</div>
</div>
<div class="accordion mt-4">
  <div class="card">
    <div class="card-header" role="tab">
      <div class="card-title">
        <div class="node" id="240"><span class="badge log pass-bg mr-2">Pass</span>Verifying signout link</div>
      </div>
    </div>
        <div class="scenario_outline collapse">
            <div class="card-body l1">
              <div class="card-header">
                <div class="card-title outline-child">
                  <div class="node" id="241"><span class="badge log pass-bg mr-2">Pass</span>Verifying signout link</div>
                </div>
              </div>
              <div class="card-body mt-3 collapse">
                  <div class="step pass-bg">
                    <span>Given User Launch Chrome browser</span>
      <div>
      </div>
                  </div>
                  <div class="step pass-bg">
                    <span>When User opens URL "https://dsportalapp.herokuapp.com/"</span>
      <div>
      </div>
                  </div>
                  <div class="step pass-bg">
                    <span>And Click on Get Started</span>
      <div>
      </div>
                  </div>
                  <div class="step pass-bg">
                    <span>Then Page Title should be "NumpyNinja"</span>
      <div>
      </div>
                  </div>
                  <div class="step pass-bg">
                    <span>When User click on Sign in link</span>
      <div>
      </div>
                  </div>
                  <div class="step pass-bg">
                    <span>Then Page Title should be "Login"</span>
      <div>
      </div>
                  </div>
                  <div class="step pass-bg">
                    <span>When The user enter username password from sheet "Login" and "1"</span>
      <div>
      </div>
                  </div>
                  <div class="step pass-bg">
                    <span>And The user click on login button</span>
      <div>
      </div>
                  </div>
                  <div class="step pass-bg">
                    <span>Then The user should get error message "Please fill out this field." below first empty field "<username>" "<password>"</span>
      <div>
      </div>
                  </div>
              </div>
            </div>
            <div class="card-body l1">
              <div class="card-header">
                <div class="card-title outline-child">
                  <div class="node" id="263"><span class="badge log pass-bg mr-2">Pass</span>Verifying signout link</div>
                </div>
              </div>
              <div class="card-body mt-3 collapse">
                  <div class="step pass-bg">
                    <span>Given User Launch Chrome browser</span>
      <div>
      </div>
                  </div>
                  <div class="step pass-bg">
                    <span>When User opens URL "https://dsportalapp.herokuapp.com/"</span>
      <div>
      </div>
                  </div>
                  <div class="step pass-bg">
                    <span>And Click on Get Started</span>
      <div>
      </div>
                  </div>
                  <div class="step pass-bg">
                    <span>Then Page Title should be "NumpyNinja"</span>
      <div>
      </div>
                  </div>
                  <div class="step pass-bg">
                    <span>When User click on Sign in link</span>
      <div>
      </div>
                  </div>
                  <div class="step pass-bg">
                    <span>Then Page Title should be "Login"</span>
      <div>
      </div>
                  </div>
                  <div class="step pass-bg">
                    <span>When The user enter username password from sheet "Login" and "2"</span>
      <div>
      </div>
                  </div>
                  <div class="step pass-bg">
                    <span>And The user click on login button</span>
      <div>
      </div>
                  </div>
                  <div class="step pass-bg">
                    <span>Then The user should get error message "Please fill out this field." below first empty field "<username>" "<password>"</span>
      <div>
      </div>
                  </div>
              </div>
            </div>
            <div class="card-body l1">
              <div class="card-header">
                <div class="card-title outline-child">
                  <div class="node" id="300"><span class="badge log pass-bg mr-2">Pass</span>Verifying signout link</div>
                </div>
              </div>
              <div class="card-body mt-3 collapse">
                  <div class="step pass-bg">
                    <span>Given User Launch Chrome browser</span>
      <div>
      </div>
                  </div>
                  <div class="step pass-bg">
                    <span>When User opens URL "https://dsportalapp.herokuapp.com/"</span>
      <div>
      </div>
                  </div>
                  <div class="step pass-bg">
                    <span>And Click on Get Started</span>
      <div>
      </div>
                  </div>
                  <div class="step pass-bg">
                    <span>Then Page Title should be "NumpyNinja"</span>
      <div>
      </div>
                  </div>
                  <div class="step pass-bg">
                    <span>When User click on Sign in link</span>
      <div>
      </div>
                  </div>
                  <div class="step pass-bg">
                    <span>Then Page Title should be "Login"</span>
      <div>
      </div>
                  </div>
                  <div class="step pass-bg">
                    <span>When The user enter username password from sheet "Login" and "3"</span>
      <div>
      </div>
                  </div>
                  <div class="step pass-bg">
                    <span>And The user click on login button</span>
      <div>
      </div>
                  </div>
                  <div class="step pass-bg">
                    <span>Then The user should get error message "Please fill out this field." below first empty field "<username>" "<password>"</span>
      <div>
      </div>
                  </div>
              </div>
            </div>
            <div class="card-body l1">
              <div class="card-header">
                <div class="card-title outline-child">
                  <div class="node" id="316"><span class="badge log pass-bg mr-2">Pass</span>Verifying signout link</div>
                </div>
              </div>
              <div class="card-body mt-3 collapse">
                  <div class="step pass-bg">
                    <span>Given User Launch Chrome browser</span>
      <div>
      </div>
                  </div>
                  <div class="step pass-bg">
                    <span>When User opens URL "https://dsportalapp.herokuapp.com/"</span>
      <div>
      </div>
                  </div>
                  <div class="step pass-bg">
                    <span>And Click on Get Started</span>
      <div>
      </div>
                  </div>
                  <div class="step pass-bg">
                    <span>Then Page Title should be "NumpyNinja"</span>
      <div>
      </div>
                  </div>
                  <div class="step pass-bg">
                    <span>When User click on Sign in link</span>
      <div>
      </div>
                  </div>
                  <div class="step pass-bg">
                    <span>Then Page Title should be "Login"</span>
      <div>
      </div>
                  </div>
                  <div class="step pass-bg">
                    <span>When The user enter username password from sheet "Login" and "4"</span>
      <div>
      </div>
                  </div>
                  <div class="step pass-bg">
                    <span>And The user click on login button</span>
      <div>
      </div>
                  </div>
                  <div class="step pass-bg">
                    <span>Then The user should get a message "You are logged in"</span>
      <div>
      </div>
                  </div>
              </div>
            </div>
        </div>
  </div>
</div>
          </div>
        </li>
        <li class="test-item"  status="fail" test-id="319"
          author=""
          tag=""
          device="">
          <div class="test-detail">
            <p class="name">Testing the Linked list page of the Ds algo application</p>
            <p class="text-sm">
              <span>10:30:52 AM</span> / <span>00:01:21:069</span>
              <span class="badge fail-bg log float-right">Fail</span>
            </p>
          </div>
          <div class="test-contents d-none">
<div class="detail-head">
<div class="p-v-10">
<div class="info">
<h5 class="test-status text-fail">Testing the Linked list page of the Ds algo application</h5>
<span class='badge badge-success'>08.24.2023 10:30:52 AM</span>
<span class='badge badge-danger'>08.24.2023 10:32:13 AM</span>
<span class='badge badge-default'>00:01:21:069</span>
&middot; <span class='uri-anchor badge badge-default'>#test-id=319</span>
<span class='badge badge-default pointer float-right ml-1 et'><i class="fa fa-chevron-down"></i></span>
<span class='badge badge-default pointer float-right ct'><i class="fa fa-chevron-up"></i></span>
</div>
<div class="m-t-10 m-l-5"></div>
</div>
</div>
<div class="accordion mt-4">
  <div class="card">
    <div class="card-header" role="tab">
      <div class="card-title">
        <div class="node" id="320"><span class="badge log fail-bg mr-2">Fail</span>User is able to navigate to Array using dropdown option</div>
          <div class="status-avatar float-right mr-4">
            <i class="fa fa-paperclip"></i>
          </div>
      </div>
    </div>
        <div class="scenario_outline ">
            <div class="card-body l1">
              <div class="card-header">
                <div class="card-title outline-child">
                  <div class="node" id="321"><span class="badge log fail-bg mr-2">Fail</span>User is able to navigate to Array using dropdown option</div>
                    <div class="status-avatar float-right">
                      <i class="fa fa-paperclip"></i>
                    </div>
                </div>
              </div>
              <div class="card-body mt-3 ">
                  <div class="step pass-bg">
                    <span>Given User Launch Chrome browser</span>
      <div>
      </div>
                  </div>
                  <div class="step pass-bg">
                    <span>When User opens URL "https://dsportalapp.herokuapp.com/"</span>
      <div>
      </div>
                  </div>
                  <div class="step pass-bg">
                    <span>And Click on Get Started</span>
      <div>
      </div>
                  </div>
                  <div class="step pass-bg">
                    <span>Then Page Title should be "NumpyNinja"</span>
      <div>
      </div>
                  </div>
                  <div class="step pass-bg">
                    <span>When User click on Sign in link</span>
      <div>
      </div>
                  </div>
                  <div class="step pass-bg">
                    <span>Then Page Title should be "Login"</span>
      <div>
      </div>
                  </div>
                  <div class="step pass-bg">
                    <span>When The user enter invalid "nehasaini09" and "cellphone_09"</span>
      <div>
      </div>
                  </div>
                  <div class="step pass-bg">
                    <span>Then The user click on login button</span>
      <div>
      </div>
                  </div>
                  <div class="step pass-bg">
                    <span>When User click on Data Structure DropDown</span>
      <div>
      </div>
                  </div>
                  <div class="step pass-bg">
                    <span>And User click on "Array"</span>
      <div>
      </div>
                  </div>
                  <div class="step pass-bg">
                    <span>Then Arrays page is displayed</span>
      <div>
      </div>
                  </div>
                  <div class="step fail-bg">
                    <span>When User click on topics covered with "Arrays in Python,Arrays Using List,Basic Operations in Lists,Applications of Array" links</span>
      <div>
        <textarea disabled class="code-block">org.openqa.selenium.ElementNotInteractableException: element not interactable
  (Session info: chrome=115.0.5790.173)
Build info: version: '4.9.0', revision: 'd7057100a6'
System info: os.name: 'Windows 11', os.arch: 'amd64', os.version: '10.0', java.version: '17.0.4.1'
Driver info: org.openqa.selenium.chrome.ChromeDriver
Command: [4eaf0ce1400f51e1ed96b77306f8dcac, sendKeysToElement {id=D78D3E36FE2D0E44596AEBBC553DFFB2_element_41, value=[Ljava.lang.CharSequence;@158ca11b}]
Capabilities {acceptInsecureCerts: false, browserName: chrome, browserVersion: 115.0.5790.173, chrome: {chromedriverVersion: 114.0.5735.90 (386bc09e8f4f..., userDataDir: C:\Users\cnudr\AppData\Loca...}, goog:chromeOptions: {debuggerAddress: localhost:52779}, networkConnectionEnabled: false, pageLoadStrategy: normal, platformName: WINDOWS, proxy: Proxy(), se:cdp: ws://localhost:52779/devtoo..., se:cdpVersion: 115.0.5790.173, setWindowRect: true, strictFileInteractability: false, timeouts: {implicit: 0, pageLoad: 300000, script: 30000}, unhandledPromptBehavior: dismiss and notify, webauthn:extension:credBlob: true, webauthn:extension:largeBlob: true, webauthn:extension:minPinLength: true, webauthn:extension:prf: true, webauthn:virtualAuthenticators: true}
Element: [[ChromeDriver: chrome on WINDOWS (4eaf0ce1400f51e1ed96b77306f8dcac)] -> xpath: //div[contains(@class, 'CodeMirror')]/div/textarea]
Session ID: 4eaf0ce1400f51e1ed96b77306f8dcac
	at java.base/jdk.internal.reflect.NativeConstructorAccessorImpl.newInstance0(Native Method)
	at java.base/jdk.internal.reflect.NativeConstructorAccessorImpl.newInstance(NativeConstructorAccessorImpl.java:77)
	at java.base/jdk.internal.reflect.DelegatingConstructorAccessorImpl.newInstance(DelegatingConstructorAccessorImpl.java:45)
	at java.base/java.lang.reflect.Constructor.newInstanceWithCaller(Constructor.java:499)
	at java.base/java.lang.reflect.Constructor.newInstance(Constructor.java:480)
	at org.openqa.selenium.remote.codec.w3c.W3CHttpResponseCodec.createException(W3CHttpResponseCodec.java:200)
	at org.openqa.selenium.remote.codec.w3c.W3CHttpResponseCodec.decode(W3CHttpResponseCodec.java:133)
	at org.openqa.selenium.remote.codec.w3c.W3CHttpResponseCodec.decode(W3CHttpResponseCodec.java:53)
	at org.openqa.selenium.remote.HttpCommandExecutor.execute(HttpCommandExecutor.java:193)
	at org.openqa.selenium.remote.service.DriverCommandExecutor.invokeExecute(DriverCommandExecutor.java:183)
	at org.openqa.selenium.remote.service.DriverCommandExecutor.execute(DriverCommandExecutor.java:158)
	at org.openqa.selenium.remote.RemoteWebDriver.execute(RemoteWebDriver.java:543)
	at org.openqa.selenium.remote.RemoteWebElement.execute(RemoteWebElement.java:257)
	at org.openqa.selenium.remote.RemoteWebElement.sendKeys(RemoteWebElement.java:113)
	at com.numpyninja.cluelesscoders.pageobjects.StackPage.clickonTopics(StackPage.java:69)
	at com.numpyninja.cluelesscoders.stepdefinitions.Steps.user_click_on_topics_covered_with_links(Steps.java:345)
	at .User click on topics covered with "Arrays in Python,Arrays Using List,Basic Operations in Lists,Applications of Array" links(file:///C:/Users/cnudr/git/dsAlgo/dsalgo-cucumber/./Features/arrays.feature:18)
</textarea>
      
      </div>
                  </div>
                  <div class="step skip-bg">
                    <span>And User click on try here button</span>
      <div>Step skipped
      </div>
                  </div>
                  <div class="step pass-bg">
                    <span>com.numpyninja.cluelesscoders.stepdefinitions.Steps.afterScenario(io.cucumber.java.Scenario)</span>
      <div>User is able to navigate to Array using dropdown option
          <div class="row mb-3"><div class="col-md-3">
<img data-featherlight='../Screenshots/embedded1.png' src="../Screenshots/embedded1.png">
    
    </div></div>
</div>
      <div>
      </div>
                  </div>
              </div>
            </div>
        </div>
  </div>
  <div class="card">
    <div class="card-header" role="tab">
      <div class="card-title">
        <div class="node" id="323"><span class="badge log pass-bg mr-2">Pass</span>User is able to navigate to Array next page</div>
      </div>
    </div>
        <div class="scenario_outline collapse">
            <div class="card-body l1">
              <div class="card-header">
                <div class="card-title outline-child">
                  <div class="node" id="324"><span class="badge log pass-bg mr-2">Pass</span>User is able to navigate to Array next page</div>
                </div>
              </div>
              <div class="card-body mt-3 collapse">
                  <div class="step pass-bg">
                    <span>Given User Launch Chrome browser</span>
      <div>
      </div>
                  </div>
                  <div class="step pass-bg">
                    <span>When User opens URL "https://dsportalapp.herokuapp.com/"</span>
      <div>
      </div>
                  </div>
                  <div class="step pass-bg">
                    <span>And Click on Get Started</span>
      <div>
      </div>
                  </div>
                  <div class="step pass-bg">
                    <span>Then Page Title should be "NumpyNinja"</span>
      <div>
      </div>
                  </div>
                  <div class="step pass-bg">
                    <span>When User click on Sign in link</span>
      <div>
      </div>
                  </div>
                  <div class="step pass-bg">
                    <span>Then Page Title should be "Login"</span>
      <div>
      </div>
                  </div>
                  <div class="step pass-bg">
                    <span>When The user enter invalid "nehasaini09" and "cellphone_09"</span>
      <div>
      </div>
                  </div>
                  <div class="step pass-bg">
                    <span>Then The user click on login button</span>
      <div>
      </div>
                  </div>
                  <div class="step pass-bg">
                    <span>When User click on Data Structure DropDown</span>
      <div>
      </div>
                  </div>
                  <div class="step pass-bg">
                    <span>And User click on "Array"</span>
      <div>
      </div>
                  </div>
                  <div class="step pass-bg">
                    <span>When User clicks on pratice button</span>
      <div>
      </div>
                  </div>
                  <div class="step pass-bg">
                    <span>Then new array page opens</span>
      <div>
      </div>
                  </div>
                  <div class="step pass-bg">
                    <span>When click on topics covered with "Search the array,Max Consecutive Ones,Find Numbers with Even Number of Digits,Squares of  a Sorted Array"</span>
      <div>
      </div>
                  </div>
                  <div class="step pass-bg">
                    <span>Then new page displayed</span>
      <div>
      </div>
                  </div>
              </div>
            </div>
        </div>
  </div>
  <div class="card">
    <div class="card-header" role="tab">
      <div class="card-title">
        <div class="node" id="328"><span class="badge log fail-bg mr-2">Fail</span>User is able to navigate to Linked list using dropdown option</div>
          <div class="status-avatar float-right mr-4">
            <i class="fa fa-paperclip"></i>
          </div>
      </div>
    </div>
        <div class="scenario_outline ">
            <div class="card-body l1">
              <div class="card-header">
                <div class="card-title outline-child">
                  <div class="node" id="329"><span class="badge log fail-bg mr-2">Fail</span>User is able to navigate to Linked list using dropdown option</div>
                    <div class="status-avatar float-right">
                      <i class="fa fa-paperclip"></i>
                    </div>
                </div>
              </div>
              <div class="card-body mt-3 ">
                  <div class="step pass-bg">
                    <span>Given User Launch Chrome browser</span>
      <div>
      </div>
                  </div>
                  <div class="step pass-bg">
                    <span>When User opens URL "https://dsportalapp.herokuapp.com/"</span>
      <div>
      </div>
                  </div>
                  <div class="step pass-bg">
                    <span>And Click on Get Started</span>
      <div>
      </div>
                  </div>
                  <div class="step pass-bg">
                    <span>Then Page Title should be "NumpyNinja"</span>
      <div>
      </div>
                  </div>
                  <div class="step pass-bg">
                    <span>When User click on Sign in link</span>
      <div>
      </div>
                  </div>
                  <div class="step pass-bg">
                    <span>Then Page Title should be "Login"</span>
      <div>
      </div>
                  </div>
                  <div class="step pass-bg">
                    <span>When The user enter invalid "nehasaini09" and "cellphone_09"</span>
      <div>
      </div>
                  </div>
                  <div class="step pass-bg">
                    <span>Then The user click on login button</span>
      <div>
      </div>
                  </div>
                  <div class="step pass-bg">
                    <span>When User click on Data Structure DropDown</span>
      <div>
      </div>
                  </div>
                  <div class="step pass-bg">
                    <span>And User click on "Linked List"</span>
      <div>
      </div>
                  </div>
                  <div class="step pass-bg">
                    <span>Then Linked List page is displayed</span>
      <div>
      </div>
                  </div>
                  <div class="step fail-bg">
                    <span>When User click on topics covered with "Introduction,Creating Linked LIst,Types of Linked List,Implement Linked List in Python,Traversal,Insertion,Deletion" links</span>
      <div>
        <textarea disabled class="code-block">org.openqa.selenium.ElementNotInteractableException: element not interactable
  (Session info: chrome=115.0.5790.173)
Build info: version: '4.9.0', revision: 'd7057100a6'
System info: os.name: 'Windows 11', os.arch: 'amd64', os.version: '10.0', java.version: '17.0.4.1'
Driver info: org.openqa.selenium.chrome.ChromeDriver
Command: [1992af82f6e7fdcb0c7ca4a42d178b1b, sendKeysToElement {id=A8459B8A17C712F9ED4CFE466981A96C_element_40, value=[Ljava.lang.CharSequence;@15616818}]
Capabilities {acceptInsecureCerts: false, browserName: chrome, browserVersion: 115.0.5790.173, chrome: {chromedriverVersion: 114.0.5735.90 (386bc09e8f4f..., userDataDir: C:\Users\cnudr\AppData\Loca...}, goog:chromeOptions: {debuggerAddress: localhost:52802}, networkConnectionEnabled: false, pageLoadStrategy: normal, platformName: WINDOWS, proxy: Proxy(), se:cdp: ws://localhost:52802/devtoo..., se:cdpVersion: 115.0.5790.173, setWindowRect: true, strictFileInteractability: false, timeouts: {implicit: 0, pageLoad: 300000, script: 30000}, unhandledPromptBehavior: dismiss and notify, webauthn:extension:credBlob: true, webauthn:extension:largeBlob: true, webauthn:extension:minPinLength: true, webauthn:extension:prf: true, webauthn:virtualAuthenticators: true}
Element: [[ChromeDriver: chrome on WINDOWS (1992af82f6e7fdcb0c7ca4a42d178b1b)] -> xpath: //div[contains(@class, 'CodeMirror')]/div/textarea]
Session ID: 1992af82f6e7fdcb0c7ca4a42d178b1b
	at java.base/jdk.internal.reflect.NativeConstructorAccessorImpl.newInstance0(Native Method)
	at java.base/jdk.internal.reflect.NativeConstructorAccessorImpl.newInstance(NativeConstructorAccessorImpl.java:77)
	at java.base/jdk.internal.reflect.DelegatingConstructorAccessorImpl.newInstance(DelegatingConstructorAccessorImpl.java:45)
	at java.base/java.lang.reflect.Constructor.newInstanceWithCaller(Constructor.java:499)
	at java.base/java.lang.reflect.Constructor.newInstance(Constructor.java:480)
	at org.openqa.selenium.remote.codec.w3c.W3CHttpResponseCodec.createException(W3CHttpResponseCodec.java:200)
	at org.openqa.selenium.remote.codec.w3c.W3CHttpResponseCodec.decode(W3CHttpResponseCodec.java:133)
	at org.openqa.selenium.remote.codec.w3c.W3CHttpResponseCodec.decode(W3CHttpResponseCodec.java:53)
	at org.openqa.selenium.remote.HttpCommandExecutor.execute(HttpCommandExecutor.java:193)
	at org.openqa.selenium.remote.service.DriverCommandExecutor.invokeExecute(DriverCommandExecutor.java:183)
	at org.openqa.selenium.remote.service.DriverCommandExecutor.execute(DriverCommandExecutor.java:158)
	at org.openqa.selenium.remote.RemoteWebDriver.execute(RemoteWebDriver.java:543)
	at org.openqa.selenium.remote.RemoteWebElement.execute(RemoteWebElement.java:257)
	at org.openqa.selenium.remote.RemoteWebElement.sendKeys(RemoteWebElement.java:113)
	at com.numpyninja.cluelesscoders.pageobjects.StackPage.clickonTopics(StackPage.java:69)
	at com.numpyninja.cluelesscoders.stepdefinitions.Steps.user_click_on_topics_covered_with_links(Steps.java:345)
	at .User click on topics covered with "Introduction,Creating Linked LIst,Types of Linked List,Implement Linked List in Python,Traversal,Insertion,Deletion" links(file:///C:/Users/cnudr/git/dsAlgo/dsalgo-cucumber/./Features/linkedlist.feature:20)
</textarea>
      
      </div>
                  </div>
                  <div class="step skip-bg">
                    <span>And User click on try here button</span>
      <div>Step skipped
      </div>
                  </div>
                  <div class="step pass-bg">
                    <span>com.numpyninja.cluelesscoders.stepdefinitions.Steps.afterScenario(io.cucumber.java.Scenario)</span>
      <div>User is able to navigate to Linked list using dropdown option
          <div class="row mb-3"><div class="col-md-3">
<img data-featherlight='../Screenshots/embedded3.png' src="../Screenshots/embedded3.png">
    
    </div></div>
</div>
      <div>
      </div>
                  </div>
              </div>
            </div>
        </div>
  </div>
  <div class="card">
    <div class="card-header" role="tab">
      <div class="card-title">
        <div class="node" id="332"><span class="badge log fail-bg mr-2">Fail</span>User is able to navigate to Queue using dropdown option</div>
          <div class="status-avatar float-right mr-4">
            <i class="fa fa-paperclip"></i>
          </div>
      </div>
    </div>
        <div class="scenario_outline ">
            <div class="card-body l1">
              <div class="card-header">
                <div class="card-title outline-child">
                  <div class="node" id="333"><span class="badge log fail-bg mr-2">Fail</span>User is able to navigate to Queue using dropdown option</div>
                    <div class="status-avatar float-right">
                      <i class="fa fa-paperclip"></i>
                    </div>
                </div>
              </div>
              <div class="card-body mt-3 ">
                  <div class="step pass-bg">
                    <span>Given User Launch Chrome browser</span>
      <div>
      </div>
                  </div>
                  <div class="step pass-bg">
                    <span>When User opens URL "https://dsportalapp.herokuapp.com/"</span>
      <div>
      </div>
                  </div>
                  <div class="step pass-bg">
                    <span>And Click on Get Started</span>
      <div>
      </div>
                  </div>
                  <div class="step pass-bg">
                    <span>Then Page Title should be "NumpyNinja"</span>
      <div>
      </div>
                  </div>
                  <div class="step pass-bg">
                    <span>When User click on Sign in link</span>
      <div>
      </div>
                  </div>
                  <div class="step pass-bg">
                    <span>Then Page Title should be "Login"</span>
      <div>
      </div>
                  </div>
                  <div class="step pass-bg">
                    <span>When The user enter invalid "nehasaini09" and "cellphone_09"</span>
      <div>
      </div>
                  </div>
                  <div class="step pass-bg">
                    <span>Then The user click on login button</span>
      <div>
      </div>
                  </div>
                  <div class="step pass-bg">
                    <span>When User click on Data Structure DropDown</span>
      <div>
      </div>
                  </div>
                  <div class="step pass-bg">
                    <span>And User click on "Queue"</span>
      <div>
      </div>
                  </div>
                  <div class="step fail-bg">
                    <span>When User click on topics covered with "Implementation of Queue in Python,Implementation using collections.deque,Implementation using array,Queue Operations" links</span>
      <div>
        <textarea disabled class="code-block">org.openqa.selenium.ElementNotInteractableException: element not interactable
  (Session info: chrome=115.0.5790.173)
Build info: version: '4.9.0', revision: 'd7057100a6'
System info: os.name: 'Windows 11', os.arch: 'amd64', os.version: '10.0', java.version: '17.0.4.1'
Driver info: org.openqa.selenium.chrome.ChromeDriver
Command: [0ff6c0d11800c3fd42003adea5e7de5f, sendKeysToElement {id=E757BAEDCAAC8E1A3098A8B078FF04BE_element_41, value=[Ljava.lang.CharSequence;@181a7ec2}]
Capabilities {acceptInsecureCerts: false, browserName: chrome, browserVersion: 115.0.5790.173, chrome: {chromedriverVersion: 114.0.5735.90 (386bc09e8f4f..., userDataDir: C:\Users\cnudr\AppData\Loca...}, goog:chromeOptions: {debuggerAddress: localhost:52806}, networkConnectionEnabled: false, pageLoadStrategy: normal, platformName: WINDOWS, proxy: Proxy(), se:cdp: ws://localhost:52806/devtoo..., se:cdpVersion: 115.0.5790.173, setWindowRect: true, strictFileInteractability: false, timeouts: {implicit: 0, pageLoad: 300000, script: 30000}, unhandledPromptBehavior: dismiss and notify, webauthn:extension:credBlob: true, webauthn:extension:largeBlob: true, webauthn:extension:minPinLength: true, webauthn:extension:prf: true, webauthn:virtualAuthenticators: true}
Element: [[ChromeDriver: chrome on WINDOWS (0ff6c0d11800c3fd42003adea5e7de5f)] -> xpath: //div[contains(@class, 'CodeMirror')]/div/textarea]
Session ID: 0ff6c0d11800c3fd42003adea5e7de5f
	at java.base/jdk.internal.reflect.NativeConstructorAccessorImpl.newInstance0(Native Method)
	at java.base/jdk.internal.reflect.NativeConstructorAccessorImpl.newInstance(NativeConstructorAccessorImpl.java:77)
	at java.base/jdk.internal.reflect.DelegatingConstructorAccessorImpl.newInstance(DelegatingConstructorAccessorImpl.java:45)
	at java.base/java.lang.reflect.Constructor.newInstanceWithCaller(Constructor.java:499)
	at java.base/java.lang.reflect.Constructor.newInstance(Constructor.java:480)
	at org.openqa.selenium.remote.codec.w3c.W3CHttpResponseCodec.createException(W3CHttpResponseCodec.java:200)
	at org.openqa.selenium.remote.codec.w3c.W3CHttpResponseCodec.decode(W3CHttpResponseCodec.java:133)
	at org.openqa.selenium.remote.codec.w3c.W3CHttpResponseCodec.decode(W3CHttpResponseCodec.java:53)
	at org.openqa.selenium.remote.HttpCommandExecutor.execute(HttpCommandExecutor.java:193)
	at org.openqa.selenium.remote.service.DriverCommandExecutor.invokeExecute(DriverCommandExecutor.java:183)
	at org.openqa.selenium.remote.service.DriverCommandExecutor.execute(DriverCommandExecutor.java:158)
	at org.openqa.selenium.remote.RemoteWebDriver.execute(RemoteWebDriver.java:543)
	at org.openqa.selenium.remote.RemoteWebElement.execute(RemoteWebElement.java:257)
	at org.openqa.selenium.remote.RemoteWebElement.sendKeys(RemoteWebElement.java:113)
	at com.numpyninja.cluelesscoders.pageobjects.StackPage.clickonTopics(StackPage.java:69)
	at com.numpyninja.cluelesscoders.stepdefinitions.Steps.user_click_on_topics_covered_with_links(Steps.java:345)
	at .User click on topics covered with "Implementation of Queue in Python,Implementation using collections.deque,Implementation using array,Queue Operations" links(file:///C:/Users/cnudr/git/dsAlgo/dsalgo-cucumber/./Features/queue.feature:19)
</textarea>
      
      </div>
                  </div>
                  <div class="step skip-bg">
                    <span>And User click on try here button</span>
      <div>Step skipped
      </div>
                  </div>
                  <div class="step pass-bg">
                    <span>com.numpyninja.cluelesscoders.stepdefinitions.Steps.afterScenario(io.cucumber.java.Scenario)</span>
      <div>User is able to navigate to Queue using dropdown option
          <div class="row mb-3"><div class="col-md-3">
<img data-featherlight='../Screenshots/embedded2.png' src="../Screenshots/embedded2.png">
    
    </div></div>
</div>
      <div>
      </div>
                  </div>
              </div>
            </div>
        </div>
  </div>
  <div class="card">
    <div class="card-header" role="tab">
      <div class="card-title">
        <div class="node" id="550"><span class="badge log pass-bg mr-2">Pass</span>User is able to navigate to Tree using dropdown option</div>
      </div>
    </div>
        <div class="scenario_outline collapse">
            <div class="card-body l1">
              <div class="card-header">
                <div class="card-title outline-child">
                  <div class="node" id="551"><span class="badge log pass-bg mr-2">Pass</span>User is able to navigate to Tree using dropdown option</div>
                </div>
              </div>
              <div class="card-body mt-3 collapse">
                  <div class="step pass-bg">
                    <span>Given User Launch Chrome browser</span>
      <div>
      </div>
                  </div>
                  <div class="step pass-bg">
                    <span>When User opens URL "https://dsportalapp.herokuapp.com/"</span>
      <div>
      </div>
                  </div>
                  <div class="step pass-bg">
                    <span>And Click on Get Started</span>
      <div>
      </div>
                  </div>
                  <div class="step pass-bg">
                    <span>Then Page Title should be "NumpyNinja"</span>
      <div>
      </div>
                  </div>
                  <div class="step pass-bg">
                    <span>When User click on Sign in link</span>
      <div>
      </div>
                  </div>
                  <div class="step pass-bg">
                    <span>Then Page Title should be "Login"</span>
      <div>
      </div>
                  </div>
                  <div class="step pass-bg">
                    <span>When The user enter invalid "nehasaini09" and "cellphone_09"</span>
      <div>
      </div>
                  </div>
                  <div class="step pass-bg">
                    <span>Then The user click on login button</span>
      <div>
      </div>
                  </div>
                  <div class="step pass-bg">
                    <span>When User click on Data Structure DropDown</span>
      <div>
      </div>
                  </div>
                  <div class="step pass-bg">
                    <span>And User click on "Tree"</span>
      <div>
      </div>
                  </div>
                  <div class="step pass-bg">
                    <span>When User click on topics covered with "Overview of Trees,Terminologies,Types of Trees,Tree Traversals,Traversals-Illustration,Binary Trees,Types of Binary Trees,Implementation in Python,Binary Tree Traversals,Implementation of Binary Trees,Applications of Binary trees,Binary Search Trees,Implementation Of BST" links</span>
      <div>
      </div>
                  </div>
                  <div class="step pass-bg">
                    <span>And User click on try here button</span>
      <div>
      </div>
                  </div>
              </div>
            </div>
        </div>
  </div>
</div>
          </div>
        </li>
        <li class="test-item"  status="fail" test-id="370"
          author=""
          tag=""
          device="">
          <div class="test-detail">
            <p class="name">Register</p>
            <p class="text-sm">
              <span>10:30:59 AM</span> / <span>00:00:25:296</span>
              <span class="badge fail-bg log float-right">Fail</span>
            </p>
          </div>
          <div class="test-contents d-none">
<div class="detail-head">
<div class="p-v-10">
<div class="info">
<h5 class="test-status text-fail">Register</h5>
<span class='badge badge-success'>08.24.2023 10:30:59 AM</span>
<span class='badge badge-danger'>08.24.2023 10:31:25 AM</span>
<span class='badge badge-default'>00:00:25:296</span>
&middot; <span class='uri-anchor badge badge-default'>#test-id=370</span>
<span class='badge badge-default pointer float-right ml-1 et'><i class="fa fa-chevron-down"></i></span>
<span class='badge badge-default pointer float-right ct'><i class="fa fa-chevron-up"></i></span>
</div>
<div class="m-t-10 m-l-5"></div>
</div>
</div>
<div class="accordion mt-4">
  <div class="card">
    <div class="card-header" role="tab">
      <div class="card-title">
        <div class="node" id="371"><span class="badge log pass-bg mr-2">Pass</span>Check for empty field use case</div>
      </div>
    </div>
        <div class="scenario_outline collapse">
            <div class="card-body l1">
              <div class="card-header">
                <div class="card-title outline-child">
                  <div class="node" id="372"><span class="badge log pass-bg mr-2">Pass</span>Check for empty field use case</div>
                </div>
              </div>
              <div class="card-body mt-3 collapse">
                  <div class="step pass-bg">
                    <span>Given User Launch Chrome browser</span>
      <div>
      </div>
                  </div>
                  <div class="step pass-bg">
                    <span>When User opens URL "https://dsportalapp.herokuapp.com/"</span>
      <div>
      </div>
                  </div>
                  <div class="step pass-bg">
                    <span>And Click on Get Started</span>
      <div>
      </div>
                  </div>
                  <div class="step pass-bg">
                    <span>Then Page Title should be "NumpyNinja"</span>
      <div>
      </div>
                  </div>
                  <div class="step pass-bg">
                    <span>When User click on Register link</span>
      <div>
      </div>
                  </div>
                  <div class="step pass-bg">
                    <span>Then Page Title should be "Registration"</span>
      <div>
      </div>
                  </div>
                  <div class="step pass-bg">
                    <span>When User enters Username as "" , Password as "" and Password confirmation as ""</span>
      <div>
      </div>
                  </div>
                  <div class="step pass-bg">
                    <span>When The user clicks on Register button</span>
      <div>
      </div>
                  </div>
                  <div class="step pass-bg">
                    <span>Then The user should get error message "Please fill out this field." below first empty field "" "" "".</span>
      <div>
      </div>
                  </div>
              </div>
            </div>
            <div class="card-body l1">
              <div class="card-header">
                <div class="card-title outline-child">
                  <div class="node" id="386"><span class="badge log pass-bg mr-2">Pass</span>Check for empty field use case</div>
                </div>
              </div>
              <div class="card-body mt-3 collapse">
                  <div class="step pass-bg">
                    <span>Given User Launch Chrome browser</span>
      <div>
      </div>
                  </div>
                  <div class="step pass-bg">
                    <span>When User opens URL "https://dsportalapp.herokuapp.com/"</span>
      <div>
      </div>
                  </div>
                  <div class="step pass-bg">
                    <span>And Click on Get Started</span>
      <div>
      </div>
                  </div>
                  <div class="step pass-bg">
                    <span>Then Page Title should be "NumpyNinja"</span>
      <div>
      </div>
                  </div>
                  <div class="step pass-bg">
                    <span>When User click on Register link</span>
      <div>
      </div>
                  </div>
                  <div class="step pass-bg">
                    <span>Then Page Title should be "Registration"</span>
      <div>
      </div>
                  </div>
                  <div class="step pass-bg">
                    <span>When User enters Username as "siri1234" , Password as "" and Password confirmation as ""</span>
      <div>
      </div>
                  </div>
                  <div class="step pass-bg">
                    <span>When The user clicks on Register button</span>
      <div>
      </div>
                  </div>
                  <div class="step pass-bg">
                    <span>Then The user should get error message "Please fill out this field." below first empty field "siri1234" "" "".</span>
      <div>
      </div>
                  </div>
              </div>
            </div>
            <div class="card-body l1">
              <div class="card-header">
                <div class="card-title outline-child">
                  <div class="node" id="391"><span class="badge log pass-bg mr-2">Pass</span>Check for empty field use case</div>
                </div>
              </div>
              <div class="card-body mt-3 collapse">
                  <div class="step pass-bg">
                    <span>Given User Launch Chrome browser</span>
      <div>
      </div>
                  </div>
                  <div class="step pass-bg">
                    <span>When User opens URL "https://dsportalapp.herokuapp.com/"</span>
      <div>
      </div>
                  </div>
                  <div class="step pass-bg">
                    <span>And Click on Get Started</span>
      <div>
      </div>
                  </div>
                  <div class="step pass-bg">
                    <span>Then Page Title should be "NumpyNinja"</span>
      <div>
      </div>
                  </div>
                  <div class="step pass-bg">
                    <span>When User click on Register link</span>
      <div>
      </div>
                  </div>
                  <div class="step pass-bg">
                    <span>Then Page Title should be "Registration"</span>
      <div>
      </div>
                  </div>
                  <div class="step pass-bg">
                    <span>When User enters Username as "siri1234" , Password as "Qweert12" and Password confirmation as ""</span>
      <div>
      </div>
                  </div>
                  <div class="step pass-bg">
                    <span>When The user clicks on Register button</span>
      <div>
      </div>
                  </div>
                  <div class="step pass-bg">
                    <span>Then The user should get error message "Please fill out this field." below first empty field "siri1234" "Qweert12" "".</span>
      <div>
      </div>
                  </div>
              </div>
            </div>
            <div class="card-body l1">
              <div class="card-header">
                <div class="card-title outline-child">
                  <div class="node" id="395"><span class="badge log pass-bg mr-2">Pass</span>Check for empty field use case</div>
                </div>
              </div>
              <div class="card-body mt-3 collapse">
                  <div class="step pass-bg">
                    <span>Given User Launch Chrome browser</span>
      <div>
      </div>
                  </div>
                  <div class="step pass-bg">
                    <span>When User opens URL "https://dsportalapp.herokuapp.com/"</span>
      <div>
      </div>
                  </div>
                  <div class="step pass-bg">
                    <span>And Click on Get Started</span>
      <div>
      </div>
                  </div>
                  <div class="step pass-bg">
                    <span>Then Page Title should be "NumpyNinja"</span>
      <div>
      </div>
                  </div>
                  <div class="step pass-bg">
                    <span>When User click on Register link</span>
      <div>
      </div>
                  </div>
                  <div class="step pass-bg">
                    <span>Then Page Title should be "Registration"</span>
      <div>
      </div>
                  </div>
                  <div class="step pass-bg">
                    <span>When User enters Username as "" , Password as "Qweert12" and Password confirmation as "Qweert12"</span>
      <div>
      </div>
                  </div>
                  <div class="step pass-bg">
                    <span>When The user clicks on Register button</span>
      <div>
      </div>
                  </div>
                  <div class="step pass-bg">
                    <span>Then The user should get error message "Please fill out this field." below first empty field "" "Qweert12" "Qweert12".</span>
      <div>
      </div>
                  </div>
              </div>
            </div>
        </div>
  </div>
  <div class="card">
    <div class="card-header" role="tab">
      <div class="card-title">
        <div class="node" id="399"><span class="badge log pass-bg mr-2">Pass</span>Check for Password mismatch</div>
      </div>
    </div>
        <div class="scenario_outline collapse">
            <div class="card-body l1">
              <div class="card-header">
                <div class="card-title outline-child">
                  <div class="node" id="400"><span class="badge log pass-bg mr-2">Pass</span>Check for Password mismatch</div>
                </div>
              </div>
              <div class="card-body mt-3 collapse">
                  <div class="step pass-bg">
                    <span>Given User Launch Chrome browser</span>
      <div>
      </div>
                  </div>
                  <div class="step pass-bg">
                    <span>When User opens URL "https://dsportalapp.herokuapp.com/"</span>
      <div>
      </div>
                  </div>
                  <div class="step pass-bg">
                    <span>And Click on Get Started</span>
      <div>
      </div>
                  </div>
                  <div class="step pass-bg">
                    <span>Then Page Title should be "NumpyNinja"</span>
      <div>
      </div>
                  </div>
                  <div class="step pass-bg">
                    <span>When User click on Register link</span>
      <div>
      </div>
                  </div>
                  <div class="step pass-bg">
                    <span>Then Page Title should be "Registration"</span>
      <div>
      </div>
                  </div>
                  <div class="step pass-bg">
                    <span>When User enters Username as "Numpy@sdet84" , Password as "testpassword" and Password confirmation as "testpassword1"</span>
      <div>
      </div>
                  </div>
                  <div class="step pass-bg">
                    <span>When The user clicks on Register button</span>
      <div>
      </div>
                  </div>
                  <div class="step pass-bg">
                    <span>Then It should display an error message "password_mismatch:The two password fields didnt match."</span>
      <div>
      </div>
                  </div>
              </div>
            </div>
        </div>
  </div>
  <div class="card">
    <div class="card-header" role="tab">
      <div class="card-title">
        <div class="node" id="464"><span class="badge log fail-bg mr-2">Fail</span>Check for Password with only numbers</div>
          <div class="status-avatar float-right mr-4">
            <i class="fa fa-paperclip"></i>
          </div>
      </div>
    </div>
        <div class="scenario_outline ">
            <div class="card-body l1">
              <div class="card-header">
                <div class="card-title outline-child">
                  <div class="node" id="465"><span class="badge log fail-bg mr-2">Fail</span>Check for Password with only numbers</div>
                    <div class="status-avatar float-right">
                      <i class="fa fa-paperclip"></i>
                    </div>
                </div>
              </div>
              <div class="card-body mt-3 ">
                  <div class="step pass-bg">
                    <span>Given User Launch Chrome browser</span>
      <div>
      </div>
                  </div>
                  <div class="step pass-bg">
                    <span>When User opens URL "https://dsportalapp.herokuapp.com/"</span>
      <div>
      </div>
                  </div>
                  <div class="step pass-bg">
                    <span>And Click on Get Started</span>
      <div>
      </div>
                  </div>
                  <div class="step pass-bg">
                    <span>Then Page Title should be "NumpyNinja"</span>
      <div>
      </div>
                  </div>
                  <div class="step pass-bg">
                    <span>When User click on Register link</span>
      <div>
      </div>
                  </div>
                  <div class="step pass-bg">
                    <span>Then Page Title should be "Registration"</span>
      <div>
      </div>
                  </div>
                  <div class="step pass-bg">
                    <span>When User enters Username as "Numpy@sdet84" , Password as "12345678" and Password confirmation as "12345678"</span>
      <div>
      </div>
                  </div>
                  <div class="step pass-bg">
                    <span>When The user clicks on Register button</span>
      <div>
      </div>
                  </div>
                  <div class="step fail-bg">
                    <span>Then It should display an error message "Password cant be entirely numeric."</span>
      <div>
        <textarea disabled class="code-block">java.lang.AssertionError: expected [Password cant be entirely numeric.] but found [password_mismatch:The two password fields didnt match.]
	at org.testng.Assert.fail(Assert.java:110)
	at org.testng.Assert.failNotEquals(Assert.java:1577)
	at org.testng.Assert.assertEqualsImpl(Assert.java:149)
	at org.testng.Assert.assertEquals(Assert.java:131)
	at org.testng.Assert.assertEquals(Assert.java:655)
	at org.testng.Assert.assertEquals(Assert.java:665)
	at com.numpyninja.cluelesscoders.stepdefinitions.Steps.it_should_display_an_error_message(Steps.java:185)
	at .It should display an error message "Password cant be entirely numeric."(file:///C:/Users/cnudr/git/dsAlgo/dsalgo-cucumber/./Features/registerPage.feature:49)
</textarea>
      
      </div>
                  </div>
                  <div class="step pass-bg">
                    <span>com.numpyninja.cluelesscoders.stepdefinitions.Steps.afterScenario(io.cucumber.java.Scenario)</span>
      <div>Check for Password with only numbers
          <div class="row mb-3"><div class="col-md-3">
<img data-featherlight='../Screenshots/embedded8.png' src="../Screenshots/embedded8.png">
    
    </div></div>
</div>
      <div>
      </div>
                  </div>
              </div>
            </div>
        </div>
  </div>
  <div class="card">
    <div class="card-header" role="tab">
      <div class="card-title">
        <div class="node" id="477"><span class="badge log fail-bg mr-2">Fail</span>Check for Password similar to username</div>
          <div class="status-avatar float-right mr-4">
            <i class="fa fa-paperclip"></i>
          </div>
      </div>
    </div>
        <div class="scenario_outline ">
            <div class="card-body l1">
              <div class="card-header">
                <div class="card-title outline-child">
                  <div class="node" id="478"><span class="badge log fail-bg mr-2">Fail</span>Check for Password similar to username</div>
                    <div class="status-avatar float-right">
                      <i class="fa fa-paperclip"></i>
                    </div>
                </div>
              </div>
              <div class="card-body mt-3 ">
                  <div class="step pass-bg">
                    <span>Given User Launch Chrome browser</span>
      <div>
      </div>
                  </div>
                  <div class="step pass-bg">
                    <span>When User opens URL "https://dsportalapp.herokuapp.com/"</span>
      <div>
      </div>
                  </div>
                  <div class="step pass-bg">
                    <span>And Click on Get Started</span>
      <div>
      </div>
                  </div>
                  <div class="step pass-bg">
                    <span>Then Page Title should be "NumpyNinja"</span>
      <div>
      </div>
                  </div>
                  <div class="step pass-bg">
                    <span>When User click on Register link</span>
      <div>
      </div>
                  </div>
                  <div class="step pass-bg">
                    <span>Then Page Title should be "Registration"</span>
      <div>
      </div>
                  </div>
                  <div class="step pass-bg">
                    <span>When User enters Username as "Numpy@sdet84_1" , Password as "testsdet84" and Password confirmation as "testsdet84"</span>
      <div>
      </div>
                  </div>
                  <div class="step pass-bg">
                    <span>When The user clicks on Register button</span>
      <div>
      </div>
                  </div>
                  <div class="step fail-bg">
                    <span>Then It should display an error message "password cant be too similar to your other personal information."</span>
      <div>
        <textarea disabled class="code-block">java.lang.AssertionError: expected [password cant be too similar to your other personal information.] but found [password_mismatch:The two password fields didnt match.]
	at org.testng.Assert.fail(Assert.java:110)
	at org.testng.Assert.failNotEquals(Assert.java:1577)
	at org.testng.Assert.assertEqualsImpl(Assert.java:149)
	at org.testng.Assert.assertEquals(Assert.java:131)
	at org.testng.Assert.assertEquals(Assert.java:655)
	at org.testng.Assert.assertEquals(Assert.java:665)
	at com.numpyninja.cluelesscoders.stepdefinitions.Steps.it_should_display_an_error_message(Steps.java:185)
	at .It should display an error message "password cant be too similar to your other personal information."(file:///C:/Users/cnudr/git/dsAlgo/dsalgo-cucumber/./Features/registerPage.feature:65)
</textarea>
      
      </div>
                  </div>
                  <div class="step pass-bg">
                    <span>com.numpyninja.cluelesscoders.stepdefinitions.Steps.afterScenario(io.cucumber.java.Scenario)</span>
      <div>Check for Password similar to username
          <div class="row mb-3"><div class="col-md-3">
<img data-featherlight='../Screenshots/embedded4.png' src="../Screenshots/embedded4.png">
    
    </div></div>
</div>
      <div>
      </div>
                  </div>
              </div>
            </div>
        </div>
  </div>
  <div class="card">
    <div class="card-header" role="tab">
      <div class="card-title">
        <div class="node" id="483"><span class="badge log fail-bg mr-2">Fail</span>Check for error message for commonly used password</div>
          <div class="status-avatar float-right mr-4">
            <i class="fa fa-paperclip"></i>
          </div>
      </div>
    </div>
        <div class="scenario_outline ">
            <div class="card-body l1">
              <div class="card-header">
                <div class="card-title outline-child">
                  <div class="node" id="484"><span class="badge log fail-bg mr-2">Fail</span>Check for error message for commonly used password</div>
                    <div class="status-avatar float-right">
                      <i class="fa fa-paperclip"></i>
                    </div>
                </div>
              </div>
              <div class="card-body mt-3 ">
                  <div class="step pass-bg">
                    <span>Given User Launch Chrome browser</span>
      <div>
      </div>
                  </div>
                  <div class="step pass-bg">
                    <span>When User opens URL "https://dsportalapp.herokuapp.com/"</span>
      <div>
      </div>
                  </div>
                  <div class="step pass-bg">
                    <span>And Click on Get Started</span>
      <div>
      </div>
                  </div>
                  <div class="step pass-bg">
                    <span>Then Page Title should be "NumpyNinja"</span>
      <div>
      </div>
                  </div>
                  <div class="step pass-bg">
                    <span>When User click on Register link</span>
      <div>
      </div>
                  </div>
                  <div class="step pass-bg">
                    <span>Then Page Title should be "Registration"</span>
      <div>
      </div>
                  </div>
                  <div class="step pass-bg">
                    <span>When User enters Username as "Numpy@sdet84_1" , Password as "Welcome1" and Password confirmation as "Welcome1"</span>
      <div>
      </div>
                  </div>
                  <div class="step pass-bg">
                    <span>When The user clicks on Register button</span>
      <div>
      </div>
                  </div>
                  <div class="step fail-bg">
                    <span>Then It should display an error message "Password cant be commonly used password"</span>
      <div>
        <textarea disabled class="code-block">java.lang.AssertionError: expected [Password cant be commonly used password] but found [password_mismatch:The two password fields didnt match.]
	at org.testng.Assert.fail(Assert.java:110)
	at org.testng.Assert.failNotEquals(Assert.java:1577)
	at org.testng.Assert.assertEqualsImpl(Assert.java:149)
	at org.testng.Assert.assertEquals(Assert.java:131)
	at org.testng.Assert.assertEquals(Assert.java:655)
	at org.testng.Assert.assertEquals(Assert.java:665)
	at com.numpyninja.cluelesscoders.stepdefinitions.Steps.it_should_display_an_error_message(Steps.java:185)
	at .It should display an error message "Password cant be commonly used password"(file:///C:/Users/cnudr/git/dsAlgo/dsalgo-cucumber/./Features/registerPage.feature:81)
</textarea>
      
      </div>
                  </div>
                  <div class="step pass-bg">
                    <span>com.numpyninja.cluelesscoders.stepdefinitions.Steps.afterScenario(io.cucumber.java.Scenario)</span>
      <div>Check for error message for commonly used password
          <div class="row mb-3"><div class="col-md-3">
<img data-featherlight='../Screenshots/embedded5.png' src="../Screenshots/embedded5.png">
    
    </div></div>
</div>
      <div>
      </div>
                  </div>
              </div>
            </div>
        </div>
  </div>
  <div class="card">
    <div class="card-header" role="tab">
      <div class="card-title">
        <div class="node" id="486"><span class="badge log fail-bg mr-2">Fail</span>Check for error message for password with characters less than 8</div>
          <div class="status-avatar float-right mr-4">
            <i class="fa fa-paperclip"></i>
          </div>
      </div>
    </div>
        <div class="scenario_outline ">
            <div class="card-body l1">
              <div class="card-header">
                <div class="card-title outline-child">
                  <div class="node" id="487"><span class="badge log fail-bg mr-2">Fail</span>Check for error message for password with characters less than 8</div>
                    <div class="status-avatar float-right">
                      <i class="fa fa-paperclip"></i>
                    </div>
                </div>
              </div>
              <div class="card-body mt-3 ">
                  <div class="step pass-bg">
                    <span>Given User Launch Chrome browser</span>
      <div>
      </div>
                  </div>
                  <div class="step pass-bg">
                    <span>When User opens URL "https://dsportalapp.herokuapp.com/"</span>
      <div>
      </div>
                  </div>
                  <div class="step pass-bg">
                    <span>And Click on Get Started</span>
      <div>
      </div>
                  </div>
                  <div class="step pass-bg">
                    <span>Then Page Title should be "NumpyNinja"</span>
      <div>
      </div>
                  </div>
                  <div class="step pass-bg">
                    <span>When User click on Register link</span>
      <div>
      </div>
                  </div>
                  <div class="step pass-bg">
                    <span>Then Page Title should be "Registration"</span>
      <div>
      </div>
                  </div>
                  <div class="step pass-bg">
                    <span>When User enters Username as "Numpy@sdet84_1" , Password as "a1b2c3d" and Password confirmation as "a1b2c3d"</span>
      <div>
      </div>
                  </div>
                  <div class="step pass-bg">
                    <span>When The user clicks on Register button</span>
      <div>
      </div>
                  </div>
                  <div class="step fail-bg">
                    <span>Then It should display an error message "Password should contain at least 8 characters"</span>
      <div>
        <textarea disabled class="code-block">java.lang.AssertionError: expected [Password should contain at least 8 characters] but found [password_mismatch:The two password fields didnt match.]
	at org.testng.Assert.fail(Assert.java:110)
	at org.testng.Assert.failNotEquals(Assert.java:1577)
	at org.testng.Assert.assertEqualsImpl(Assert.java:149)
	at org.testng.Assert.assertEquals(Assert.java:131)
	at org.testng.Assert.assertEquals(Assert.java:655)
	at org.testng.Assert.assertEquals(Assert.java:665)
	at com.numpyninja.cluelesscoders.stepdefinitions.Steps.it_should_display_an_error_message(Steps.java:185)
	at .It should display an error message "Password should contain at least 8 characters"(file:///C:/Users/cnudr/git/dsAlgo/dsalgo-cucumber/./Features/registerPage.feature:97)
</textarea>
      
      </div>
                  </div>
                  <div class="step pass-bg">
                    <span>com.numpyninja.cluelesscoders.stepdefinitions.Steps.afterScenario(io.cucumber.java.Scenario)</span>
      <div>Check for error message for password with characters less than 8
          <div class="row mb-3"><div class="col-md-3">
<img data-featherlight='../Screenshots/embedded7.png' src="../Screenshots/embedded7.png">
    
    </div></div>
</div>
      <div>
      </div>
                  </div>
              </div>
            </div>
        </div>
  </div>
  <div class="card">
    <div class="card-header" role="tab">
      <div class="card-title">
        <div class="node" id="489"><span class="badge log fail-bg mr-2">Fail</span>The user is succesfully able to register</div>
          <div class="status-avatar float-right mr-4">
            <i class="fa fa-paperclip"></i>
          </div>
      </div>
    </div>
        <div class="scenario_outline ">
            <div class="card-body l1">
              <div class="card-header">
                <div class="card-title outline-child">
                  <div class="node" id="490"><span class="badge log fail-bg mr-2">Fail</span>The user is succesfully able to register</div>
                    <div class="status-avatar float-right">
                      <i class="fa fa-paperclip"></i>
                    </div>
                </div>
              </div>
              <div class="card-body mt-3 ">
                  <div class="step pass-bg">
                    <span>Given User Launch Chrome browser</span>
      <div>
      </div>
                  </div>
                  <div class="step pass-bg">
                    <span>When User opens URL "https://dsportalapp.herokuapp.com/"</span>
      <div>
      </div>
                  </div>
                  <div class="step pass-bg">
                    <span>And Click on Get Started</span>
      <div>
      </div>
                  </div>
                  <div class="step pass-bg">
                    <span>Then Page Title should be "NumpyNinja"</span>
      <div>
      </div>
                  </div>
                  <div class="step pass-bg">
                    <span>When User click on Register link</span>
      <div>
      </div>
                  </div>
                  <div class="step pass-bg">
                    <span>Then Page Title should be "Registration"</span>
      <div>
      </div>
                  </div>
                  <div class="step pass-bg">
                    <span>When User enters Username as "Siri1231" , Password as "test5678" and Password confirmation as "test5678"</span>
      <div>
      </div>
                  </div>
                  <div class="step pass-bg">
                    <span>When The user clicks on Register button</span>
      <div>
      </div>
                  </div>
                  <div class="step fail-bg">
                    <span>Then The user should be redirected to Homepage with the message "New Account Created. You are logged in as Siri1231"</span>
      <div>
        <textarea disabled class="code-block">java.lang.AssertionError: expected [New Account Created. You are logged in as Siri1231] but found [password_mismatch:The two password fields didnt match.]
	at org.testng.Assert.fail(Assert.java:110)
	at org.testng.Assert.failNotEquals(Assert.java:1577)
	at org.testng.Assert.assertEqualsImpl(Assert.java:149)
	at org.testng.Assert.assertEquals(Assert.java:131)
	at org.testng.Assert.assertEquals(Assert.java:655)
	at org.testng.Assert.assertEquals(Assert.java:665)
	at com.numpyninja.cluelesscoders.stepdefinitions.Steps.the_user_should_be_redirected_to_homepage_with_the_message(Steps.java:191)
	at .The user should be redirected to Homepage with the message "New Account Created. You are logged in as Siri1231"(file:///C:/Users/cnudr/git/dsAlgo/dsalgo-cucumber/./Features/registerPage.feature:114)
</textarea>
      
      </div>
                  </div>
                  <div class="step pass-bg">
                    <span>com.numpyninja.cluelesscoders.stepdefinitions.Steps.afterScenario(io.cucumber.java.Scenario)</span>
      <div>The user is succesfully able to register
          <div class="row mb-3"><div class="col-md-3">
<img data-featherlight='../Screenshots/embedded6.png' src="../Screenshots/embedded6.png">
    
    </div></div>
</div>
      <div>
      </div>
                  </div>
              </div>
            </div>
        </div>
  </div>
</div>
          </div>
        </li>
        <li class="test-item"  status="pass" test-id="536"
          author=""
          tag=""
          device="">
          <div class="test-detail">
            <p class="name">Testing the stack page of the Ds algo application</p>
            <p class="text-sm">
              <span>10:31:22 AM</span> / <span>00:00:19:771</span>
              <span class="badge pass-bg log float-right">Pass</span>
            </p>
          </div>
          <div class="test-contents d-none">
<div class="detail-head">
<div class="p-v-10">
<div class="info">
<h5 class="test-status text-pass">Testing the stack page of the Ds algo application</h5>
<span class='badge badge-success'>08.24.2023 10:31:22 AM</span>
<span class='badge badge-danger'>08.24.2023 10:31:42 AM</span>
<span class='badge badge-default'>00:00:19:771</span>
&middot; <span class='uri-anchor badge badge-default'>#test-id=536</span>
<span class='badge badge-default pointer float-right ml-1 et'><i class="fa fa-chevron-down"></i></span>
<span class='badge badge-default pointer float-right ct'><i class="fa fa-chevron-up"></i></span>
</div>
<div class="m-t-10 m-l-5"></div>
</div>
</div>
<div class="accordion mt-4">
  <div class="card">
    <div class="card-header" role="tab">
      <div class="card-title">
        <div class="node" id="537"><span class="badge log pass-bg mr-2">Pass</span>User is able to navigate to stack using dropdown option</div>
      </div>
    </div>
        <div class="scenario_outline collapse">
            <div class="card-body l1">
              <div class="card-header">
                <div class="card-title outline-child">
                  <div class="node" id="538"><span class="badge log pass-bg mr-2">Pass</span>User is able to navigate to stack using dropdown option</div>
                </div>
              </div>
              <div class="card-body mt-3 collapse">
                  <div class="step pass-bg">
                    <span>Given User Launch Chrome browser</span>
      <div>
      </div>
                  </div>
                  <div class="step pass-bg">
                    <span>When User opens URL "https://dsportalapp.herokuapp.com/"</span>
      <div>
      </div>
                  </div>
                  <div class="step pass-bg">
                    <span>And Click on Get Started</span>
      <div>
      </div>
                  </div>
                  <div class="step pass-bg">
                    <span>Then Page Title should be "NumpyNinja"</span>
      <div>
      </div>
                  </div>
                  <div class="step pass-bg">
                    <span>When User click on Sign in link</span>
      <div>
      </div>
                  </div>
                  <div class="step pass-bg">
                    <span>Then Page Title should be "Login"</span>
      <div>
      </div>
                  </div>
                  <div class="step pass-bg">
                    <span>When The user enter invalid "nehasaini09" and "cellphone_09"</span>
      <div>
      </div>
                  </div>
                  <div class="step pass-bg">
                    <span>Then The user click on login button</span>
      <div>
      </div>
                  </div>
                  <div class="step pass-bg">
                    <span>When User click on stack from the dropdown</span>
      <div>
      </div>
                  </div>
                  <div class="step pass-bg">
                    <span>Then Stack page is displayed</span>
      <div>
      </div>
                  </div>
                  <div class="step pass-bg">
                    <span>When User click on topics covered with "Operations in Stack,Implementation,Applications" links</span>
      <div>
      </div>
                  </div>
                  <div class="step pass-bg">
                    <span>And User click on try here button</span>
      <div>
      </div>
                  </div>
              </div>
            </div>
        </div>
  </div>
</div>
          </div>
        </li>
      </ul>
    </div>
  </div>
<div class="test-content scrollable">
<div class="test-content-tools">
<ul><li><a class="back-to-test" href="#"><i class="fa fa-arrow-left"></i></a></li></ul>
</div>
<div class="test-content-detail"><div class="detail-body"></div></div>
</div></div>
<div class="test-wrapper row view exception-view attributes-view">
<div class="test-list">
<div class="test-list-tools">
<ul class="tools pull-left"><li><a href=""><span class="font-size-14">Exception</span></a></li></ul>
<ul class="tools text-right"><li><a href="#"><span class="badge badge-primary">3</span></a></li></ul>
</div>
<div class="test-list-wrapper scrollable">
<ul class="test-list-item">
<li class="test-item">
<div class="test-detail">
<span class="meta">
<span class='badge log badge-danger'>3</span>
</span>
<p class="name">org.openqa.selenium.ElementNotInteractableException</p>
<p class="duration text-sm">3 tests</p>
</div>
<div class="test-contents d-none">
<div class="info">
<h4>org.openqa.selenium.ElementNotInteractableException</h4>
<span status="fail" class='badge log badge-danger'>3 failed</span>
</div>
<table class='table table-sm mt-4'>
<thead>
<tr>
<th class="status-col">Status</th>
<th class="timestamp-col">Timestamp</th>
<th>TestName</th>
</tr>
</thead>
<tbody>
<tr class="tag-test-status" status="fail">
<td><span class="badge log fail-bg">Fail</span></td>
<td>10:31:05 AM</td>
<td>
<a href="#" class="linked" test-id='319' id='414'>When User click on topics covered with "Arrays in Python,Arrays Using List,Basic Operations in Lists,Applications of Array" links</a>
<div class="">
<span class="badge badge-default">Testing the Linked list page of the Ds algo application.User is able to navigate to Array using dropdown option.When User click on topics covered with "Arrays in Python,Arrays Using List,Basic Operations in Lists,Applications of Array" links</span>
</div>
</td>
</tr>
<tr class="tag-test-status" status="fail">
<td><span class="badge log fail-bg">Fail</span></td>
<td>10:31:08 AM</td>
<td>
<a href="#" class="linked" test-id='319' id='431'>When User click on topics covered with "Implementation of Queue in Python,Implementation using collections.deque,Implementation using array,Queue Operations" links</a>
<div class="">
<span class="badge badge-default">Testing the Linked list page of the Ds algo application.User is able to navigate to Queue using dropdown option.When User click on topics covered with "Implementation of Queue in Python,Implementation using collections.deque,Implementation using array,Queue Operations" links</span>
</div>
</td>
</tr>
<tr class="tag-test-status" status="fail">
<td><span class="badge log fail-bg">Fail</span></td>
<td>10:31:12 AM</td>
<td>
<a href="#" class="linked" test-id='319' id='458'>When User click on topics covered with "Introduction,Creating Linked LIst,Types of Linked List,Implement Linked List in Python,Traversal,Insertion,Deletion" links</a>
<div class="">
<span class="badge badge-default">Testing the Linked list page of the Ds algo application.User is able to navigate to Linked list using dropdown option.When User click on topics covered with "Introduction,Creating Linked LIst,Types of Linked List,Implement Linked List in Python,Traversal,Insertion,Deletion" links</span>
</div>
</td>
</tr>
</tbody>
</table>
</div>
</li>
<li class="test-item">
<div class="test-detail">
<span class="meta">
<span class='badge log badge-danger'>5</span>
</span>
<p class="name">java.lang.AssertionError</p>
<p class="duration text-sm">5 tests</p>
</div>
<div class="test-contents d-none">
<div class="info">
<h4>java.lang.AssertionError</h4>
<span status="fail" class='badge log badge-danger'>5 failed</span>
</div>
<table class='table table-sm mt-4'>
<thead>
<tr>
<th class="status-col">Status</th>
<th class="timestamp-col">Timestamp</th>
<th>TestName</th>
</tr>
</thead>
<tbody>
<tr class="tag-test-status" status="fail">
<td><span class="badge log fail-bg">Fail</span></td>
<td>10:31:21 AM</td>
<td>
<a href="#" class="linked" test-id='370' id='524'>Then It should display an error message "password cant be too similar to your other personal information."</a>
<div class="">
<span class="badge badge-default">Register.Check for Password similar to username.Then It should display an error message "password cant be too similar to your other personal information."</span>
</div>
</td>
</tr>
<tr class="tag-test-status" status="fail">
<td><span class="badge log fail-bg">Fail</span></td>
<td>10:31:22 AM</td>
<td>
<a href="#" class="linked" test-id='370' id='543'>Then It should display an error message "Password cant be commonly used password"</a>
<div class="">
<span class="badge badge-default">Register.Check for error message for commonly used password.Then It should display an error message "Password cant be commonly used password"</span>
</div>
</td>
</tr>
<tr class="tag-test-status" status="fail">
<td><span class="badge log fail-bg">Fail</span></td>
<td>10:31:22 AM</td>
<td>
<a href="#" class="linked" test-id='370' id='542'>Then The user should be redirected to Homepage with the message "New Account Created. You are logged in as Siri1231"</a>
<div class="">
<span class="badge badge-default">Register.The user is succesfully able to register.Then The user should be redirected to Homepage with the message "New Account Created. You are logged in as Siri1231"</span>
</div>
</td>
</tr>
<tr class="tag-test-status" status="fail">
<td><span class="badge log fail-bg">Fail</span></td>
<td>10:31:23 AM</td>
<td>
<a href="#" class="linked" test-id='370' id='547'>Then It should display an error message "Password should contain at least 8 characters"</a>
<div class="">
<span class="badge badge-default">Register.Check for error message for password with characters less than 8.Then It should display an error message "Password should contain at least 8 characters"</span>
</div>
</td>
</tr>
<tr class="tag-test-status" status="fail">
<td><span class="badge log fail-bg">Fail</span></td>
<td>10:31:22 AM</td>
<td>
<a href="#" class="linked" test-id='370' id='544'>Then It should display an error message "Password cant be entirely numeric."</a>
<div class="">
<span class="badge badge-default">Register.Check for Password with only numbers.Then It should display an error message "Password cant be entirely numeric."</span>
</div>
</td>
</tr>
</tbody>
</table>
</div>
</li>
<li class="test-item">
<div class="test-detail">
<span class="meta">
<span class='badge log badge-danger'>16</span>
</span>
<p class="name">org.openqa.selenium.NoSuchSessionException</p>
<p class="duration text-sm">16 tests</p>
</div>
<div class="test-contents d-none">
<div class="info">
<h4>org.openqa.selenium.NoSuchSessionException</h4>
<span status="fail" class='badge log badge-danger'>16 failed</span>
</div>
<table class='table table-sm mt-4'>
<thead>
<tr>
<th class="status-col">Status</th>
<th class="timestamp-col">Timestamp</th>
<th>TestName</th>
</tr>
</thead>
<tbody>
<tr class="tag-test-status" status="fail">
<td><span class="badge log fail-bg">Fail</span></td>
<td>10:30:26 AM</td>
<td>
<a href="#" class="linked" test-id='1' id='125'>com.numpyninja.cluelesscoders.stepdefinitions.Steps.afterScenario(io.cucumber.java.Scenario)</a>
<div class="">
<span class="badge badge-default">Home.Click on DataStructure DropDown without login.com.numpyninja.cluelesscoders.stepdefinitions.Steps.afterScenario(io.cucumber.java.Scenario)</span>
</div>
</td>
</tr>
<tr class="tag-test-status" status="fail">
<td><span class="badge log fail-bg">Fail</span></td>
<td>10:30:26 AM</td>
<td>
<a href="#" class="linked" test-id='1' id='127'>com.numpyninja.cluelesscoders.stepdefinitions.Steps.afterScenario(io.cucumber.java.Scenario)</a>
<div class="">
<span class="badge badge-default">Home.Click on DataStructure DropDown without login.com.numpyninja.cluelesscoders.stepdefinitions.Steps.afterScenario(io.cucumber.java.Scenario)</span>
</div>
</td>
</tr>
<tr class="tag-test-status" status="fail">
<td><span class="badge log fail-bg">Fail</span></td>
<td>10:30:26 AM</td>
<td>
<a href="#" class="linked" test-id='1' id='132'>com.numpyninja.cluelesscoders.stepdefinitions.Steps.afterScenario(io.cucumber.java.Scenario)</a>
<div class="">
<span class="badge badge-default">Home.Click on DataStructure DropDown without login.com.numpyninja.cluelesscoders.stepdefinitions.Steps.afterScenario(io.cucumber.java.Scenario)</span>
</div>
</td>
</tr>
<tr class="tag-test-status" status="fail">
<td><span class="badge log fail-bg">Fail</span></td>
<td>10:30:28 AM</td>
<td>
<a href="#" class="linked" test-id='9' id='141'>com.numpyninja.cluelesscoders.stepdefinitions.Steps.afterScenario(io.cucumber.java.Scenario)</a>
<div class="">
<span class="badge badge-default">Testing Data Structure page of the DS algo application.The user is able to navigate to Data Structure introduction page.com.numpyninja.cluelesscoders.stepdefinitions.Steps.afterScenario(io.cucumber.java.Scenario)</span>
</div>
</td>
</tr>
<tr class="tag-test-status" status="fail">
<td><span class="badge log fail-bg">Fail</span></td>
<td>10:30:36 AM</td>
<td>
<a href="#" class="linked" test-id='1' id='197'>com.numpyninja.cluelesscoders.stepdefinitions.Steps.afterScenario(io.cucumber.java.Scenario)</a>
<div class="">
<span class="badge badge-default">Home.Click on DataStructure DropDown without login.com.numpyninja.cluelesscoders.stepdefinitions.Steps.afterScenario(io.cucumber.java.Scenario)</span>
</div>
</td>
</tr>
<tr class="tag-test-status" status="fail">
<td><span class="badge log fail-bg">Fail</span></td>
<td>10:30:36 AM</td>
<td>
<a href="#" class="linked" test-id='1' id='200'>com.numpyninja.cluelesscoders.stepdefinitions.Steps.afterScenario(io.cucumber.java.Scenario)</a>
<div class="">
<span class="badge badge-default">Home.Click on DataStructure DropDown without login.com.numpyninja.cluelesscoders.stepdefinitions.Steps.afterScenario(io.cucumber.java.Scenario)</span>
</div>
</td>
</tr>
<tr class="tag-test-status" status="fail">
<td><span class="badge log fail-bg">Fail</span></td>
<td>10:30:36 AM</td>
<td>
<a href="#" class="linked" test-id='17' id='201'>com.numpyninja.cluelesscoders.stepdefinitions.Steps.afterScenario(io.cucumber.java.Scenario)</a>
<div class="">
<span class="badge badge-default">Testing Data Structure data driven page of the DS algo application.The user is able run valid code in tryEditor for Time Complexity page.com.numpyninja.cluelesscoders.stepdefinitions.Steps.afterScenario(io.cucumber.java.Scenario)</span>
</div>
</td>
</tr>
<tr class="tag-test-status" status="fail">
<td><span class="badge log fail-bg">Fail</span></td>
<td>10:30:36 AM</td>
<td>
<a href="#" class="linked" test-id='1' id='205'>com.numpyninja.cluelesscoders.stepdefinitions.Steps.afterScenario(io.cucumber.java.Scenario)</a>
<div class="">
<span class="badge badge-default">Home.Click on Get Started of Each DataStructure Section without login.com.numpyninja.cluelesscoders.stepdefinitions.Steps.afterScenario(io.cucumber.java.Scenario)</span>
</div>
</td>
</tr>
<tr class="tag-test-status" status="fail">
<td><span class="badge log fail-bg">Fail</span></td>
<td>10:30:37 AM</td>
<td>
<a href="#" class="linked" test-id='1' id='213'>com.numpyninja.cluelesscoders.stepdefinitions.Steps.afterScenario(io.cucumber.java.Scenario)</a>
<div class="">
<span class="badge badge-default">Home.Click on Get Started of Each DataStructure Section without login.com.numpyninja.cluelesscoders.stepdefinitions.Steps.afterScenario(io.cucumber.java.Scenario)</span>
</div>
</td>
</tr>
<tr class="tag-test-status" status="fail">
<td><span class="badge log fail-bg">Fail</span></td>
<td>10:30:38 AM</td>
<td>
<a href="#" class="linked" test-id='1' id='217'>com.numpyninja.cluelesscoders.stepdefinitions.Steps.afterScenario(io.cucumber.java.Scenario)</a>
<div class="">
<span class="badge badge-default">Home.Click on Get Started of Each DataStructure Section without login.com.numpyninja.cluelesscoders.stepdefinitions.Steps.afterScenario(io.cucumber.java.Scenario)</span>
</div>
</td>
</tr>
<tr class="tag-test-status" status="fail">
<td><span class="badge log fail-bg">Fail</span></td>
<td>10:30:42 AM</td>
<td>
<a href="#" class="linked" test-id='1' id='238'>com.numpyninja.cluelesscoders.stepdefinitions.Steps.afterScenario(io.cucumber.java.Scenario)</a>
<div class="">
<span class="badge badge-default">Home.Click on DataStructure DropDown without login.com.numpyninja.cluelesscoders.stepdefinitions.Steps.afterScenario(io.cucumber.java.Scenario)</span>
</div>
</td>
</tr>
<tr class="tag-test-status" status="fail">
<td><span class="badge log fail-bg">Fail</span></td>
<td>10:30:45 AM</td>
<td>
<a href="#" class="linked" test-id='1' id='262'>com.numpyninja.cluelesscoders.stepdefinitions.Steps.afterScenario(io.cucumber.java.Scenario)</a>
<div class="">
<span class="badge badge-default">Home.Click on Get Started of Each DataStructure Section without login.com.numpyninja.cluelesscoders.stepdefinitions.Steps.afterScenario(io.cucumber.java.Scenario)</span>
</div>
</td>
</tr>
<tr class="tag-test-status" status="fail">
<td><span class="badge log fail-bg">Fail</span></td>
<td>10:30:52 AM</td>
<td>
<a href="#" class="linked" test-id='202' id='315'>com.numpyninja.cluelesscoders.stepdefinitions.Steps.afterScenario(io.cucumber.java.Scenario)</a>
<div class="">
<span class="badge badge-default">Testing Signin page of the DS algo application.Verifying signout link.com.numpyninja.cluelesscoders.stepdefinitions.Steps.afterScenario(io.cucumber.java.Scenario)</span>
</div>
</td>
</tr>
<tr class="tag-test-status" status="fail">
<td><span class="badge log fail-bg">Fail</span></td>
<td>10:30:53 AM</td>
<td>
<a href="#" class="linked" test-id='1' id='327'>com.numpyninja.cluelesscoders.stepdefinitions.Steps.afterScenario(io.cucumber.java.Scenario)</a>
<div class="">
<span class="badge badge-default">Home.Click on Get Started of Each DataStructure Section without login.com.numpyninja.cluelesscoders.stepdefinitions.Steps.afterScenario(io.cucumber.java.Scenario)</span>
</div>
</td>
</tr>
<tr class="tag-test-status" status="fail">
<td><span class="badge log fail-bg">Fail</span></td>
<td>10:30:54 AM</td>
<td>
<a href="#" class="linked" test-id='1' id='331'>com.numpyninja.cluelesscoders.stepdefinitions.Steps.afterScenario(io.cucumber.java.Scenario)</a>
<div class="">
<span class="badge badge-default">Home.Click on Get Started of Each DataStructure Section without login.com.numpyninja.cluelesscoders.stepdefinitions.Steps.afterScenario(io.cucumber.java.Scenario)</span>
</div>
</td>
</tr>
<tr class="tag-test-status" status="fail">
<td><span class="badge log fail-bg">Fail</span></td>
<td>10:31:01 AM</td>
<td>
<a href="#" class="linked" test-id='1' id='390'>com.numpyninja.cluelesscoders.stepdefinitions.Steps.afterScenario(io.cucumber.java.Scenario)</a>
<div class="">
<span class="badge badge-default">Home.Click on Get Started of Each DataStructure Section without login.com.numpyninja.cluelesscoders.stepdefinitions.Steps.afterScenario(io.cucumber.java.Scenario)</span>
</div>
</td>
</tr>
</tbody>
</table>
</div>
</li>
</ul>
</div>
</div>
<div class="test-content scrollable">
<div class="test-content-detail">
<div class="detail-body"></div>
</div>
</div>
</div>        </div>
      </div>
    </div>
  </div>
<script src="https://cdn.jsdelivr.net/gh/extent-framework/extent-github-cdn@d6562a79075e061305ccfdb82f01e5e195e2d307/spark/js/spark-script.js"></script>
<script type="text/javascript"></script></body>
</html>